n=11993   tmax=1434079.750000

df[0]=3.256550e-07 (0.598779 +- 0.005988) (4.474339e-06, 4.472389e-06)
df[1]=2.640266e-05 (0.066565 +- 0.000666) (4.482129e-06, 4.464554e-06)
df[2]=1.317201e-04 (0.000681 +- 0.000007) (4.473812e-06, 4.472915e-06)
df[3]=3.651292e-04 (0.003124 +- 0.000031) (4.479057e-06, 4.467649e-06)
df[4]=-1.418405e-11 (49997.960000 +- 499.979600) (4.469820e-06, 4.476912e-06)
df[5]=-1.311213e-11 (-367227.955000 +- 3672.279550) (4.449323e-06, 4.497474e-06)
***     0 [ 0.5987787 0.0665646 0.0006810 0.0031243 49997.9600000 -367227.9550000 ] Q=4.473364e-06

df[0]=3.259348e-07 (0.598779 +- 0.005988) (4.470444e-06, 4.468492e-06)
df[1]=2.641136e-05 (0.066564 +- 0.000666) (4.478236e-06, 4.460655e-06)
df[2]=1.323278e-04 (0.000678 +- 0.000007) (4.469915e-06, 4.469019e-06)
df[3]=3.660992e-04 (0.003115 +- 0.000031) (4.475158e-06, 4.463754e-06)
df[4]=-1.417147e-11 (49997.960000 +- 499.979600) (4.465927e-06, 4.473013e-06)
df[5]=-1.309470e-11 (-367227.955000 +- 3672.279550) (4.445458e-06, 4.493546e-06)
***     1 [ 0.5987787 0.0665639 0.0006776 0.0031150 49997.9600000 -367227.9550000 ] Q=4.469468e-06

df[0]=3.264850e-07 (0.598779 +- 0.005988) (4.462620e-06, 4.460665e-06)
df[1]=2.642894e-05 (0.066563 +- 0.000666) (4.470415e-06, 4.452823e-06)
df[2]=1.335566e-04 (0.000671 +- 0.000007) (4.462089e-06, 4.461193e-06)
df[3]=3.680573e-04 (0.003096 +- 0.000031) (4.467328e-06, 4.455933e-06)
df[4]=-1.414638e-11 (49997.960000 +- 499.979600) (4.458108e-06, 4.465181e-06)
df[5]=-1.305976e-11 (-367227.955000 +- 3672.279550) (4.437696e-06, 4.485656e-06)
***     2 [ 0.5987787 0.0665626 0.0006708 0.0030962 49997.9600000 -367227.9550000 ] Q=4.461642e-06

df[0]=3.275450e-07 (0.598779 +- 0.005988) (4.446834e-06, 4.444873e-06)
df[1]=2.646481e-05 (0.066560 +- 0.000666) (4.454638e-06, 4.437023e-06)
df[2]=1.360686e-04 (0.000657 +- 0.000007) (4.446300e-06, 4.445405e-06)
df[3]=3.720475e-04 (0.003059 +- 0.000031) (4.451532e-06, 4.440152e-06)
df[4]=-1.409656e-11 (49997.960000 +- 499.979600) (4.442331e-06, 4.449379e-06)
df[5]=-1.298956e-11 (-367227.955000 +- 3672.279550) (4.422036e-06, 4.469738e-06)
***     3 [ 0.5987786 0.0665599 0.0006573 0.0030586 49997.9600000 -367227.9550000 ] Q=4.445853e-06

df[0]=3.294873e-07 (0.598779 +- 0.005988) (4.414699e-06, 4.412726e-06)
df[1]=2.653942e-05 (0.066554 +- 0.000666) (4.422521e-06, 4.404858e-06)
df[2]=1.413204e-04 (0.000630 +- 0.000006) (4.414157e-06, 4.413266e-06)
df[3]=3.803356e-04 (0.002984 +- 0.000030) (4.419374e-06, 4.408027e-06)
df[4]=-1.399834e-11 (49997.960000 +- 499.979600) (4.410215e-06, 4.417214e-06)
df[5]=-1.284783e-11 (-367227.955000 +- 3672.279550) (4.390155e-06, 4.437336e-06)
***     4 [ 0.5987786 0.0665544 0.0006302 0.0029836 49997.9600000 -367227.9550000 ] Q=4.413712e-06

df[0]=3.325084e-07 (0.598778 +- 0.005988) (4.348027e-06, 4.346036e-06)
df[1]=2.670029e-05 (0.066544 +- 0.000665) (4.355891e-06, 4.338124e-06)
df[2]=1.528260e-04 (0.000576 +- 0.000006) (4.347470e-06, 4.346590e-06)
df[3]=3.982493e-04 (0.002833 +- 0.000028) (4.352661e-06, 4.341377e-06)
df[4]=-1.380810e-11 (49997.960000 +- 499.979600) (4.343581e-06, 4.350485e-06)
df[5]=-1.255871e-11 (-367227.955000 +- 3672.279550) (4.324003e-06, 4.370122e-06)
***     5 [ 0.5987784 0.0665436 0.0005760 0.0028334 49997.9600000 -367227.9550000 ] Q=4.347030e-06

df[0]=3.333895e-07 (0.598778 +- 0.005988) (4.203742e-06, 4.201745e-06)
df[1]=2.706969e-05 (0.066522 +- 0.000665) (4.211722e-06, 4.193715e-06)
df[2]=1.806827e-04 (0.000468 +- 0.000005) (4.203164e-06, 4.202319e-06)
df[3]=4.404559e-04 (0.002533 +- 0.000025) (4.208309e-06, 4.197152e-06)
df[4]=-1.345720e-11 (49997.960000 +- 499.979600) (4.199380e-06, 4.206108e-06)
df[5]=-1.195480e-11 (-367227.955000 +- 3672.279550) (4.180821e-06, 4.224723e-06)
***     6 [ 0.5987782 0.0665219 0.0004677 0.0025331 49997.9600000 -367227.9550000 ] Q=4.202742e-06

df[0]=2.843634e-07 (0.598778 +- 0.005988) (3.856914e-06, 3.855211e-06)
df[1]=2.800395e-05 (0.066478 +- 0.000665) (3.865343e-06, 3.846726e-06)
df[2]=2.614850e-04 (0.000251 +- 0.000003) (3.856387e-06, 3.855730e-06)
df[3]=5.631784e-04 (0.001932 +- 0.000019) (3.861489e-06, 3.850606e-06)
df[4]=-1.292383e-11 (49997.960000 +- 499.979600) (3.852830e-06, 3.859291e-06)
df[5]=-1.060956e-11 (-367227.955000 +- 3672.279550) (3.836603e-06, 3.875564e-06)
***     7 [ 0.5987776 0.0664784 0.0002510 0.0019325 49997.9600000 -367227.9550000 ] Q=3.856059e-06

df[0]=2.843634e-07 (0.598778 +- 0.005988) (3.856914e-06, 3.855211e-06)
df[1]=2.800395e-05 (0.066478 +- 0.000665) (3.865343e-06, 3.846726e-06)
df[2]=2.614850e-04 (0.000251 +- 0.000003) (3.856387e-06, 3.855730e-06)
df[3]=5.631784e-04 (0.001932 +- 0.000019) (3.861489e-06, 3.850606e-06)
df[4]=-1.292383e-11 (49997.960000 +- 499.979600) (3.852830e-06, 3.859291e-06)
df[5]=-1.060956e-11 (-367227.955000 +- 3672.279550) (3.836603e-06, 3.875564e-06)
