[1] "2-NO2C6H4N2+_TfO-_80_Nitrogen_8-22-16"
[2] "0.0033424"                            
[3] "22.0"                                 
[4] "-386.0"                               
[5] "0.0055"                               
[6] "0.00055"                              
[7] "0.001243"                             
[8] "0.0001243"                            
[9] "Deconvolution-Kinetic-Sequential.R0"  
[1] "Nelder-Mead Opt 30000"
[1] "Result: "
[1]  5.299857e-05  1.241137e-02  4.162640e+01  1.044502e-02  1.523219e+01
[6] -4.245809e+02
[1] " N: 1"
[1] "Quality: 11720 0.000000"
[1] 4.060793e-08
[1] "SANN Opt 50000"
[1] "Result: "
[1]  1.402901e+00  2.012201e-03  1.057992e+00  9.187847e-02  8.981448e+00
[6] -3.699954e+02
[1] " N: 1"
[1] "Quality: 11720 0.000000"
[1] 1.256407e-07
null device 
          1 
