[1] "2-NO2C6H4N2+_TfO-_75_Nitrogen_12-20-16"
[2] "0.0033424"                             
[3] "22.0"                                  
[4] "-414.0"                                
[5] "0.0026"                                
[6] "0.00026"                               
[7] "0.001128"                              
[8] "0.0001128"                             
[9] "Deconvolution-Kinetic-Sequential.R0"   
[1] "Nelder-Mead Opt 30000"
[1] "Result: "
[1]  9.838210e-01  7.673343e-02  7.263796e-04  1.580044e-03  2.209046e+01
[6] -4.580509e+02
[1] " N: 1"
[1] "Quality: 11939 0.000000"
[1] 1.816133e-09
[1] "SANN Opt 50000"
[1] "Result: "
[1]  6.257686e-01 -4.547694e-05  2.678868e+00 -4.479159e+00  1.986691e+01
[6] -4.229396e+02
[1] " N: 1"
[1] "Quality: 11939 0.000000"
[1] 3.629879e-08
null device 
          1 
