[1] "4-CH3OC6H4N2+_TfO-_80_Nitrogen_2-15-16"
[2] "0.0035185"                             
[3] "29.1"                                  
[4] "-183.2"                                
[5] "0.0440"                                
[6] "0.00440"                               
[7] "0.000113"                              
[8] "0.0000113"                             
[9] "Deconvolution-Kinetic-Sequential.R0"   
[1] "Nelder-Mead Opt 30000"
[1] "Result: "
[1]  4.342017e-02  4.392410e-01  4.054423e+01  1.109325e-04  2.472969e+01
[6] -2.081065e+02
[1] " N: 1"
[1] "Quality: 11898 0.000000"
[1] 6.661491e-08
[1] "SANN Opt 50000"
[1] "Result: "
[1]  4.450020e-01  9.675732e-02  2.794308e+00  2.566464e-03  3.214267e+01
[6] -1.698056e+02
[1] " N: 1"
[1] "Quality: 11898 0.000000"
[1] 3.759924e-07
null device 
          1 
