[1] "2-NO2C6H4N2+_TfO-_75_Nitrogen_12-20-16"
[2] "0.0033424"                             
[3] "22.0"                                  
[4] "-414.0"                                
[5] "0.0026"                                
[6] "0.00026"                               
[7] "0.001128"                              
[8] "0.0001128"                             
[9] "Deconvolution-Kinetic-Concurent.R0"    
[1] "Nelder-Mead Opt 30000"
[1] "Result: "
[1] -2.745822e-02  2.323728e-05  1.691244e-02  1.827829e+00  5.665907e+01
[6] -3.503890e+02
[1] " N: 1"
[1] "Quality: 11939 0.000000"
[1] 2.637392e-09
[1] "SANN Opt 50000"
[1] "Result: "
[1]  2.380695e-01  3.333743e-05  5.043006e+00  7.341390e+00  1.505621e+01
[6] -3.466504e+02
[1] " N: 1"
[1] "Quality: 11939 0.000000"
[1] 2.970031e-08
null device 
          1 
