[1] "2-NO2C6H4N2+_TfO-_85_Nitrogen_7-1-16"
[2] "0.0033424"                           
[3] "22.0"                                
[4] "-396.0"                              
[5] "0.0076"                              
[6] "0.00076"                             
[7] "0.001461"                            
[8] "0.0001461"                           
[9] "Deconvolution-Kinetic-Concurent.R0"  
[1] "Nelder-Mead Opt 30000"
[1] "Result: "
[1]  1.159428e-03  3.437306e-06  1.654806e+02  4.408840e+01  1.295906e+01
[6] -5.053065e+02
[1] " N: 1"
[1] "Quality: 11971 0.000000"
[1] 1.010985e-07
[1] "SANN Opt 50000"
[1] "Result: "
[1]  1.839941e+00 -2.990051e-02  8.862633e-01 -5.192288e-03  2.352776e+01
[6] -4.761536e+02
[1] " N: 1"
[1] "Quality: 11971 0.000000"
[1] 1.664426e-07
null device 
          1 
