[1] "2-NO2C6H4N2+_TfO-_80_Nitrogen_8-22-16"
[2] "0.0033424"                            
[3] "22.0"                                 
[4] "-386.0"                               
[5] "0.0055"                               
[6] "0.00055"                              
[7] "0.001243"                             
[8] "0.0001243"                            
[9] "Deconvolution-Kinetic-Concurent.R0"   
[1] "Nelder-Mead Opt 30000"
[1] "Result: "
[1]  1.784172e-04  1.296813e-02  4.283062e+00  1.159378e-02  8.899164e+01
[6] -5.325696e+02
[1] " N: 1"
[1] "Quality: 11720 0.000000"
[1] 7.53328e-09
[1] "SANN Opt 50000"
[1] "Result: "
[1]   -0.01665256   -0.10215183    0.03293134    5.58881313   39.53149562
[6] -372.15793806
[1] " N: 1"
[1] "Quality: 11720 0.000000"
[1] 9.680476e-08
null device 
          1 
