[1] "4-CH3OC6H4N2+_TfO-_80_Nitrogen_2-15-16"
[2] "0.0035185"                             
[3] "29.1"                                  
[4] "-183.2"                                
[5] "0.0440"                                
[6] "0.00440"                               
[7] "0.000113"                              
[8] "0.0000113"                             
[9] "Deconvolution-Kinetic-Concurent.R0"    
[1] "Nelder-Mead Opt 30000"
[1] "Result: "
[1]  8.182341e-02  4.384113e-01  2.133304e+01  1.115306e-04  2.616667e+01
[6] -1.837152e+02
[1] " N: 1"
[1] "Quality: 11898 0.000000"
[1] 6.661124e-08
[1] "SANN Opt 50000"
[1] "Result: "
[1] -1.931229e+00  1.874383e-01 -3.433020e-01  1.346394e-03  6.923537e+00
[6] -1.077954e+02
[1] " N: 1"
[1] "Quality: 11898 0.000000"
[1] 4.277527e-07
null device 
          1 
