[1] "4-CH3OC6H4N2+_TfO-_85_Nitrogen_1-12-16"
[2] "0.0035185"                             
[3] "29.1"                                  
[4] "-106.0"                                
[5] "0.1280"                                
[6] "0.01280"                               
[7] "0.000238"                              
[8] "0.0000238"                             
[9] "Deconvolution-Kinetic-Concurent.R0"    
[1] "Nelder-Mead Opt 30000"
[1] "Result: "
[1]  8.401111e-04  7.191422e-01  7.611943e+00  3.290565e-04  1.601662e+01
[6] -9.760283e+01
[1] " N: 1"
[1] "Quality: 11835 0.000000"
[1] 2.180608e-07
[1] "SANN Opt 50000"
[1] "Result: "
[1]   -0.06304303   -0.99753856    0.01955014   -1.69430525   18.07999808
[6] -120.19066060
[1] " N: 1"
[1] "Quality: 11835 0.000001"
[1] 5.79011e-07
null device 
          1 
