[1] "4-CH3OC6H4N2+_TfO-_75_Nitrogen_12-25-15"
[2] "0.0035185"                              
[3] "29.1"                                   
[4] "-183.1"                                 
[5] "0.0210"                                 
[6] "0.00210"                                
[7] "0.000109"                               
[8] "0.0000109"                              
[9] "Deconvolution-Kinetic-Concurent.R0"     
[1] "Nelder-Mead Opt 30000"
[1] "Result: "
[1]  2.519522e+01  1.315523e-01  8.615810e-05  2.417674e-04  4.225488e+01
[6] -2.641529e+02
[1] " N: 1"
[1] "Quality: 7475 0.000000"
[1] 7.25189e-09
[1] "SANN Opt 50000"
[1] "Result: "
[1]  -0.01102952  -4.93963306   0.06413708  -0.25107027  23.88123573
[6] -93.37036405
[1] " N: 1"
[1] "Quality: 7475 0.000001"
[1] 5.870059e-07
null device 
          1 
