[1] "2-NO2C6H4N2+_TfO-_75_Nitrogen_12-20-16"
[2] "0.0033424"                             
[3] "22.0"                                  
[4] "-414.0"                                
[5] "0.0026"                                
[6] "0.00026"                               
[7] "0.001128"                              
[8] "0.0001128"                             
[9] "Deconvolution-Kinetic-Sequential.R0"   
[1] "Nelder-Mead Opt 30000"
[1] "Result: "
[1]    0.8945553    1.0191727    0.7285358    0.5584867   21.6761706
[6] -438.9090856
[1] " N: 1"
[1] "Quality: 11939 0.000000"
[1] 1.465131e-07
[1] "SANN Opt 50000"
[1] "Result: "
[1]   -0.01045799    0.07465669    0.07304656   16.41983260   19.34546954
[6] -446.55257648
[1] " N: 1"
[1] "Quality: 11939 0.000000"
[1] 2.09599e-08
null device 
          1 
