[1] "2-NO2C6H4N2+_TfO-_80_Nitrogen_8-22-16"
[2] "0.0033424"                            
[3] "22.0"                                 
[4] "-386.0"                               
[5] "0.0055"                               
[6] "0.00055"                              
[7] "0.001243"                             
[8] "0.0001243"                            
[9] "Deconvolution-Kinetic-Sequential.R0"  
[1] "Nelder-Mead Opt 30000"
[1] "Result: "
[1]  2.471079e-05  7.886610e-03  3.846964e+01  1.607349e-02  2.259754e+01
[6] -3.944512e+02
[1] " N: 1"
[1] "Quality: 11720 0.000000"
[1] 7.595342e-08
[1] "SANN Opt 50000"
[1] "Result: "
[1]  1.232123e-01 -4.948269e-05  5.086335e+00 -1.813970e+00  1.883416e+01
[6] -3.770868e+02
[1] " N: 1"
[1] "Quality: 11720 0.000000"
[1] 1.519478e-07
null device 
          1 
