[1] "2-NO2C6H4N2+_TfO-_85_Nitrogen_7-1-16"
[2] "0.0033424"                           
[3] "22.0"                                
[4] "-396.0"                              
[5] "0.0076"                              
[6] "0.00076"                             
[7] "0.001461"                            
[8] "0.0001461"                           
[9] "Deconvolution-Kinetic-Sequential.R0" 
[1] "Nelder-Mead Opt 30000"
[1] "Result: "
[1]    0.01116401    0.10071127   18.07027343    0.00141824  -30.49662019
[6] -296.09764449
[1] " N: 1"
[1] "Quality: 11971 0.000000"
[1] 7.97804e-08
[1] "SANN Opt 50000"
[1] "Result: "
[1] -1.091548e+01  7.179875e-06  8.668076e-02  2.414848e+01  1.867469e+01
[6] -3.935798e+02
[1] " N: 1"
[1] "Quality: 11971 0.000000"
[1] 1.547891e-07
null device 
          1 
