[1] "4-CH3OC6H4N2+_TfO-_80_Nitrogen_2-15-16"
[2] "0.0035185"                             
[3] "29.1"                                  
[4] "-183.2"                                
[5] "0.0440"                                
[6] "0.00440"                               
[7] "0.000113"                              
[8] "0.0000113"                             
[9] "Deconvolution-Kinetic-Sequential.R0"   
[1] "Nelder-Mead Opt 30000"
[1] "Result: "
[1]  6.223540e-02  4.383461e-01  2.797659e+01  1.115711e-04  2.964153e+01
[6] -2.133650e+02
[1] " N: 1"
[1] "Quality: 11898 0.000000"
[1] 6.661122e-08
[1] "SANN Opt 50000"
[1] "Result: "
[1] -8.723969e-04 -8.972912e+00 -2.804944e-01  1.115638e-01  1.161677e+01
[6] -1.946936e+02
[1] " N: 1"
[1] "Quality: 11898 0.000000"
[1] 4.322178e-07
null device 
          1 
