[1] "4-CH3OC6H4N2+_TfO-_75_Nitrogen_12-25-15"
[2] "0.0035185"                              
[3] "29.1"                                   
[4] "-183.1"                                 
[5] "0.0210"                                 
[6] "0.00210"                                
[7] "0.000109"                               
[8] "0.0000109"                              
[9] "Deconvolution-Kinetic-Sequential.R0"    
[1] "Nelder-Mead Opt 30000"
[1] "Result: "
[1]  2.527550e+01  1.107108e-01  6.573825e-04  4.039706e-04 -9.870400e+01
[6] -1.946068e+02
[1] " N: 1"
[1] "Quality: 7475 0.000000"
[1] 5.843617e-09
[1] "SANN Opt 50000"
[1] "Result: "
[1]  1.447190e-01  6.787992e-03  3.925881e+00  2.493584e-02 -9.516604e+00
[6] -1.829571e+02
[1] " N: 1"
[1] "Quality: 7475 0.000000"
[1] 3.771625e-07
null device 
          1 
