[1] "4-CH3OC6H4N2+_TfO-_85_Nitrogen_1-12-16"
[2] "0.0035185"                             
[3] "29.1"                                  
[4] "-106.0"                                
[5] "0.1280"                                
[6] "0.01280"                               
[7] "0.000238"                              
[8] "0.0000238"                             
[9] "Deconvolution-Kinetic-Sequential.R0"   
[1] "Nelder-Mead Opt 30000"
[1] "Result: "
[1]  3.767194e-02  7.390249e-01  2.905274e+01  2.392651e-04  1.312668e+01
[6] -1.194273e+02
[1] " N: 1"
[1] "Quality: 11835 0.000000"
[1] 3.233699e-07
[1] "SANN Opt 50000"
[1] "Result: "
[1]  -0.029059339   0.267356939  23.807197759   0.001168835  17.853389831
[6] -96.762802240
[1] " N: 1"
[1] "Quality: 11835 0.000001"
[1] 7.672211e-07
null device 
          1 
