[1] "2-NO2C6H4N2+_TfO-_85_Nitrogen_7-1-16"
[2] "0.0033424"                           
[3] "2.812087e+01"                        
[4] "-4.259087e+02"                       
[5] "9.342798e-01"                        
[6] "6.351878e-02"                        
[7] "7.149883e-04"                        
[8] "2.537486e-03"                        
[9] "Deconvolution-Kinetic-Concurent.R0"  
[1] "Nelder-Mead Opt 30000"
[1] "Result: "
[1]  9.517302e-01  6.082161e-02  7.086062e-04  2.740960e-03  3.269793e+01
[6] -4.540374e+02
[1] " N: 1"
[1] "Quality: 11971 0.000000"
[1] 1.2998e-08
[1] "SANN Opt 50000"
[1] "Result: "
[1]  8.992905e-01  6.445591e-02  6.865221e-04  2.410914e-03  2.762339e+01
[6] -4.264372e+02
[1] " N: 1"
[1] "Quality: 11971 0.000000"
[1] 2.063245e-08
null device 
          1 
