[1] "2-NO2C6H4N2+_TfO-_80_Nitrogen_8-22-16"
[2] "0.0033424"                            
[3] "5.617100e+01"                         
[4] "-5.071608e+02"                        
[5] "5.138825e-01"                         
[6] "3.294921e-03"                         
[7] "1.169264e-03"                         
[8] "4.203698e-02"                         
[9] "Deconvolution-Kinetic-Concurent.R0"   
[1] "Nelder-Mead Opt 30000"
[1] "Result: "
[1]  4.046163e-01  3.287048e-03  1.698085e-03  4.265917e-02  6.116990e+01
[6] -5.338475e+02
[1] " N: 1"
[1] "Quality: 11720 0.000000"
[1] 2.85125e-09
[1] "SANN Opt 50000"
[1] "Result: "
[1]  5.231143e-01  3.138009e-03  1.209111e-03  4.117381e-02  5.352031e+01
[6] -5.287023e+02
[1] " N: 1"
[1] "Quality: 11720 0.000000"
[1] 4.889376e-09
null device 
          1 
