[1] "2-NO2C6H4N2+_TfO-_75_Nitrogen_12-20-16"
[2] "0.0033424"                             
[3] "4.987779e+01"                          
[4] "-4.927423e+02"                         
[5] "5.127006e-01"                          
[6] "4.791654e-02"                          
[7] "1.353114e-03"                          
[8] "3.115688e-03"                          
[9] "Deconvolution-Kinetic-Concurent.R0"    
[1] "Nelder-Mead Opt 30000"
[1] "Result: "
[1]  5.279765e-01  4.575796e-02  1.320167e-03  3.186107e-03  4.853539e+01
[6] -5.039029e+02
[1] " N: 1"
[1] "Quality: 11939 0.000000"
[1] 7.084765e-10
[1] "SANN Opt 50000"
[1] "Result: "
[1]  4.895369e-01  4.658485e-02  1.293849e-03  3.098191e-03  4.766970e+01
[6] -4.893914e+02
[1] " N: 1"
[1] "Quality: 11939 0.000000"
[1] 9.493918e-10
null device 
          1 
