[1] "4-CH3OC6H4N2+_TfO-_85_Nitrogen_1-12-16"
[2] "0.0035185"                             
[3] "2.730354e+01"                          
[4] "-1.380430e+02"                         
[5] "1.655319e-01"                          
[6] "4.406386e-01"                          
[7] "3.662907e-02"                          
[8] "5.621479e-04"                          
[9] "Deconvolution-Kinetic-Concurent.R0"    
[1] "Nelder-Mead Opt 30000"
[1] "Result: "
[1]  3.226860e+00  4.491443e-01  4.041666e-04  8.537088e-04  2.509404e+01
[6] -1.351704e+02
[1] " N: 1"
[1] "Quality: 11835 0.000000"
[1] 5.822885e-08
[1] "SANN Opt 50000"
[1] "Result: "
[1]  1.718973e-01  4.253821e-01  3.798404e-02  5.715510e-04  2.741884e+01
[6] -1.352728e+02
[1] " N: 1"
[1] "Quality: 11835 0.000000"
[1] 2.666638e-07
null device 
          1 
