[1] "4-CH3OC6H4N2+_TfO-_75_Nitrogen_12-25-15"
[2] "0.0035185"                              
[3] "7.260436e+01"                           
[4] "-4.374580e+02"                          
[5] "6.255051e-01"                           
[6] "5.758671e-02"                           
[7] "1.933897e-06"                           
[8] "2.064136e-03"                           
[9] "Deconvolution-Kinetic-Concurent.R0"     
[1] "Nelder-Mead Opt 30000"
[1] "Result: "
[1]  9.018931e-01  6.008932e-02  5.851030e-09  2.163512e-03  2.588691e+01
[6] -4.538490e+02
[1] " N: 1"
[1] "Quality: 7475 0.000000"
[1] 1.845242e-09
[1] "SANN Opt 50000"
[1] "Result: "
[1]  6.048923e-01  5.745828e-02  1.892291e-06  2.026352e-03  7.253470e+01
[6] -4.214912e+02
[1] " N: 1"
[1] "Quality: 7475 0.000000"
[1] 6.298275e-09
null device 
          1 
