[1] "4-CH3OC6H4N2+_TfO-_80_Nitrogen_2-15-16"
[2] "0.0035185"                             
[3] "7.260436e+01"                          
[4] "-4.374580e+02"                         
[5] "3.227525e-01"                          
[6] "3.150887e-01"                          
[7] "1.005415e-03"                          
[8] "1.016961e-03"                          
[9] "Deconvolution-Kinetic-Concurent.R0"    
[1] "Nelder-Mead Opt 30000"
[1] "Result: "
[1]  4.328759e-01  3.959141e+01  2.455911e+00  2.518514e-03  7.062018e+01
[6] -4.183768e+02
[1] " N: 1"
[1] "Quality: 11898 0.000001"
[1] 1.073858e-06
[1] "SANN Opt 50000"
[1] "Result: "
[1]   -7.90519752   -0.01059752    0.10242508   -0.01131062   69.54183140
[6] -431.77734588
[1] " N: 1"
[1] "Quality: 11898 0.000000"
[1] 4.609729e-07
null device 
          1 
