[1] "2-NO2C6H4N2+_TfO-_75_Nitrogen_12-20-16"
[2] "0.0033424"                             
[3] "22.0"                                  
[4] "-414.0"                                
[5] "0.0026"                                
[6] "0.00026"                               
[7] "0.001128"                              
[8] "0.0001128"                             
[9] "Deconvolution-Kinetic-Sequential.R0"   
[1] "Nelder-Mead Opt 30000"
[1] "Result: "
[1]    0.8252565    1.0728703    0.7907278    0.5285120   24.3952465
[6] -440.1692277
[1] " N: 1"
[1] "Quality: 11939 0.000000"
[1] 1.465128e-07
[1] "SANN Opt 50000"
[1] "Result: "
[1]    0.17273615   -0.01168971    0.39581074   -0.01823106   21.22685033
[6] -438.83646433
[1] " N: 1"
[1] "Quality: 11939 0.000000"
[1] 5.152268e-08
null device 
          1 
