[1] "2-NO2C6H4N2+_TfO-_85_Nitrogen_7-1-16"
[2] "0.0033424"                           
[3] "22.0"                                
[4] "-396.0"                              
[5] "0.0076"                              
[6] "0.00076"                             
[7] "0.001461"                            
[8] "0.0001461"                           
[9] "Deconvolution-Kinetic-Sequential.R0" 
[1] "Nelder-Mead Opt 30000"
[1] "Result: "
[1]  5.451681e-02  9.217445e-02  6.913034e+00  1.590492e-03  4.526847e+01
[6] -3.780010e+02
[1] " N: 1"
[1] "Quality: 11971 0.000000"
[1] 7.708685e-08
[1] "SANN Opt 50000"
[1] "Result: "
[1] -6.402085e-01  2.287214e-02 -2.060704e-01  6.438871e-03  4.293328e+01
[6] -3.994956e+02
[1] " N: 1"
[1] "Quality: 11971 0.000000"
[1] 1.72314e-07
null device 
          1 
