[1] "2-NO2C6H4N2+_TfO-_80_Nitrogen_8-22-16"
[2] "0.0033424"                            
[3] "22.0"                                 
[4] "-386.0"                               
[5] "0.0055"                               
[6] "0.00055"                              
[7] "0.001243"                             
[8] "0.0001243"                            
[9] "Deconvolution-Kinetic-Sequential.R0"  
[1] "Nelder-Mead Opt 30000"
[1] "Result: "
[1]  1.728308e-02  3.103923e-02  9.898889e+01  2.805001e-03 -1.006681e+02
[6] -3.939372e+02
[1] " N: 1"
[1] "Quality: 11720 0.000000"
[1] 3.175795e-08
[1] "SANN Opt 50000"
[1] "Result: "
[1] -1.357341e-04 -1.228804e+01 -5.229404e-01  1.051742e-01  2.261355e+01
[6] -4.116820e+02
[1] " N: 1"
[1] "Quality: 11720 0.000000"
[1] 5.578845e-08
null device 
          1 
