[1] "4-CH3OC6H4N2+_TfO-_75_Nitrogen_12-25-15"
[2] "0.0035185"                              
[3] "29.1"                                   
[4] "-183.1"                                 
[5] "0.0210"                                 
[6] "0.00210"                                
[7] "0.000109"                               
[8] "0.0000109"                              
[9] "Deconvolution-Kinetic-Sequential.R0"    
[1] "Nelder-Mead Opt 30000"
[1] "Result: "
[1]  1.611846e+02  1.106773e-01  2.466984e-03  4.038844e-04 -8.946044e+01
[6] -2.039553e+02
[1] " N: 1"
[1] "Quality: 7475 0.000000"
[1] 5.843588e-09
[1] "SANN Opt 50000"
[1] "Result: "
[1] -2.268069e-05 -2.359664e+00 -1.958021e+01  4.101748e-01  7.079756e+00
[6] -1.617351e+02
[1] " N: 1"
[1] "Quality: 7475 0.000000"
[1] 1.84062e-07
null device 
          1 
