[1] "4-CH3OC6H4N2+_TfO-_85_Nitrogen_1-12-16"
[2] "0.0035185"                             
[3] "29.1"                                  
[4] "-106.0"                                
[5] "0.1280"                                
[6] "0.01280"                               
[7] "0.000238"                              
[8] "0.0000238"                             
[9] "Deconvolution-Kinetic-Sequential.R0"   
[1] "Nelder-Mead Opt 30000"
[1] "Result: "
[1]  2.318513e-01  8.204108e-01  2.088537e-01  2.270265e-04  2.840617e+01
[6] -1.301314e+02
[1] " N: 1"
[1] "Quality: 11835 0.000000"
[1] 3.200326e-07
[1] "SANN Opt 50000"
[1] "Result: "
[1]  2.600319e+00  3.874957e-04  4.625997e-01  1.621464e+00  1.349392e+01
[6] -1.143896e+02
[1] " N: 1"
[1] "Quality: 11835 0.000001"
[1] 9.302128e-07
null device 
          1 
