[1] "4-CH3OC6H4N2+_TfO-_80_Nitrogen_2-15-16"
[2] "0.0035185"                             
[3] "29.1"                                  
[4] "-183.2"                                
[5] "0.0440"                                
[6] "0.00440"                               
[7] "0.000113"                              
[8] "0.0000113"                             
[9] "Deconvolution-Kinetic-Sequential.R0"   
[1] "Nelder-Mead Opt 30000"
[1] "Result: "
[1]  5.200966e-02  4.383830e-01  3.245533e+01  1.115650e-04  9.213634e+00
[6] -1.929405e+02
[1] " N: 1"
[1] "Quality: 11898 0.000000"
[1] 6.661315e-08
[1] "SANN Opt 50000"
[1] "Result: "
[1] -4.869393e+00 -6.926069e-03  2.457859e-01 -1.778740e-02  2.653803e+01
[6] -1.939448e+02
[1] " N: 1"
[1] "Quality: 11898 0.000001"
[1] 5.904077e-07
null device 
          1 
