[1] "2-NO2C6H4N2+_TfO-_75_Nitrogen_12-20-16"
[2] "0.0033424"                             
[3] "22.0"                                  
[4] "-414.0"                                
[5] "0.0026"                                
[6] "0.00026"                               
[7] "0.001128"                              
[8] "0.0001128"                             
[9] "Deconvolution-Kinetic-Sequential.R0"   
[1] "Nelder-Mead Opt 30000"
[1] "Result: "
[1]  9.841928e-01  1.065800e-01  6.487086e-04  1.141458e-03  2.141339e+01
[6] -3.726502e+02
[1] " N: 1"
[1] "Quality: 11939 0.000000"
[1] 7.893497e-09
[1] "SANN Opt 50000"
[1] "Result: "
[1]   -0.01018065  -12.76277400    0.05408203   -0.11789705   27.69043065
[6] -404.64472969
[1] " N: 1"
[1] "Quality: 11939 0.000000"
[1] 1.182493e-08
null device 
          1 
