[1] "2-NO2C6H4N2+_TfO-_85_Nitrogen_7-1-16"
[2] "0.0033424"                           
[3] "22.0"                                
[4] "-396.0"                              
[5] "0.0076"                              
[6] "0.00076"                             
[7] "0.001461"                            
[8] "0.0001461"                           
[9] "Deconvolution-Kinetic-Sequential.R0" 
[1] "Nelder-Mead Opt 30000"
[1] "Result: "
[1]  1.978055e-02  1.137977e-03  9.000054e+01  1.544471e-01  4.998502e+00
[6] -4.380630e+02
[1] " N: 1"
[1] "Quality: 11971 0.000000"
[1] 1.111851e-07
[1] "SANN Opt 50000"
[1] "Result: "
[1]  2.145979e+00  5.515377e-03  1.814108e-01  4.370454e-02  1.855210e+01
[6] -3.410714e+02
[1] " N: 1"
[1] "Quality: 11971 0.000000"
[1] 1.90262e-07
null device 
          1 
