[1] "2-NO2C6H4N2+_TfO-_80_Nitrogen_8-22-16"
[2] "0.0033424"                            
[3] "22.0"                                 
[4] "-386.0"                               
[5] "0.0055"                               
[6] "0.00055"                              
[7] "0.001243"                             
[8] "0.0001243"                            
[9] "Deconvolution-Kinetic-Sequential.R0"  
[1] "Nelder-Mead Opt 30000"
[1] "Result: "
[1]  4.205374e-02  3.837667e-03  4.269042e+01  3.335919e-02  1.999746e+01
[6] -4.116415e+02
[1] " N: 1"
[1] "Quality: 11720 0.000000"
[1] 7.792817e-08
[1] "SANN Opt 50000"
[1] "Result: "
[1]  4.343630e-02  1.122756e-05  5.160821e+00  9.481924e+00  1.823337e+01
[6] -3.691380e+02
[1] " N: 1"
[1] "Quality: 11720 0.000000"
[1] 1.28087e-07
null device 
          1 
