[1] "4-CH3OC6H4N2+_TfO-_85_Nitrogen_1-12-16"
[2] "0.0035185"                             
[3] "29.1"                                  
[4] "-106.0"                                
[5] "0.1280"                                
[6] "0.01280"                               
[7] "0.000238"                              
[8] "0.0000238"                             
[9] "Deconvolution-Kinetic-Sequential.R0"   
[1] "Nelder-Mead Opt 30000"
[1] "Result: "
[1]  1.381466e-01  1.057282e+00  3.368858e-01  1.030056e-04  1.927562e+01
[6] -1.040697e+02
[1] " N: 1"
[1] "Quality: 11835 0.000000"
[1] 3.678054e-07
[1] "SANN Opt 50000"
[1] "Result: "
[1]   -0.05876404  -22.23798422    0.02153609   -0.02223433   17.06435149
[6] -113.04585967
[1] " N: 1"
[1] "Quality: 11835 0.000001"
[1] 6.381349e-07
null device 
          1 
