[1] "4-CH3OC6H4N2+_TfO-_75_Nitrogen_12-25-15"
[2] "0.0035185"                              
[3] "29.1"                                   
[4] "-183.1"                                 
[5] "0.0210"                                 
[6] "0.00210"                                
[7] "0.000109"                               
[8] "0.0000109"                              
[9] "Deconvolution-Kinetic-Sequential.R0"    
[1] "Nelder-Mead Opt 30000"
[1] "Result: "
[1]  1.281518e+02  8.866896e-02  3.738464e-06  7.055047e-04 -7.839040e+01
[6] -2.441519e+02
[1] " N: 1"
[1] "Quality: 7475 0.000000"
[1] 6.958976e-09
[1] "SANN Opt 50000"
[1] "Result: "
[1]  1.157965e-04 -4.321341e-01  4.771045e+00  1.897602e-01  2.845404e+01
[6] -1.817777e+02
[1] " N: 1"
[1] "Quality: 7475 0.000000"
[1] 3.603519e-07
null device 
          1 
