[1] "4-CH3OC6H4N2+_TfO-_80_Nitrogen_2-15-16"
[2] "0.0035185"                             
[3] "29.1"                                  
[4] "-183.2"                                
[5] "0.0440"                                
[6] "0.00440"                               
[7] "0.000113"                              
[8] "0.0000113"                             
[9] "Deconvolution-Kinetic-Sequential.R0"   
[1] "Nelder-Mead Opt 30000"
[1] "Result: "
[1]  4.541190e-02  4.383600e-01  3.379514e+01  1.115526e-04  1.070408e+01
[6] -1.944159e+02
[1] " N: 1"
[1] "Quality: 11898 0.000000"
[1] 6.661324e-08
[1] "SANN Opt 50000"
[1] "Result: "
[1]  1.455148e+00 -2.967945e-04  1.264122e+00 -1.368419e+00  2.805226e+01
[6] -1.789017e+02
[1] " N: 1"
[1] "Quality: 11898 0.000001"
[1] 5.107761e-07
null device 
          1 
