[1] "2-NO2C6H4N2+_TfO-_85_Nitrogen_7-1-16"
[2] "0.0033424"                           
[3] "22.0"                                
[4] "-396.0"                              
[5] "0.0076"                              
[6] "0.00076"                             
[7] "0.001461"                            
[8] "0.0001461"                           
[9] "Deconvolution-Kinetic-Sequential.R0" 
[1] "Nelder-Mead Opt 30000"
[1] "Result: "
[1]  4.962094e-03  1.105890e-01  6.762713e+01  1.162583e-03  6.556235e+01
[6] -4.253636e+02
[1] " N: 1"
[1] "Quality: 11971 0.000000"
[1] 5.000312e-08
[1] "SANN Opt 50000"
[1] "Result: "
[1] -7.510123e-01 -2.984239e-04  1.695109e+00 -7.686218e-01 -1.164461e+01
[6] -3.791430e+02
[1] " N: 1"
[1] "Quality: 11971 0.000000"
[1] 1.530333e-07
null device 
          1 
