[1] "4-CH3OC6H4N2+_TfO-_85_Nitrogen_1-12-16"
[2] "0.0035185"                             
[3] "29.1"                                  
[4] "-106.0"                                
[5] "0.1280"                                
[6] "0.01280"                               
[7] "0.000238"                              
[8] "0.0000238"                             
[9] "Deconvolution-Kinetic-Sequential.R0"   
[1] "Nelder-Mead Opt 30000"
[1] "Result: "
[1]   0.140268812   1.043256890  13.054414758   0.000116874 -44.256179797
[6] -31.079709560
[1] " N: 1"
[1] "Quality: 11835 0.000000"
[1] 4.272344e-07
[1] "SANN Opt 50000"
[1] "Result: "
[1] -8.461468e-02  8.415290e-01  1.015284e+01  2.277167e-04  1.575057e+01
[6] -1.053269e+02
[1] " N: 1"
[1] "Quality: 11835 0.000000"
[1] 3.669668e-07
null device 
          1 
