[1] "4-CH3OC6H4N2+_TfO-_75_Nitrogen_12-25-15"
[2] "0.0035185"                              
[3] "29.1"                                   
[4] "-183.1"                                 
[5] "0.0210"                                 
[6] "0.00210"                                
[7] "0.000109"                               
[8] "0.0000109"                              
[9] "Deconvolution-Kinetic-Sequential.R0"    
[1] "Nelder-Mead Opt 30000"
[1] "Result: "
[1]  1.268661e+01  2.299105e-01  4.735174e-07  2.564976e-05  1.883741e+01
[6] -1.767982e+02
[1] " N: 1"
[1] "Quality: 7475 0.000000"
[1] 7.849329e-08
[1] "SANN Opt 50000"
[1] "Result: "
[1] -3.551021e-05 -3.415911e+00 -6.915691e+00  1.725068e-01  1.258459e+01
[6] -1.860175e+02
[1] " N: 1"
[1] "Quality: 7475 0.000000"
[1] 5.15436e-08
null device 
          1 
