[1] "2-NO2C6H4N2+_TfO-_80_Nitrogen_8-22-16"
[2] "0.0033424"                            
[3] "2.910810e+01"                         
[4] "-4.269288e+02"                        
[5] "5.796413e-01"                         
[6] "3.670586e-02"                         
[7] "1.155185e-03"                         
[8] "3.207568e-03"                         
[9] "Deconvolution-Kinetic-Sequential.R0"  
[1] "Nelder-Mead Opt 30000"
[1] "Result: "
[1]  4.254001e+01  8.002230e-02  3.752162e-02  1.057355e-03  2.975313e+01
[6] -4.137504e+02
[1] " N: 1"
[1] "Quality: 11720 0.000000"
[1] 2.164996e-08
[1] "SANN Opt 50000"
[1] "Result: "
[1]  5.899840e-01  4.016507e-02  1.143021e-03  3.124332e-03  2.996444e+01
[6] -4.447917e+02
[1] " N: 1"
[1] "Quality: 11720 0.000000"
[1] 1.276118e-08
null device 
          1 
