[1] "2-NO2C6H4N2+_TfO-_75_Nitrogen_12-20-16"
[2] "0.0033424"                             
[3] "2.209046e+01"                          
[4] "-4.580509e+02"                         
[5] "9.838210e-01"                          
[6] "7.673343e-02"                          
[7] "7.263796e-04"                          
[8] "1.580044e-03"                          
[9] "Deconvolution-Kinetic-Sequential.R0"   
[1] "Nelder-Mead Opt 30000"
[1] "Result: "
[1]  6.181103e-01  7.355983e-02  1.363528e-03  1.634142e-03  2.960765e+01
[6] -4.985620e+02
[1] " N: 1"
[1] "Quality: 11939 0.000000"
[1] 1.324517e-09
[1] "SANN Opt 50000"
[1] "Result: "
[1]  9.620392e-01  8.369278e-02  7.289617e-04  1.491227e-03  2.123885e+01
[6] -4.555629e+02
[1] " N: 1"
[1] "Quality: 11939 0.000000"
[1] 2.15992e-09
null device 
          1 
