[1] "2-NO2C6H4N2+_TfO-_85_Nitrogen_7-1-16"
[2] "0.0033424"                           
[3] "2.486793e+01"                        
[4] "-4.133467e+02"                       
[5] "9.934544e-01"                        
[6] "5.962921e-02"                        
[7] "7.021213e-04"                        
[8] "2.755259e-03"                        
[9] "Deconvolution-Kinetic-Sequential.R0" 
[1] "Nelder-Mead Opt 30000"
[1] "Result: "
[1]  1.197763e+00  7.471701e-02  6.111028e-04  2.069315e-03  2.506611e+01
[6] -4.590608e+02
[1] " N: 1"
[1] "Quality: 11971 0.000000"
[1] 1.649418e-08
[1] "SANN Opt 50000"
[1] "Result: "
[1]  1.081967e+00  6.249821e-02  6.379246e-04  2.682329e-03  2.408755e+01
[6] -4.043254e+02
[1] " N: 1"
[1] "Quality: 11971 0.000000"
[1] 4.415428e-08
null device 
          1 
