[1] "4-CH3OC6H4N2+_TfO-_85_Nitrogen_1-12-16"
[2] "0.0035185"                             
[3] "1.312668e+01"                          
[4] "-1.194273e+02"                         
[5] "3.767194e-02"                          
[6] "7.390249e-01"                          
[7] "2.905274e+01"                          
[8] "2.392651e-04"                          
[9] "Deconvolution-Kinetic-Sequential.R0"   
[1] "Nelder-Mead Opt 30000"
[1] "Result: "
[1]  6.542252e-02  7.390795e-01  2.577595e+01  2.393546e-04 -5.308598e+00
[6] -1.009788e+02
[1] " N: 1"
[1] "Quality: 11835 0.000000"
[1] 3.233699e-07
[1] "SANN Opt 50000"
[1] "Result: "
[1]  4.042433e-02  7.709362e-01  2.958562e+01  2.617396e-04  1.245523e+01
[6] -1.181853e+02
[1] " N: 1"
[1] "Quality: 11835 0.000000"
[1] 3.395007e-07
null device 
          1 
