[1] "4-CH3OC6H4N2+_TfO-_75_Nitrogen_12-25-15"
[2] "0.0035185"                              
[3] "-9.870400e+01"                          
[4] "-1.946068e+02"                          
[5] "2.527550e+01"                           
[6] "1.107108e-01"                           
[7] "6.573825e-04"                           
[8] "4.039706e-04"                           
[9] "Deconvolution-Kinetic-Sequential.R0"    
[1] "Nelder-Mead Opt 30000"
[1] "Result: "
[1]  3.066504e+01  1.106519e-01  5.317978e-06  4.045130e-04 -1.053586e+02
[6] -1.880347e+02
[1] " N: 1"
[1] "Quality: 7475 0.000000"
[1] 5.843605e-09
[1] "SANN Opt 50000"
[1] "Result: "
[1]  2.407986e+01  1.141108e-01  7.158132e-04  3.817948e-04 -9.317515e+01
[6] -1.999539e+02
[1] " N: 1"
[1] "Quality: 7475 0.000000"
[1] 6.077394e-09
null device 
          1 
