[1] "4-CH3OC6H4N2+_TfO-_80_Nitrogen_2-15-16"
[2] "0.0035185"                             
[3] "2.964153e+01"                          
[4] "-2.133650e+02"                         
[5] "6.223540e-02"                          
[6] "4.383461e-01"                          
[7] "2.797659e+01"                          
[8] "1.115711e-04"                          
[9] "Deconvolution-Kinetic-Sequential.R0"   
[1] "Nelder-Mead Opt 30000"
[1] "Result: "
[1]  5.625957e-02  4.383463e-01  3.018805e+01  1.115679e-04  3.888923e+01
[6] -2.226118e+02
[1] " N: 1"
[1] "Quality: 11898 0.000000"
[1] 6.66126e-08
[1] "SANN Opt 50000"
[1] "Result: "
[1]  6.089592e-02  4.433318e-01  2.796350e+01  1.059763e-04  3.031320e+01
[6] -2.181437e+02
[1] " N: 1"
[1] "Quality: 11898 0.000000"
[1] 6.739924e-08
null device 
          1 
