[1] "2-NO2C6H4N2+_TfO-_85_Nitrogen_7-1-16"
[2] "0.0033424"                           
[3] "22.0"                                
[4] "-396.0"                              
[5] "0.0076"                              
[6] "0.00076"                             
[7] "0.001461"                            
[8] "0.0001461"                           
[9] "Deconvolution-Kinetic-Concurent.R0"  
[1] "Nelder-Mead Opt 30000"
[1] "Result: "
[1]  3.153604e-03  5.620340e-03  6.005385e+01  2.479532e-02  2.225400e+01
[6] -5.367032e+02
[1] " N: 1"
[1] "Quality: 11971 0.000000"
[1] 9.83702e-08
[1] "SANN Opt 50000"
[1] "Result: "
[1] -2.460026e+00  5.567066e-03  5.748761e-01  8.302838e-03  3.787469e+01
[6] -5.036477e+02
[1] " N: 1"
[1] "Quality: 11971 0.000001"
[1] 5.080279e-07
null device 
          1 
