[1] "2-NO2C6H4N2+_TfO-_75_Nitrogen_12-20-16"
[2] "0.0033424"                             
[3] "22.0"                                  
[4] "-414.0"                                
[5] "0.0026"                                
[6] "0.00026"                               
[7] "0.001128"                              
[8] "0.0001128"                             
[9] "Deconvolution-Kinetic-Concurent.R0"    
[1] "Nelder-Mead Opt 30000"
[1] "Result: "
[1]  2.639108e+00  9.605717e-02  1.438574e-04  1.148637e-03  4.783214e+00
[6] -3.704685e+02
[1] " N: 1"
[1] "Quality: 11939 0.000000"
[1] 5.406588e-09
[1] "SANN Opt 50000"
[1] "Result: "
[1] -1.611389e+00  2.848949e-03 -1.877158e-01  3.392527e-02  1.548151e+01
[6] -5.995773e+02
[1] " N: 1"
[1] "Quality: 11939 0.000000"
[1] 1.225037e-08
null device 
          1 
