[1] "2-NO2C6H4N2+_TfO-_80_Nitrogen_8-22-16"
[2] "0.0033424"                            
[3] "22.0"                                 
[4] "-386.0"                               
[5] "0.0055"                               
[6] "0.00055"                              
[7] "0.001243"                             
[8] "0.0001243"                            
[9] "Deconvolution-Kinetic-Concurent.R0"   
[1] "Nelder-Mead Opt 30000"
[1] "Result: "
[1]    0.7013889    3.1996255    0.5846819    0.5376059   28.4270029
[6] -256.8204933
[1] " N: 1"
[1] "Quality: 11720 0.000001"
[1] 7.701743e-07
[1] "SANN Opt 50000"
[1] "Result: "
[1]   -0.01212133   -1.40353195    0.04620132    0.85796600   23.95557551
[6] -234.50891209
[1] " N: 1"
[1] "Quality: 11720 0.000000"
[1] 8.700325e-08
null device 
          1 
