[1] "2-NO2C6H4N2+_TfO-_85_Nitrogen_7-1-16"
[2] "0.0033424"                           
[3] "22.0"                                
[4] "-396.0"                              
[5] "0.0076"                              
[6] "0.00076"                             
[7] "0.001461"                            
[8] "0.0001461"                           
[9] "Deconvolution-Kinetic-Concurent.R0"  
[1] "Nelder-Mead Opt 30000"
[1] "Result: "
[1]  3.455048e-02  9.778399e-03  5.031060e+01  1.646543e-02  1.380732e+01
[6] -4.613096e+02
[1] " N: 1"
[1] "Quality: 11971 0.000000"
[1] 9.095797e-08
[1] "SANN Opt 50000"
[1] "Result: "
[1] -3.274967e-02  3.520068e-02 -1.043538e+00  6.967764e-03  3.004725e+00
[6] -2.699435e+02
[1] " N: 1"
[1] "Quality: 11971 0.000000"
[1] 2.300572e-07
null device 
          1 
