[1] "4-CH3OC6H4N2+_TfO-_80_Nitrogen_2-15-16"
[2] "0.0035185"                             
[3] "29.1"                                  
[4] "-183.2"                                
[5] "0.0440"                                
[6] "0.00440"                               
[7] "0.000113"                              
[8] "0.0000113"                             
[9] "Deconvolution-Kinetic-Concurent.R0"    
[1] "Nelder-Mead Opt 30000"
[1] "Result: "
[1]  1.168838e-01  7.851087e-02  1.054602e-02  2.105159e-03  4.018915e+01
[6] -2.643255e+02
[1] " N: 1"
[1] "Quality: 11898 0.000000"
[1] 2.370654e-07
[1] "SANN Opt 50000"
[1] "Result: "
[1]  5.679857e+00 -5.959969e-05  2.770643e-01 -3.886560e+00  4.052157e+01
[6] -2.236405e+02
[1] " N: 1"
[1] "Quality: 11898 0.000000"
[1] 3.817607e-07
null device 
          1 
