[1] "4-CH3OC6H4N2+_TfO-_75_Nitrogen_12-25-15"
[2] "0.0035185"                              
[3] "29.1"                                   
[4] "-183.1"                                 
[5] "0.0210"                                 
[6] "0.00210"                                
[7] "0.000109"                               
[8] "0.0000109"                              
[9] "Deconvolution-Kinetic-Concurent.R0"     
[1] "Nelder-Mead Opt 30000"
[1] "Result: "
[1]  2.423121e+01  1.555397e-01  7.888131e-09  1.360535e-04  1.703166e+01
[6] -2.336355e+02
[1] " N: 1"
[1] "Quality: 7475 0.000000"
[1] 1.347839e-08
[1] "SANN Opt 50000"
[1] "Result: "
[1]   -0.01028284    2.43600939    0.03903964    0.20404793   25.18022559
[6] -132.94695392
[1] " N: 1"
[1] "Quality: 7475 0.000000"
[1] 9.874121e-09
null device 
          1 
