[1] "4-CH3OC6H4N2+_TfO-_85_Nitrogen_1-12-16"
[2] "0.0035185"                             
[3] "29.1"                                  
[4] "-106.0"                                
[5] "0.1280"                                
[6] "0.01280"                               
[7] "0.000238"                              
[8] "0.0000238"                             
[9] "Deconvolution-Kinetic-Concurent.R0"    
[1] "Nelder-Mead Opt 30000"
[1] "Result: "
[1]  2.899361e-01  5.405968e-01  6.353545e+00  4.007723e-04  3.451309e+01
[6] -1.347827e+02
[1] " N: 1"
[1] "Quality: 11835 0.000000"
[1] 3.936173e-07
[1] "SANN Opt 50000"
[1] "Result: "
[1] -1.690765e+00  7.433962e-01 -6.127371e-01  3.156417e-04  4.169615e+01
[6] -7.347007e+01
[1] " N: 1"
[1] "Quality: 11835 0.000001"
[1] 5.044612e-07
null device 
          1 
