[1] "2-NO2C6H4N2+_TfO-_85_Nitrogen_7-1-16"
[2] "0.0033424"                           
[3] "22.0"                                
[4] "-396.0"                              
[5] "0.0076"                              
[6] "0.00076"                             
[7] "0.001461"                            
[8] "0.0001461"                           
[9] "Deconvolution-Kinetic-Concurent.R0"  
[1] "Nelder-Mead Opt 30000"
[1] "Result: "
[1]  3.233829e-01  1.347560e-01  8.494705e-01  1.001064e-03  3.978221e+01
[6] -2.868696e+02
[1] " N: 1"
[1] "Quality: 11971 0.000000"
[1] 1.231881e-07
[1] "SANN Opt 50000"
[1] "Result: "
[1] -1.194413e-01  4.644165e-05 -2.091439e+00  3.052862e+00  1.025904e+01
[6] -5.396692e+02
[1] " N: 1"
[1] "Quality: 11971 0.000000"
[1] 1.032678e-07
null device 
          1 
