[1] "2-NO2C6H4N2+_TfO-_75_Nitrogen_12-20-16"
[2] "0.0033424"                             
[3] "22.0"                                  
[4] "-414.0"                                
[5] "0.0026"                                
[6] "0.00026"                               
[7] "0.001128"                              
[8] "0.0001128"                             
[9] "Deconvolution-Kinetic-Concurent.R0"    
[1] "Nelder-Mead Opt 30000"
[1] "Result: "
[1]  6.249929e-04  5.872750e-02  1.717649e+00  2.209069e-03  4.048386e+01
[6] -5.048377e+02
[1] " N: 1"
[1] "Quality: 11939 0.000000"
[1] 1.752278e-09
[1] "SANN Opt 50000"
[1] "Result: "
[1]  5.531941e-01 -7.855816e-02  4.815498e-01 -1.684413e-03 -1.236462e+00
[6] -5.936563e+02
[1] " N: 1"
[1] "Quality: 11939 0.000000"
[1] 4.074499e-08
null device 
          1 
