[1] "2-NO2C6H4N2+_TfO-_80_Nitrogen_8-22-16"
[2] "0.0033424"                            
[3] "22.0"                                 
[4] "-386.0"                               
[5] "0.0055"                               
[6] "0.00055"                              
[7] "0.001243"                             
[8] "0.0001243"                            
[9] "Deconvolution-Kinetic-Concurent.R0"   
[1] "Nelder-Mead Opt 30000"
[1] "Result: "
[1]  4.762424e-01  1.185407e-01  3.738260e+00  6.688081e-04  2.057608e+01
[6] -3.027076e+02
[1] " N: 1"
[1] "Quality: 11720 0.000000"
[1] 5.171196e-08
[1] "SANN Opt 50000"
[1] "Result: "
[1] -7.358445e-01 -5.224119e-03  1.264232e+00 -4.158794e-02  1.568408e+01
[6] -4.446482e+02
[1] " N: 1"
[1] "Quality: 11720 0.000000"
[1] 2.511011e-07
null device 
          1 
