[1] "4-CH3OC6H4N2+_TfO-_75_Nitrogen_12-25-15"
[2] "0.0035185"                              
[3] "29.1"                                   
[4] "-183.1"                                 
[5] "0.0210"                                 
[6] "0.00210"                                
[7] "0.000109"                               
[8] "0.0000109"                              
[9] "Deconvolution-Kinetic-Concurent.R0"     
[1] "Nelder-Mead Opt 30000"
[1] "Result: "
[1]  6.963310e+01  1.106641e-01  6.446478e-04  4.038916e-04  5.415114e+01
[6] -2.934389e+02
[1] " N: 1"
[1] "Quality: 7475 0.000000"
[1] 5.843593e-09
[1] "SANN Opt 50000"
[1] "Result: "
[1] -2.240464e+01  7.777206e-05 -4.866515e-02  1.499293e+00  4.643273e+01
[6] -8.414377e+01
[1] " N: 1"
[1] "Quality: 7475 0.000001"
[1] 7.04413e-07
null device 
          1 
