[1] "4-CH3OC6H4N2+_TfO-_80_Nitrogen_2-15-16"
[2] "0.0035185"                             
[3] "29.1"                                  
[4] "-183.2"                                
[5] "0.0440"                                
[6] "0.00440"                               
[7] "0.000113"                              
[8] "0.0000113"                             
[9] "Deconvolution-Kinetic-Concurent.R0"    
[1] "Nelder-Mead Opt 30000"
[1] "Result: "
[1]  5.494141e-02  2.824602e-01  2.845041e+00  3.073486e-04  3.885203e+01
[6] -2.554345e+02
[1] " N: 1"
[1] "Quality: 11898 0.000000"
[1] 1.441947e-07
[1] "SANN Opt 50000"
[1] "Result: "
[1] -4.989618e-01  2.905622e-01 -2.730119e+00  3.096009e-04  3.158495e+01
[6] -2.289109e+02
[1] " N: 1"
[1] "Quality: 11898 0.000000"
[1] 1.040482e-07
null device 
          1 
