[1] "4-CH3OC6H4N2+_TfO-_85_Nitrogen_1-12-16"
[2] "0.0035185"                             
[3] "29.1"                                  
[4] "-106.0"                                
[5] "0.1280"                                
[6] "0.01280"                               
[7] "0.000238"                              
[8] "0.0000238"                             
[9] "Deconvolution-Kinetic-Concurent.R0"    
[1] "Nelder-Mead Opt 30000"
[1] "Result: "
[1]  6.487372e-01  5.598944e-01  7.610810e-02  4.054352e-04  3.059652e+01
[6] -1.233051e+02
[1] " N: 1"
[1] "Quality: 11835 0.000000"
[1] 3.22164e-07
[1] "SANN Opt 50000"
[1] "Result: "
[1]  -0.03723302  -0.06109619   0.06087826 -22.47422002   6.42043251
[6] -73.77350471
[1] " N: 1"
[1] "Quality: 11835 0.000000"
[1] 4.128596e-07
null device 
          1 
