[1] "2-NO2C6H4N2+_TfO-_80_Nitrogen_8-22-16"
[2] "0.0033424"                            
[3] "22.0"                                 
[4] "-386.0"                               
[5] "0.0055"                               
[6] "0.00055"                              
[7] "0.001243"                             
[8] "0.0001243"                            
[9] "Deconvolution-Kinetic-Concurent.R0"   
[1] "Nelder-Mead Opt 30000"
[1] "Result: "
[1]  3.853528e+00  7.362911e-02  6.707707e-02  1.146784e-03  1.071671e+02
[6] -4.039855e+02
[1] " N: 1"
[1] "Quality: 11720 0.000000"
[1] 2.042726e-08
[1] "SANN Opt 50000"
[1] "Result: "
[1] -1.809143e+00  1.003352e-04 -8.712614e-01  1.448369e+00  1.510763e+01
[6] -3.180062e+02
[1] " N: 1"
[1] "Quality: 11720 0.000000"
[1] 1.252764e-07
null device 
          1 
