[1] "2-NO2C6H4N2+_TfO-_75_Nitrogen_12-20-16"
[2] "0.0033424"                             
[3] "22.0"                                  
[4] "-414.0"                                
[5] "0.0026"                                
[6] "0.00026"                               
[7] "0.001128"                              
[8] "0.0001128"                             
[9] "Deconvolution-Kinetic-Concurent.R0"    
[1] "Nelder-Mead Opt 30000"
[1] "Result: "
[1]  4.885942e-01  6.939214e-04  1.493789e-03  3.859958e-01  9.689145e+01
[6] -4.323885e+02
[1] " N: 1"
[1] "Quality: 11939 0.000000"
[1] 9.114056e-09
[1] "SANN Opt 50000"
[1] "Result: "
[1]   -1.44856724    0.00781866   -0.94692420    0.01594539    9.39025094
[6] -429.17901180
[1] " N: 1"
[1] "Quality: 11939 0.000000"
[1] 1.567459e-08
null device 
          1 
