[1] "4-CH3OC6H4N2+_TfO-_75_Nitrogen_12-25-15"
[2] "0.0035185"                              
[3] "29.1"                                   
[4] "-183.1"                                 
[5] "0.0210"                                 
[6] "0.00210"                                
[7] "0.000109"                               
[8] "0.0000109"                              
[9] "Deconvolution-Kinetic-Concurent.R0"     
[1] "Nelder-Mead Opt 30000"
[1] "Result: "
[1] -7.752547e+01  1.106672e-01  1.329863e-04  4.038960e-04  3.673765e+01
[6] -2.934484e+02
[1] " N: 1"
[1] "Quality: 7475 0.000000"
[1] 5.843592e-09
[1] "SANN Opt 50000"
[1] "Result: "
[1] -7.941251e-03 -2.216508e+00  6.984932e-02  2.450230e-01  1.286722e+01
[6] -2.443640e+02
[1] " N: 1"
[1] "Quality: 7475 0.000000"
[1] 2.333244e-08
null device 
          1 
