[1] "4-CH3OC6H4N2+_TfO-_85_Nitrogen_1-12-16"
[2] "0.0035185"                             
[3] "29.1"                                  
[4] "-106.0"                                
[5] "0.1280"                                
[6] "0.01280"                               
[7] "0.000238"                              
[8] "0.0000238"                             
[9] "Deconvolution-Kinetic-Concurent.R0"    
[1] "Nelder-Mead Opt 30000"
[1] "Result: "
[1]  1.858591e-01  9.673678e-01  6.688435e+00  1.388591e-04  3.395285e+01
[6] -8.211450e+01
[1] " N: 1"
[1] "Quality: 11835 0.000000"
[1] 3.849146e-07
[1] "SANN Opt 50000"
[1] "Result: "
[1]  1.060684e-01  1.109980e-01  9.349728e+00  3.695261e-03  1.289815e+01
[6] -1.423496e+02
[1] " N: 1"
[1] "Quality: 11835 0.000001"
[1] 6.902643e-07
null device 
          1 
