[1] "4-CH3OC6H4N2+_TfO-_80_Nitrogen_2-15-16"
[2] "0.0035185"                             
[3] "29.1"                                  
[4] "-183.2"                                
[5] "0.0440"                                
[6] "0.00440"                               
[7] "0.000113"                              
[8] "0.0000113"                             
[9] "Deconvolution-Kinetic-Concurent.R0"    
[1] "Nelder-Mead Opt 30000"
[1] "Result: "
[1]  2.789535e-02  4.384283e-01  4.581943e+01  1.115257e-04  7.391191e+01
[6] -1.837048e+02
[1] " N: 1"
[1] "Quality: 11898 0.000000"
[1] 6.661324e-08
[1] "SANN Opt 50000"
[1] "Result: "
[1] -6.328998e-02  9.444041e-02  1.315101e+01  2.125406e-03  5.111537e+01
[6] -2.295361e+02
[1] " N: 1"
[1] "Quality: 11898 0.000000"
[1] 2.574011e-07
null device 
          1 
