[1] "2-NO2C6H4N2+_TfO-_75_Nitrogen_12-20-16"
[2] "0.0033424"                             
[3] "22.0"                                  
[4] "-414.0"                                
[5] "0.0026"                                
[6] "0.00026"                               
[7] "0.001128"                              
[8] "0.0001128"                             
[9] "Deconvolution-Kinetic-Sequential.R0"   
[1] "Nelder-Mead Opt 30000"
[1] "Result: "
[1]  2.352515e+01  1.110393e-01  1.166290e-03  9.131939e-04 -7.205883e-01
[6] -3.522760e+02
[1] " N: 1"
[1] "Quality: 11939 0.000000"
[1] 6.82392e-09
[1] "SANN Opt 50000"
[1] "Result: "
[1] -1.238428e-01 -2.107933e-02 -5.579463e+00 -9.509239e-03  2.269583e-01
[6] -4.559559e+02
[1] " N: 1"
[1] "Quality: 11939 0.000000"
[1] 2.459176e-08
null device 
          1 
