[1] "2-NO2C6H4N2+_TfO-_85_Nitrogen_7-1-16"
[2] "0.0033424"                           
[3] "22.0"                                
[4] "-396.0"                              
[5] "0.0076"                              
[6] "0.00076"                             
[7] "0.001461"                            
[8] "0.0001461"                           
[9] "Deconvolution-Kinetic-Sequential.R0" 
[1] "Nelder-Mead Opt 30000"
[1] "Result: "
[1]  1.641120e-01  1.341835e-01  1.009458e+01  9.484758e-04 -2.270494e+02
[6] -8.858500e+01
[1] " N: 1"
[1] "Quality: 11971 0.000000"
[1] 8.603549e-08
[1] "SANN Opt 50000"
[1] "Result: "
[1]  9.139669e-06 -3.578363e+00  1.141995e+01  2.111753e-01  9.392664e+00
[6] -3.743915e+02
[1] " N: 1"
[1] "Quality: 11971 0.000000"
[1] 1.285739e-07
null device 
          1 
