[1] "2-NO2C6H4N2+_TfO-_80_Nitrogen_8-22-16"
[2] "0.0033424"                            
[3] "22.0"                                 
[4] "-386.0"                               
[5] "0.0055"                               
[6] "0.00055"                              
[7] "0.001243"                             
[8] "0.0001243"                            
[9] "Deconvolution-Kinetic-Sequential.R0"  
[1] "Nelder-Mead Opt 30000"
[1] "Result: "
[1]  1.659497e-02  4.491111e-02  1.104436e+02  2.349791e-03  5.936183e+00
[6] -3.943069e+02
[1] " N: 1"
[1] "Quality: 11720 0.000000"
[1] 3.348413e-08
[1] "SANN Opt 50000"
[1] "Result: "
[1] -9.983286e-01  6.388789e-03  4.299774e-01  1.554179e-02  4.405740e+01
[6] -4.481266e+02
[1] " N: 1"
[1] "Quality: 11720 0.000000"
[1] 8.257613e-08
null device 
          1 
