[1] "4-CH3OC6H4N2+_TfO-_85_Nitrogen_1-12-16"
[2] "0.0035185"                             
[3] "29.1"                                  
[4] "-106.0"                                
[5] "0.1280"                                
[6] "0.01280"                               
[7] "0.000238"                              
[8] "0.0000238"                             
[9] "Deconvolution-Kinetic-Sequential.R0"   
[1] "Nelder-Mead Opt 30000"
[1] "Result: "
[1]  1.285799e-01  9.502123e-01  1.435164e+01  1.443077e-04  3.111375e+01
[6] -1.150025e+02
[1] " N: 1"
[1] "Quality: 11835 0.000000"
[1] 3.759876e-07
[1] "SANN Opt 50000"
[1] "Result: "
[1]   -0.60568672    0.03972304   -2.11297945    0.01140084   34.84243544
[6] -138.27165429
[1] " N: 1"
[1] "Quality: 11835 0.000001"
[1] 8.620189e-07
null device 
          1 
