[1] "4-CH3OC6H4N2+_TfO-_80_Nitrogen_2-15-16"
[2] "0.0035185"                             
[3] "29.1"                                  
[4] "-183.2"                                
[5] "0.0440"                                
[6] "0.00440"                               
[7] "0.000113"                              
[8] "0.0000113"                             
[9] "Deconvolution-Kinetic-Sequential.R0"   
[1] "Nelder-Mead Opt 30000"
[1] "Result: "
[1]  4.191069e-02  4.384502e-01  4.135703e+01  1.115028e-04  4.532540e+01
[6] -2.290460e+02
[1] " N: 1"
[1] "Quality: 11898 0.000000"
[1] 6.661116e-08
[1] "SANN Opt 50000"
[1] "Result: "
[1]   -0.03052830    0.32127003    0.01813665    2.29001113   29.62008820
[6] -181.42593419
[1] " N: 1"
[1] "Quality: 11898 0.000000"
[1] 3.857681e-07
null device 
          1 
