[1] "4-CH3OC6H4N2+_TfO-_75_Nitrogen_12-25-15"
[2] "0.0035185"                              
[3] "29.1"                                   
[4] "-183.1"                                 
[5] "0.0210"                                 
[6] "0.00210"                                
[7] "0.000109"                               
[8] "0.0000109"                              
[9] "Deconvolution-Kinetic-Sequential.R0"    
[1] "Nelder-Mead Opt 30000"
[1] "Result: "
[1]  5.947337e+01  1.106893e-01  1.382064e-03  4.036916e-04  2.350524e+01
[6] -3.169379e+02
[1] " N: 1"
[1] "Quality: 7475 0.000000"
[1] 5.843591e-09
[1] "SANN Opt 50000"
[1] "Result: "
[1]    0.01081281   -0.79047342   -0.01107511    0.32417905   30.41536062
[6] -171.71764833
[1] " N: 1"
[1] "Quality: 7475 0.000000"
[1] 1.645741e-07
null device 
          1 
