*** Qmin=2.806939e-07 ***   *  5001 [ 0.597395143 0.083241857 0.000899570 0.003058385 26.710719994 -264.781960003 ] Q=2.806939e-07
*** Qmin=1.853191e-07 ***   *  5006 [ 0.700558508 0.073514288 0.000958656 0.003575750 48.230200004 -482.557179999 ] Q=1.853191e-07
*** Qmin=1.631454e-07 ***   *  5008 [ 0.970778847 0.089092657 0.001230332 0.001995058 22.743319986 -292.251650006 ] Q=1.631454e-07
*** Qmin=1.291381e-07 ***   *  5009 [ 0.783989718 0.041127632 0.001345645 0.004052666 25.263359988 -345.714840005 ] Q=1.291381e-07
*** Qmin=1.269390e-07 ***   *  5010 [ 0.418186829 0.053735826 0.000743329 0.003525937 51.755960001 -546.106449999 ] Q=1.269390e-07
*** Qmin=5.797464e-08 ***   *  5011 [ 0.412569975 0.094877193 0.001214483 0.001742375 49.751319994 -434.203250002 ] Q=5.797464e-08
*** Qmin=4.741180e-08 ***   *  5014 [ 0.425077565 0.055959391 0.001008805 0.002892007 29.081440002 -478.514749999 ] Q=4.741180e-08
*** Qmin=3.576318e-08 ***   *  5016 [ 0.861255895 0.057774412 0.000919031 0.002850089 35.935480007 -526.565529997 ] Q=3.576318e-08
*** Qmin=2.926038e-08 ***   *  5020 [ 0.943345130 0.060215737 0.000822907 0.003332181 36.615720003 -429.940660000 ] Q=2.926038e-08
*** Qmin=2.168608e-08 ***   *  5044 [ 0.914653355 0.069652063 0.001020647 0.002462951 27.737840002 -421.654560000 ] Q=2.168608e-08
*** Qmin=1.979221e-08 ***   *  5104 [ 0.842341227 0.059163868 0.001032577 0.002606647 35.889160007 -500.833039995 ] Q=1.979221e-08
*** Qmin=1.777415e-08 ***   *  5254 [ 0.881212773 0.047966801 0.001236703 0.003464548 23.641919996 -439.864630003 ] Q=1.777415e-08
*** Qmin=1.522288e-08 ***   *  6757 [ 0.854258107 0.059108858 0.000824825 0.002827955 38.547159996 -469.367790001 ] Q=1.522288e-08
*** Qmin=1.429332e-08 ***   *  7436 [ 0.623158856 0.051386576 0.001407955 0.003320717 43.975800003 -503.930759998 ] Q=1.429332e-08
*** Qmin=1.377809e-08 ***   * 13587 [ 0.678119326 0.051444743 0.001271865 0.003289551 38.218640007 -492.701309998 ] Q=1.377809e-08
*** Qmin=1.321829e-08 ***   * 17750 [ 0.896701008 0.046628696 0.000835481 0.003691401 43.596239994 -498.258200001 ] Q=1.321829e-08
*** Qmin=1.220736e-08 ***   * 21001 [ 0.780984426 0.049372719 0.001195564 0.003554253 41.740840003 -492.604129998 ] Q=1.220736e-08
*** Qmin=1.207759e-08 ***   * 31061 [ 0.911902175 0.048117639 0.000917855 0.003561442 33.384480001 -469.072380001 ] Q=1.207759e-08
*** Qmin=1.198518e-08 ***   * 38443 [ 0.914080950 0.045059115 0.000867644 0.003844395 37.700440003 -493.102069997 ] Q=1.198518e-08
*** Qmin=1.158680e-08 ***   * 53027 [ 0.891211935 0.045932146 0.000947161 0.003759866 36.929639998 -487.435100000 ] Q=1.158680e-08
*** Qmin=1.131966e-08 ***   * 82370 [ 0.873264240 0.044908863 0.000965780 0.003882315 37.837000002 -486.180790000 ] Q=1.131966e-08
Qopt=1.131966e-08  k1=8.732642e-01  k2=4.490886e-02  C01=9.657801e-04  C02=3.882315e-03  H1=3.783700e+01  H2=-4.861808e+02
