*** Qmin=2.556212e-07 ***   *  5001 [ 0.524425256 0.070185472 0.000671610 0.002863194 57.655759994 -351.735270002 ] Q=2.556212e-07
*** Qmin=1.516307e-07 ***   *  5002 [ 0.755487233 0.080111338 0.000842459 0.001865692 20.140280005 -548.110679998 ] Q=1.516307e-07
*** Qmin=1.097331e-07 ***   *  5004 [ 0.742630188 0.057792753 0.001236644 0.002246079 31.568280010 -597.144439995 ] Q=1.097331e-07
*** Qmin=7.974562e-08 ***   *  5010 [ 0.478967730 0.063098417 0.000880906 0.002637714 25.517799990 -378.892350004 ] Q=7.974562e-08
*** Qmin=5.495932e-08 ***   *  5011 [ 0.773867445 0.069005640 0.001006710 0.002307384 54.477040003 -558.417349995 ] Q=5.495932e-08
*** Qmin=5.009226e-08 ***   *  5012 [ 0.688135691 0.037782251 0.000945977 0.003807756 45.502399998 -572.224649999 ] Q=5.009226e-08
*** Qmin=3.244717e-08 ***   *  5023 [ 0.777410532 0.092469721 0.000697777 0.001644668 29.736079996 -426.513990001 ] Q=3.244717e-08
*** Qmin=3.222259e-08 ***   *  5051 [ 0.742130498 0.054441308 0.001076059 0.002627757 21.534040004 -501.402359998 ] Q=3.222259e-08
*** Qmin=1.757981e-08 ***   *  5128 [ 0.843155010 0.046257163 0.001056554 0.004141487 43.725119988 -458.479330004 ] Q=1.757981e-08
*** Qmin=1.692350e-08 ***   *  5442 [ 0.581269531 0.055634595 0.001350688 0.003228770 51.713999997 -494.205880001 ] Q=1.692350e-08
*** Qmin=1.612759e-08 ***   *  5779 [ 0.772744677 0.066778538 0.001285668 0.002304930 27.559800002 -460.983219999 ] Q=1.612759e-08
*** Qmin=1.578166e-08 ***   *  5848 [ 0.945549968 0.058382101 0.000704515 0.002874332 38.634600001 -489.011049999 ] Q=1.578166e-08
*** Qmin=1.495705e-08 ***   *  6339 [ 0.835157492 0.060485436 0.001076108 0.002690761 33.366399999 -455.600050001 ] Q=1.495705e-08
*** Qmin=1.484052e-08 ***   *  6621 [ 0.760235140 0.061901116 0.001067944 0.002579552 32.248720003 -462.859310000 ] Q=1.484052e-08
*** Qmin=1.451343e-08 ***   *  7218 [ 0.754845935 0.050693997 0.001099349 0.003300863 37.487960007 -498.603489998 ] Q=1.451343e-08
*** Qmin=1.350342e-08 ***   * 13962 [ 0.829437139 0.053027193 0.000971683 0.003292663 41.499479996 -494.728330000 ] Q=1.350342e-08
*** Qmin=1.327683e-08 ***   * 18606 [ 0.956518126 0.046242710 0.001038690 0.003921941 36.492399996 -468.544770001 ] Q=1.327683e-08
*** Qmin=1.281728e-08 ***   * 22268 [ 0.899182963 0.043904482 0.001009557 0.003946614 31.089840000 -466.926680002 ] Q=1.281728e-08
*** Qmin=1.274354e-08 ***   * 23034 [ 0.906244361 0.045831379 0.000938538 0.004009990 39.376919998 -468.029630002 ] Q=1.274354e-08
*** Qmin=1.258421e-08 ***   * 35442 [ 0.879908494 0.050149734 0.001105866 0.003531138 37.190479999 -471.823090000 ] Q=1.258421e-08
*** Qmin=1.178799e-08 ***   * 49492 [ 0.765531943 0.042581351 0.001078421 0.004155149 44.039479997 -496.219140001 ] Q=1.178799e-08
*** Qmin=1.174555e-08 ***   * 77061 [ 0.906112465 0.048213113 0.000949207 0.003669537 35.824119996 -475.925290002 ] Q=1.174555e-08
*** Qmin=1.103535e-08 ***   * 100845 [ 0.817015581 0.044632306 0.001069555 0.004020049 41.674200001 -491.549340000 ] Q=1.103535e-08
Qopt=1.103535e-08  k1=8.170156e-01  k2=4.463231e-02  C01=1.069555e-03  C02=4.020049e-03  H1=4.167420e+01  H2=-4.915493e+02
