*** Qmin=6.146776e-08 ***   *   376 [ 0.931362261 0.000936960 0.001417951 0.153651264 21.018897733 -579.782480526 ] Q=6.146776e-08
 Minimum found at:
*** Qmin=2.806182e-08 ***   *   422 [ 0.680755884 0.055528419 0.001374170 0.003541939 45.520327198 -439.457475729 ] Q=2.806182e-08
 Minimum found at:
 Minimum found at:
 Minimum found at:
*** Qmin=1.980473e-08 ***   *  2921 [ 0.917326782 0.052246585 0.000895453 0.003642621 41.414424067 -448.052675986 ] Q=1.980473e-08
 Minimum found at:
*** Qmin=1.949228e-08 ***   *  5038 [ 0.942378727 0.051445488 0.000892785 0.002917347 22.978240013 -481.758669997 ] Q=1.949228e-08
*** Qmin=1.804875e-08 ***   *  5430 [ 0.526830317 0.053000837 0.001535813 0.003072855 37.363680004 -492.433849999 ] Q=1.804875e-08
*** Qmin=1.678606e-08 ***   *  5461 [ 0.790266410 0.054640974 0.000952352 0.002874036 26.083120001 -467.173070000 ] Q=1.678606e-08
*** Qmin=1.291061e-08 ***   *  5562 [ 0.953530033 0.050336138 0.000748842 0.003349341 38.121159999 -486.042330000 ] Q=1.291061e-08
*** Qmin=1.273204e-08 ***   * 12296 [ 0.834771238 0.051442530 0.001101604 0.003186604 33.547720008 -475.835849998 ] Q=1.273204e-08
*** Qmin=1.262953e-08 ***   * 14212 [ 0.763465060 0.051889763 0.001238220 0.003275733 37.674560004 -474.358800000 ] Q=1.262953e-08
*** Qmin=1.259124e-08 ***   * 20744 [ 0.856840600 0.046990812 0.000929400 0.003929275 40.976159992 -473.364210003 ] Q=1.259124e-08
*** Qmin=1.188414e-08 ***   * 23566 [ 0.941609092 0.046762412 0.000906813 0.003647608 35.770480002 -485.634689999 ] Q=1.188414e-08
*** Qmin=1.153532e-08 ***   * 65117 [ 0.840740081 0.047910301 0.000987114 0.003653069 38.788159996 -481.104640001 ] Q=1.153532e-08
*** Qmin=1.140646e-08 ***   * 80420 [ 0.827514341 0.042050756 0.001002730 0.004211566 42.922079994 -495.162630001 ] Q=1.140646e-08
*** Qmin=1.114811e-08 ***   * 84323 [ 0.783478301 0.044729417 0.001112011 0.004059768 42.228639994 -485.955900002 ] Q=1.114811e-08
Qopt=1.114811e-08  k1=7.834783e-01  k2=4.472942e-02  C01=1.112011e-03  C02=4.059768e-03  H1=4.222864e+01  H2=-4.859559e+02
