*** Qmin=1.891774e-07 ***   *    28 [ 0.700975504 0.086043743 0.001410677 0.002650743 45.410269583 -320.888514772 ] Q=1.891774e-07
*** Qmin=1.354025e-07 ***   *  5001 [ 0.531168384 0.082053122 0.001159170 0.001938218 34.897360004 -557.472639998 ] Q=1.354025e-07
*** Qmin=5.198738e-08 ***   *  5004 [ 0.364821545 0.064656457 0.000893877 0.002056799 28.801479997 -470.136630000 ] Q=5.198738e-08
*** Qmin=4.290313e-08 ***   *  5016 [ 0.507189117 0.050824938 0.001419323 0.002740135 22.278880013 -512.244379995 ] Q=4.290313e-08
*** Qmin=3.908537e-08 ***   *  5029 [ 0.653623391 0.052162016 0.000837003 0.003500782 33.230319999 -432.070880001 ] Q=3.908537e-08
*** Qmin=3.825942e-08 ***   *  5083 [ 0.873181271 0.061695441 0.001127547 0.002840506 37.446039990 -415.023100003 ] Q=3.825942e-08
*** Qmin=2.466443e-08 ***   *  5134 [ 0.677200190 0.063329033 0.000944882 0.002368595 28.232600005 -483.224109998 ] Q=2.466443e-08
*** Qmin=1.905487e-08 ***   *  5209 [ 0.721404740 0.059931787 0.000960149 0.002993985 51.791040000 -496.797920000 ] Q=1.905487e-08
*** Qmin=1.784027e-08 ***   *  5426 [ 0.949602472 0.056492324 0.000766315 0.002930128 40.552399999 -504.829459999 ] Q=1.784027e-08
*** Qmin=1.645208e-08 ***   *  5611 [ 0.852587421 0.066797356 0.001296644 0.002347627 24.438000005 -449.124679999 ] Q=1.645208e-08
*** Qmin=1.454114e-08 ***   *  5894 [ 0.877254488 0.050443620 0.000817207 0.003264979 39.776439998 -496.011020000 ] Q=1.454114e-08
*** Qmin=1.414990e-08 ***   *  6324 [ 0.845195307 0.043090953 0.000946782 0.004071039 34.318239999 -464.510510001 ] Q=1.414990e-08
*** Qmin=1.347707e-08 ***   *  9243 [ 0.698708084 0.055240692 0.001232435 0.003158915 39.779160004 -472.229440000 ] Q=1.347707e-08
*** Qmin=1.337013e-08 ***   *  9446 [ 0.844793991 0.046874971 0.001194110 0.003640044 29.663400009 -461.245089999 ] Q=1.337013e-08
*** Qmin=1.209510e-08 ***   * 12659 [ 0.877276376 0.048563493 0.000948284 0.003552541 36.668999996 -487.665150000 ] Q=1.209510e-08
*** Qmin=1.178960e-08 ***   * 33757 [ 0.641495949 0.046057805 0.001414059 0.003898076 44.942599999 -496.138730001 ] Q=1.178960e-08
*** Qmin=1.176235e-08 ***   * 51809 [ 0.858008740 0.050113646 0.000968415 0.003475911 38.245280001 -477.969080000 ] Q=1.176235e-08
*** Qmin=1.162276e-08 ***   * 52171 [ 0.757725550 0.047475745 0.001170271 0.003793854 43.873040000 -487.615700000 ] Q=1.162276e-08
*** Qmin=1.154499e-08 ***   * 81929 [ 0.826834695 0.044378476 0.001100534 0.003985642 37.664879998 -489.425999999 ] Q=1.154499e-08
Qopt=1.154499e-08  k1=8.268347e-01  k2=4.437848e-02  C01=1.100534e-03  C02=3.985642e-03  H1=3.766488e+01  H2=-4.894260e+02
