*** Qmin=2.230166e-07 ***   *  5001 [ 0.561320707 0.103404825 0.000753230 0.002176859 36.905919997 -309.182470001 ] Q=2.230166e-07
*** Qmin=1.339378e-07 ***   *  5006 [ 0.599008771 0.064041945 0.001159524 0.001713086 50.547679997 -515.702870000 ] Q=1.339378e-07
*** Qmin=1.095624e-07 ***   *  5011 [ 0.572933679 0.045803745 0.001129975 0.002951641 28.601560011 -600.940479995 ] Q=1.095624e-07
*** Qmin=6.277058e-08 ***   *  5016 [ 0.571769865 0.084802271 0.000932737 0.001630477 54.126399998 -535.571020000 ] Q=6.277058e-08
*** Qmin=4.009164e-08 ***   *  5017 [ 0.592166500 0.049754982 0.001191111 0.003340182 35.522239993 -430.723260003 ] Q=4.009164e-08
*** Qmin=3.949388e-08 ***   *  5037 [ 0.850705734 0.068475982 0.000647160 0.002027309 39.002119998 -516.946430000 ] Q=3.949388e-08
*** Qmin=2.614515e-08 ***   *  5095 [ 0.628514682 0.042257328 0.001104765 0.003677849 27.377000001 -485.645010000 ] Q=2.614515e-08
*** Qmin=2.474345e-08 ***   *  5257 [ 0.853921946 0.054131060 0.001028215 0.003820051 45.722960002 -451.616100000 ] Q=2.474345e-08
*** Qmin=2.171881e-08 ***   *  5286 [ 0.803364310 0.081663120 0.001021885 0.001708974 23.094000004 -445.428399999 ] Q=2.171881e-08
*** Qmin=2.025553e-08 ***   *  5343 [ 0.768508741 0.072798565 0.001135489 0.001944136 26.177200006 -461.465679998 ] Q=2.025553e-08
*** Qmin=1.871486e-08 ***   *  5655 [ 0.719533962 0.051676608 0.001152888 0.003496939 32.192200006 -470.820329999 ] Q=1.871486e-08
*** Qmin=1.782767e-08 ***   *  6005 [ 0.798666206 0.061962822 0.000947322 0.002890065 47.256559993 -490.118730000 ] Q=1.782767e-08
*** Qmin=1.703687e-08 ***   *  6137 [ 0.865410863 0.062834233 0.001152861 0.002720491 37.520559993 -471.912100000 ] Q=1.703687e-08
*** Qmin=1.668287e-08 ***   *  8112 [ 0.919429069 0.049892653 0.000834612 0.003523746 28.212760007 -464.689389999 ] Q=1.668287e-08
*** Qmin=1.292401e-08 ***   *  8448 [ 0.942337695 0.048838545 0.000846413 0.003796042 39.488600002 -471.169490000 ] Q=1.292401e-08
*** Qmin=1.234852e-08 ***   *  9009 [ 0.830812556 0.047612423 0.001129584 0.003501173 33.620400010 -478.253739998 ] Q=1.234852e-08
*** Qmin=1.201110e-08 ***   * 17825 [ 0.973943475 0.048396416 0.000920841 0.003557672 33.979800003 -474.212169999 ] Q=1.201110e-08
*** Qmin=1.197845e-08 ***   * 21636 [ 0.930890175 0.049637395 0.000945190 0.003479123 33.526479995 -472.763500001 ] Q=1.197845e-08
*** Qmin=1.175780e-08 ***   * 71737 [ 0.790728525 0.049067881 0.001115231 0.003593048 42.051000005 -488.900969999 ] Q=1.175780e-08
*** Qmin=1.171723e-08 ***   * 79163 [ 0.697264035 0.047837022 0.001403123 0.003730665 41.705640000 -488.403890000 ] Q=1.171723e-08
Qopt=1.171723e-08  k1=6.972640e-01  k2=4.783702e-02  C01=1.403123e-03  C02=3.730665e-03  H1=4.170564e+01  H2=-4.884039e+02
