*** Qmin=2.146677e-07 ***   *  5000 [ 0.705803990 0.108406685 0.001205566 0.002066247 47.489059706 -313.387088443 ] Q=2.146677e-07
*** Qmin=1.458706e-07 ***   *  5002 [ 0.921490604 0.044512689 0.000860788 0.003121582 51.454879992 -445.922040002 ] Q=1.458706e-07
*** Qmin=1.056276e-07 ***   *  5012 [ 0.812969473 0.068605028 0.001090119 0.003675834 38.492800001 -368.432170001 ] Q=1.056276e-07
*** Qmin=1.026333e-07 ***   *  5013 [ 0.907359626 0.067564028 0.001305275 0.002466279 29.628359990 -350.119330004 ] Q=1.026333e-07
*** Qmin=7.125109e-08 ***   *  5020 [ 0.438778357 0.093886432 0.001199507 0.001790820 53.382439995 -423.582680003 ] Q=7.125109e-08
*** Qmin=6.280995e-08 ***   *  5024 [ 0.512038158 0.063688103 0.001252540 0.002149545 48.315839996 -477.121980001 ] Q=6.280995e-08
*** Qmin=6.084691e-08 ***   *  5029 [ 0.918440380 0.079782330 0.000742401 0.002254262 33.820639989 -377.626000005 ] Q=6.084691e-08
*** Qmin=4.528896e-08 ***   *  5036 [ 0.354076838 0.073563891 0.001253339 0.002230940 56.133400000 -492.187460000 ] Q=4.528896e-08
*** Qmin=3.905561e-08 ***   *  5047 [ 0.625919584 0.093591473 0.000798294 0.001523908 29.520680002 -458.892989999 ] Q=3.905561e-08
*** Qmin=3.381180e-08 ***   *  5078 [ 0.735154033 0.056222645 0.001124214 0.003409955 31.550640006 -471.410719998 ] Q=3.381180e-08
*** Qmin=3.061605e-08 ***   *  5082 [ 0.911196733 0.043556110 0.000728163 0.003569412 46.672279997 -547.657889999 ] Q=3.061605e-08
*** Qmin=2.483632e-08 ***   *  5127 [ 0.633910717 0.083924128 0.001175235 0.001763927 25.966600002 -427.450530000 ] Q=2.483632e-08
*** Qmin=2.432856e-08 ***   *  5187 [ 0.691026323 0.058940687 0.001137623 0.002781659 49.286520006 -527.448749996 ] Q=2.432856e-08
*** Qmin=2.270152e-08 ***   *  5296 [ 0.913276777 0.064073079 0.000710285 0.002650488 23.006040004 -440.081779999 ] Q=2.270152e-08
*** Qmin=1.725560e-08 ***   *  5421 [ 0.889766880 0.070870584 0.000874618 0.002254691 25.569640004 -439.665109999 ] Q=1.725560e-08
*** Qmin=1.603162e-08 ***   *  5578 [ 0.792114293 0.055362631 0.001079618 0.003370542 47.029279991 -473.913750003 ] Q=1.603162e-08
*** Qmin=1.517723e-08 ***   *  6492 [ 0.804218594 0.054686068 0.000890237 0.003097436 39.539719997 -471.196150001 ] Q=1.517723e-08
*** Qmin=1.510007e-08 ***   *  6983 [ 0.767575594 0.050980913 0.001009828 0.003230989 36.804080004 -497.310049999 ] Q=1.510007e-08
*** Qmin=1.346028e-08 ***   * 11096 [ 0.781939292 0.045007646 0.001057087 0.003747025 39.292520001 -503.844759999 ] Q=1.346028e-08
*** Qmin=1.320515e-08 ***   * 12117 [ 0.693161455 0.051321107 0.001218355 0.003380643 42.426119996 -496.718370000 ] Q=1.320515e-08
*** Qmin=1.198370e-08 ***   * 19499 [ 0.894928780 0.048959883 0.001044823 0.003555252 35.272999995 -477.805250001 ] Q=1.198370e-08
*** Qmin=1.185842e-08 ***   * 73212 [ 0.767761640 0.043363349 0.001251574 0.004046042 36.908119997 -490.388340000 ] Q=1.185842e-08
*** Qmin=1.136298e-08 ***   * 80834 [ 0.898303193 0.044246125 0.000901074 0.004018951 40.569599993 -485.147930002 ] Q=1.136298e-08
*** Qmin=1.129770e-08 ***   * 101763 [ 0.825198688 0.046743302 0.001084401 0.003777657 38.716519998 -484.843920001 ] Q=1.129770e-08
Qopt=1.129770e-08  k1=8.251987e-01  k2=4.674330e-02  C01=1.084401e-03  C02=3.777657e-03  H1=3.871652e+01  H2=-4.848439e+02
