*** Qmin=2.019996e-07 ***   *   253 [ 0.757129750 0.102600797 0.001178450 0.002206056 44.644606133 -313.161825442 ] Q=2.019996e-07
 Minimum found at:
*** Qmin=4.070522e-08 ***   *   573 [ 0.631205293 0.000885389 0.001566529 0.198951562 58.660238351 -643.903279262 ] Q=4.070522e-08
 Minimum found at:
 Minimum found at:
*** Qmin=3.798828e-08 ***   *  5059 [ 0.881857010 0.054441858 0.000634995 0.002537654 33.821199996 -475.163330001 ] Q=3.798828e-08
*** Qmin=3.047307e-08 ***   *  5078 [ 0.647761973 0.074869013 0.001171078 0.002172033 49.292799999 -509.039159999 ] Q=3.047307e-08
*** Qmin=2.147625e-08 ***   *  5166 [ 0.919215018 0.070231121 0.000825406 0.002465765 37.569839995 -441.702880002 ] Q=2.147625e-08
*** Qmin=1.942006e-08 ***   *  5630 [ 0.921454286 0.043458471 0.001266004 0.003716782 21.510240014 -472.052709997 ] Q=1.942006e-08
*** Qmin=1.895842e-08 ***   *  5709 [ 0.852688826 0.053463750 0.001072841 0.003245795 32.209959992 -435.997640003 ] Q=1.895842e-08
*** Qmin=1.893370e-08 ***   *  6018 [ 0.813320915 0.061271313 0.001050143 0.002569151 34.769320001 -495.673039998 ] Q=1.893370e-08
*** Qmin=1.804172e-08 ***   *  6341 [ 0.874296413 0.072113469 0.000914742 0.002247543 34.284879996 -452.922870001 ] Q=1.804172e-08
*** Qmin=1.600945e-08 ***   *  6400 [ 0.974402373 0.056593450 0.000768176 0.002863757 37.455080004 -494.797129996 ] Q=1.600945e-08
*** Qmin=1.505640e-08 ***   *  7939 [ 0.817036255 0.049934995 0.001186257 0.003605673 34.338159994 -450.566470003 ] Q=1.505640e-08
*** Qmin=1.285649e-08 ***   *  8584 [ 0.777407454 0.047977468 0.001019049 0.003518907 38.612679999 -490.473480000 ] Q=1.285649e-08
*** Qmin=1.271866e-08 ***   *  9720 [ 0.767813734 0.048948952 0.001081649 0.003737082 48.633479998 -501.042020000 ] Q=1.271866e-08
*** Qmin=1.234241e-08 ***   * 28662 [ 0.732142405 0.048303212 0.001301911 0.003726512 37.423519993 -470.997060003 ] Q=1.234241e-08
*** Qmin=1.220411e-08 ***   * 44736 [ 0.720453585 0.044302417 0.001282342 0.003859997 36.816759997 -489.174020001 ] Q=1.220411e-08
*** Qmin=1.169671e-08 ***   * 48576 [ 0.933838439 0.048229299 0.000909645 0.003694570 38.538519993 -478.519050001 ] Q=1.169671e-08
Qopt=1.169671e-08  k1=9.338384e-01  k2=4.822930e-02  C01=9.096449e-04  C02=3.694570e-03  H1=3.853852e+01  H2=-4.785191e+02
