*** Qmin=2.992491e-07 ***   *  5001 [ 0.696934785 0.084251758 0.000837064 0.003911242 34.184320000 -322.416150000 ] Q=2.992491e-07
*** Qmin=7.003620e-08 ***   *  5004 [ 0.330202368 0.074416365 0.001311965 0.002548115 50.384080001 -462.775460000 ] Q=7.003620e-08
*** Qmin=6.885543e-08 ***   *  5020 [ 0.685420035 0.083907886 0.001097241 0.002595375 59.264319999 -427.835380001 ] Q=6.885543e-08
*** Qmin=6.457603e-08 ***   *  5038 [ 0.496863517 0.074358222 0.001028089 0.001923093 52.791560004 -557.905649997 ] Q=6.457603e-08
*** Qmin=3.066745e-08 ***   *  5040 [ 0.697990509 0.060858361 0.001245324 0.002794790 21.394279993 -401.847900006 ] Q=3.066745e-08
*** Qmin=2.934669e-08 ***   *  5090 [ 0.800714146 0.088430184 0.001163464 0.001772391 34.218840002 -451.424319999 ] Q=2.934669e-08
*** Qmin=2.882414e-08 ***   *  5144 [ 0.650492142 0.085572723 0.000856123 0.001655131 23.730639998 -440.277000000 ] Q=2.882414e-08
*** Qmin=2.506055e-08 ***   *  5227 [ 0.958937818 0.075347863 0.000792832 0.002349975 40.514040003 -460.944949999 ] Q=2.506055e-08
*** Qmin=2.003204e-08 ***   *  5262 [ 0.909492541 0.044688630 0.000677546 0.003812336 29.012720000 -453.742880000 ] Q=2.003204e-08
*** Qmin=1.858627e-08 ***   *  5299 [ 0.730845142 0.051894644 0.001179611 0.003569446 47.195200007 -513.914069998 ] Q=1.858627e-08
*** Qmin=1.822760e-08 ***   *  5657 [ 0.731510079 0.068968205 0.001086874 0.002391027 35.340799996 -471.262370000 ] Q=1.822760e-08
*** Qmin=1.503582e-08 ***   *  5708 [ 0.918867309 0.054017586 0.001077073 0.002926115 23.541640005 -459.771479999 ] Q=1.503582e-08
*** Qmin=1.460014e-08 ***   *  6788 [ 0.724332116 0.062793276 0.001232672 0.002607212 34.208640002 -466.983010000 ] Q=1.460014e-08
*** Qmin=1.338579e-08 ***   *  8191 [ 0.950316454 0.044236160 0.000929730 0.003861905 37.564760003 -501.226059998 ] Q=1.338579e-08
*** Qmin=1.320180e-08 ***   *  8214 [ 0.710474816 0.044853340 0.001516509 0.004018846 34.760520001 -466.436480006 ] Q=1.320180e-08
*** Qmin=1.315853e-08 ***   * 16082 [ 0.875821456 0.052561101 0.000925899 0.003449212 42.710599991 -476.921170002 ] Q=1.315853e-08
*** Qmin=1.267524e-08 ***   * 17022 [ 0.940840177 0.048067508 0.000976517 0.003754974 38.857079992 -472.461640001 ] Q=1.267524e-08
*** Qmin=1.212281e-08 ***   * 34465 [ 0.784888534 0.046328481 0.001146986 0.003755432 41.452279993 -485.090740001 ] Q=1.212281e-08
*** Qmin=1.150758e-08 ***   * 40346 [ 0.877759961 0.046192670 0.000991951 0.003840531 36.908759997 -474.775040001 ] Q=1.150758e-08
*** Qmin=1.138063e-08 ***   * 58480 [ 0.890881126 0.043453790 0.001043328 0.004107640 37.176839996 -482.578250000 ] Q=1.138063e-08
Qopt=1.138063e-08  k1=8.908811e-01  k2=4.345379e-02  C01=1.043328e-03  C02=4.107640e-03  H1=3.717684e+01  H2=-4.825783e+02
