 Minimum found at:
*** Qmin=6.779662e-08 ***   *   427 [ 0.951358733 0.000678587 0.001115620 0.206767670 26.699060541 -622.412754223 ] Q=6.779662e-08
*** Qmin=2.565067e-08 ***   *  5001 [ 0.629207182 0.066361243 0.001153270 0.002192458 38.056279997 -492.663040000 ] Q=2.565067e-08
*** Qmin=2.232218e-08 ***   *  5096 [ 0.634214091 0.059249536 0.001209012 0.002693766 47.604599997 -515.259540000 ] Q=2.232218e-08
*** Qmin=2.091293e-08 ***   *  5147 [ 0.626398826 0.068172563 0.001076634 0.002305971 33.238880003 -466.674699999 ] Q=2.091293e-08
*** Qmin=2.034883e-08 ***   *  5649 [ 0.881999171 0.065233282 0.000949422 0.002727084 44.443360003 -484.996999998 ] Q=2.034883e-08
*** Qmin=2.034700e-08 ***   *  5723 [ 0.971463556 0.062258826 0.000785868 0.002784207 31.958519998 -429.427240002 ] Q=2.034700e-08
*** Qmin=1.801066e-08 ***   *  5743 [ 0.931759858 0.059624655 0.000916413 0.002952269 40.359079991 -456.105730002 ] Q=1.801066e-08
*** Qmin=1.771292e-08 ***   *  6057 [ 0.966320549 0.064230285 0.000776162 0.002550429 37.324040005 -485.819589998 ] Q=1.771292e-08
*** Qmin=1.614896e-08 ***   *  7063 [ 0.799388453 0.052927522 0.001301335 0.003127067 24.871600006 -441.734270004 ] Q=1.614896e-08
*** Qmin=1.312788e-08 ***   *  7068 [ 0.886159480 0.051771179 0.001133019 0.003388865 35.473639995 -467.205750001 ] Q=1.312788e-08
*** Qmin=1.302247e-08 ***   * 11612 [ 0.858793140 0.051797189 0.000885298 0.003292807 41.094719996 -490.857040001 ] Q=1.302247e-08
*** Qmin=1.253637e-08 ***   * 14906 [ 0.785947283 0.050583029 0.001215702 0.003523869 39.642319997 -472.365750002 ] Q=1.253637e-08
*** Qmin=1.251620e-08 ***   * 42146 [ 0.833600443 0.050423212 0.001044203 0.003534013 35.816240006 -474.275379999 ] Q=1.251620e-08
*** Qmin=1.250140e-08 ***   * 48883 [ 0.895331016 0.048631336 0.000884554 0.003691867 44.575799999 -488.937520000 ] Q=1.250140e-08
*** Qmin=1.229915e-08 ***   * 69130 [ 0.731319942 0.043878339 0.001099942 0.004021084 43.027440002 -500.746610000 ] Q=1.229915e-08
*** Qmin=1.214511e-08 ***   * 75088 [ 0.953845696 0.041065879 0.000838231 0.004178687 38.093119995 -493.475310001 ] Q=1.214511e-08
*** Qmin=1.200598e-08 ***   * 80155 [ 0.792571548 0.045646801 0.001135708 0.003765875 40.368320009 -497.416259997 ] Q=1.200598e-08
*** Qmin=1.198944e-08 ***   * 86311 [ 0.805420341 0.044457173 0.001064903 0.004075506 45.408879997 -506.818209999 ] Q=1.198944e-08
Qopt=1.198944e-08  k1=8.054203e-01  k2=4.445717e-02  C01=1.064903e-03  C02=4.075506e-03  H1=4.540888e+01  H2=-5.068182e+02
