 Minimum found at:
*** Qmin=6.168744e-08 ***   *   496 [ 1.116003498 0.000705062 0.000966036 0.206733668 20.820949334 -582.443197515 ] Q=6.168744e-08
 Minimum found at:
 Minimum found at:
*** Qmin=4.771448e-08 ***   *  2228 [ 1.296512542 0.014662987 0.000685457 0.010343001 21.952247365 -550.957986581 ] Q=4.771448e-08
*** Qmin=4.242658e-08 ***   *  5007 [ 0.512329629 0.052446780 0.000894678 0.002879929 31.861599997 -469.787040001 ] Q=4.242658e-08
*** Qmin=2.657390e-08 ***   *  5018 [ 0.782850932 0.071748427 0.000941804 0.002464515 52.632760003 -494.938599999 ] Q=2.657390e-08
*** Qmin=1.911481e-08 ***   *  5042 [ 0.948283084 0.051897980 0.000808004 0.002917041 26.175399996 -453.442740001 ] Q=1.911481e-08
*** Qmin=1.756997e-08 ***   *  5142 [ 0.803190295 0.050097945 0.000789098 0.003460161 34.396680001 -472.081520000 ] Q=1.756997e-08
*** Qmin=1.631480e-08 ***   *  5328 [ 0.721043906 0.063552416 0.001141546 0.002615923 41.517720003 -479.110729999 ] Q=1.631480e-08
*** Qmin=1.507182e-08 ***   *  6006 [ 0.698593143 0.049491186 0.001266690 0.003739550 50.873999991 -486.233250002 ] Q=1.507182e-08
*** Qmin=1.421799e-08 ***   *  9862 [ 0.847941606 0.050925470 0.001016090 0.003234127 27.469880005 -456.989810000 ] Q=1.421799e-08
*** Qmin=1.302885e-08 ***   * 12270 [ 0.699582845 0.048148045 0.001369679 0.003644988 34.111639996 -466.821330002 ] Q=1.302885e-08
*** Qmin=1.266723e-08 ***   * 12908 [ 0.802086394 0.049518800 0.001060071 0.003519150 37.582959994 -468.842330002 ] Q=1.266723e-08
*** Qmin=1.240386e-08 ***   * 13872 [ 0.894689501 0.047077529 0.001077760 0.003629185 31.546080002 -468.810510000 ] Q=1.240386e-08
*** Qmin=1.221526e-08 ***   * 14498 [ 0.929834774 0.049126756 0.000937861 0.003656776 36.132920006 -471.486399999 ] Q=1.221526e-08
*** Qmin=1.201933e-08 ***   * 26140 [ 0.838342073 0.050968191 0.000976962 0.003369147 37.989879995 -483.296780001 ] Q=1.201933e-08
*** Qmin=1.180005e-08 ***   * 58516 [ 0.672993116 0.047144711 0.001470802 0.003798847 41.285840000 -482.294020002 ] Q=1.180005e-08
*** Qmin=1.173515e-08 ***   * 64768 [ 0.860743205 0.046586316 0.001045551 0.003941058 41.741439998 -481.618490000 ] Q=1.173515e-08
*** Qmin=1.160386e-08 ***   * 83063 [ 0.862857474 0.047399362 0.000997621 0.003693213 35.655359995 -476.665750001 ] Q=1.160386e-08
Qopt=1.160386e-08  k1=8.628575e-01  k2=4.739936e-02  C01=9.976211e-04  C02=3.693213e-03  H1=3.565536e+01  H2=-4.766658e+02
