*** Qmin=2.677261e-07 ***   *     7 [ 0.877068953 0.043417547 0.001436918 0.006750040 55.093319772 -315.129800062 ] Q=2.677261e-07
 Minimum found at:
*** Qmin=4.528303e-08 ***   *  3016 [ 0.768276076 0.000862186 0.001284831 0.190620068 45.844410148 -627.857691443 ] Q=4.528303e-08
*** Qmin=4.333918e-08 ***   *  5016 [ 0.397635838 0.077893598 0.001339583 0.002070113 51.010080003 -514.802019999 ] Q=4.333918e-08
*** Qmin=2.770300e-08 ***   *  5029 [ 0.718545975 0.070285797 0.000738316 0.002082097 31.026199999 -477.876200000 ] Q=2.770300e-08
*** Qmin=2.382245e-08 ***   *  5048 [ 0.667576102 0.070403507 0.000984586 0.002332551 44.430279995 -469.938400001 ] Q=2.382245e-08
*** Qmin=2.290701e-08 ***   *  5177 [ 0.565546379 0.067779432 0.001199721 0.002460022 44.835799996 -477.118110001 ] Q=2.290701e-08
*** Qmin=2.261426e-08 ***   *  5208 [ 0.959471347 0.061577353 0.001216882 0.002734857 28.303199991 -424.272830003 ] Q=2.261426e-08
*** Qmin=1.953740e-08 ***   *  5222 [ 0.958544179 0.046770166 0.000817933 0.003877311 50.056719999 -528.497089998 ] Q=1.953740e-08
*** Qmin=1.874282e-08 ***   *  5705 [ 0.781538518 0.066854189 0.000980585 0.002539841 44.117439998 -483.751290000 ] Q=1.874282e-08
*** Qmin=1.719501e-08 ***   *  6383 [ 0.914054011 0.049257232 0.001302011 0.003325951 22.817080009 -463.725759998 ] Q=1.719501e-08
*** Qmin=1.451459e-08 ***   *  6765 [ 0.581544494 0.049104037 0.001455491 0.003803226 56.109039996 -508.221730001 ] Q=1.451459e-08
*** Qmin=1.442003e-08 ***   *  6826 [ 0.944368303 0.054349556 0.000802906 0.003289834 37.948240000 -459.430920001 ] Q=1.442003e-08
*** Qmin=1.405446e-08 ***   *  7542 [ 0.782376629 0.056307417 0.001019701 0.002994822 38.338920005 -487.696539998 ] Q=1.405446e-08
*** Qmin=1.365557e-08 ***   *  9002 [ 0.660696113 0.044657043 0.001247924 0.003932779 42.672799996 -485.613620002 ] Q=1.365557e-08
*** Qmin=1.350956e-08 ***   *  9870 [ 0.841499843 0.049155837 0.000948618 0.003797639 49.007439998 -490.791680001 ] Q=1.350956e-08
*** Qmin=1.293742e-08 ***   * 14201 [ 0.910740381 0.053052365 0.000861301 0.003268115 40.755999999 -488.011729999 ] Q=1.293742e-08
*** Qmin=1.257147e-08 ***   * 17127 [ 0.748831191 0.052579736 0.001142934 0.003331453 40.931559994 -478.126890002 ] Q=1.257147e-08
*** Qmin=1.239759e-08 ***   * 17179 [ 0.947618451 0.051882248 0.000896168 0.003338699 37.875640002 -480.895659999 ] Q=1.239759e-08
*** Qmin=1.185628e-08 ***   * 32882 [ 0.920237456 0.048981931 0.000921538 0.003484266 34.835560000 -480.458350000 ] Q=1.185628e-08
Qopt=1.185628e-08  k1=9.202375e-01  k2=4.898193e-02  C01=9.215375e-04  C02=3.484266e-03  H1=3.483556e+01  H2=-4.804583e+02
