*** Qmin=4.523479e-07 ***   *    88 [ 0.629406095 0.172002466 0.001372693 0.001247019 41.400514147 -224.604018566 ] Q=4.523479e-07
*** Qmin=7.614968e-08 ***   *   733 [ 0.952297582 0.000491656 0.001111362 0.270777869 25.179093279 -635.065038796 ] Q=7.614968e-08
*** Qmin=5.284858e-08 ***   *  5007 [ 0.640520345 0.073790964 0.000989046 0.001979184 54.945119998 -546.481840000 ] Q=5.284858e-08
*** Qmin=4.883359e-08 ***   *  5027 [ 0.523279939 0.073246610 0.000886991 0.001962873 49.755159997 -495.763340000 ] Q=4.883359e-08
*** Qmin=4.231294e-08 ***   *  5031 [ 0.638872189 0.086755489 0.000956892 0.002110625 47.510240002 -463.992359999 ] Q=4.231294e-08
*** Qmin=4.142331e-08 ***   *  5042 [ 0.661839691 0.041352940 0.001195564 0.003737057 52.425839998 -579.461119999 ] Q=4.142331e-08
*** Qmin=4.141108e-08 ***   *  5057 [ 0.527637801 0.086125874 0.001030949 0.001868285 54.678799999 -482.897740000 ] Q=4.141108e-08
*** Qmin=2.757828e-08 ***   *  5061 [ 0.722316518 0.079387729 0.000967220 0.002091961 46.897679999 -474.027270000 ] Q=2.757828e-08
*** Qmin=2.653154e-08 ***   *  5126 [ 0.930036311 0.068723838 0.000549565 0.001983121 24.706719997 -455.507170000 ] Q=2.653154e-08
*** Qmin=2.441342e-08 ***   *  5160 [ 0.949895264 0.051820249 0.000848007 0.003678366 32.829320000 -425.638940002 ] Q=2.441342e-08
*** Qmin=2.154277e-08 ***   *  5300 [ 0.627345916 0.057000819 0.001050958 0.002819166 32.425959997 -460.344240001 ] Q=2.154277e-08
*** Qmin=1.905337e-08 ***   *  5516 [ 0.776317194 0.051299339 0.001109983 0.003116734 36.099440007 -511.435119997 ] Q=1.905337e-08
*** Qmin=1.746211e-08 ***   *  6058 [ 0.872022217 0.061143329 0.001095117 0.002640058 36.379720003 -487.628599997 ] Q=1.746211e-08
*** Qmin=1.386576e-08 ***   *  6376 [ 0.932526481 0.060402363 0.000869713 0.002750103 29.651600005 -457.699739999 ] Q=1.386576e-08
*** Qmin=1.342285e-08 ***   *  7986 [ 0.727845575 0.050351911 0.001314447 0.003227791 33.533400011 -482.450109997 ] Q=1.342285e-08
*** Qmin=1.311045e-08 ***   *  9737 [ 0.842265373 0.051165589 0.000977690 0.003481721 45.574400004 -494.889149998 ] Q=1.311045e-08
*** Qmin=1.294200e-08 ***   * 14761 [ 0.940856867 0.050597071 0.000788198 0.003344246 37.508639995 -475.403270001 ] Q=1.294200e-08
*** Qmin=1.277661e-08 ***   * 32223 [ 0.971350712 0.043206763 0.000817830 0.004044529 39.760240001 -503.369179998 ] Q=1.277661e-08
*** Qmin=1.256442e-08 ***   * 36018 [ 0.954202576 0.050941204 0.000930032 0.003315445 32.372880007 -477.024369998 ] Q=1.256442e-08
*** Qmin=1.231235e-08 ***   * 57717 [ 0.813650226 0.041920054 0.001176727 0.004131157 40.376999995 -502.709560000 ] Q=1.231235e-08
*** Qmin=1.218089e-08 ***   * 58313 [ 0.876594812 0.051742642 0.000907951 0.003322769 35.391560003 -472.582470000 ] Q=1.218089e-08
*** Qmin=1.217627e-08 ***   * 75654 [ 0.957985821 0.044821878 0.000851366 0.003775832 35.201000001 -488.326060000 ] Q=1.217627e-08
*** Qmin=1.144704e-08 ***   * 77716 [ 0.800103293 0.045255887 0.001163610 0.003927202 37.338480004 -477.266030000 ] Q=1.144704e-08
Qopt=1.144704e-08  k1=8.001033e-01  k2=4.525589e-02  C01=1.163610e-03  C02=3.927202e-03  H1=3.733848e+01  H2=-4.772660e+02
