*** Qmin=5.909336e-07 ***   *    49 [ 0.629162649 0.102572912 0.001826147 0.003324360 59.235286198 -229.172864256 ] Q=5.909336e-07
*** Qmin=3.374602e-07 ***   *  5001 [ 0.583583928 0.086637232 0.000937468 0.003785288 32.943880001 -353.480209999 ] Q=3.374602e-07
*** Qmin=1.603358e-07 ***   *  5002 [ 0.371043504 0.063351868 0.001245325 0.002464468 24.521119990 -327.465640004 ] Q=1.603358e-07
*** Qmin=1.141952e-07 ***   *  5003 [ 0.532556108 0.038137992 0.001197522 0.002970650 40.830839997 -556.835380000 ] Q=1.141952e-07
*** Qmin=7.736625e-08 ***   *  5004 [ 0.588480919 0.067871972 0.001187097 0.002852549 47.489400005 -533.764159998 ] Q=7.736625e-08
*** Qmin=5.040807e-08 ***   *  5007 [ 0.890601663 0.053363803 0.000869307 0.003366683 23.438359992 -379.744610006 ] Q=5.040807e-08
*** Qmin=2.864042e-08 ***   *  5025 [ 0.526732398 0.052569553 0.001185531 0.003245262 55.606519996 -504.509540001 ] Q=2.864042e-08
*** Qmin=2.682901e-08 ***   *  5110 [ 0.801284383 0.062826776 0.000960005 0.003115269 40.730000004 -467.622849999 ] Q=2.682901e-08
*** Qmin=2.633082e-08 ***   *  5243 [ 0.802158004 0.046723785 0.000792352 0.003163498 27.995239997 -471.814490001 ] Q=2.633082e-08
*** Qmin=2.517578e-08 ***   *  5285 [ 0.882797029 0.045023345 0.000692497 0.003498677 31.283119997 -459.171630001 ] Q=2.517578e-08
*** Qmin=2.247878e-08 ***   *  5315 [ 0.846243705 0.049742228 0.000875179 0.003800530 41.997279997 -446.297000002 ] Q=2.247878e-08
*** Qmin=1.766132e-08 ***   *  5364 [ 0.867307243 0.042509967 0.001030518 0.004095074 39.997199992 -466.276520002 ] Q=1.766132e-08
*** Qmin=1.750815e-08 ***   *  6649 [ 0.664532975 0.041915948 0.001322587 0.003997488 31.960119996 -465.345570002 ] Q=1.750815e-08
*** Qmin=1.592889e-08 ***   *  6740 [ 0.541823146 0.049405638 0.001498640 0.003457654 41.450720000 -491.187710000 ] Q=1.592889e-08
*** Qmin=1.574216e-08 ***   *  6912 [ 0.891511616 0.056943307 0.000805986 0.002861277 36.126600003 -492.029219999 ] Q=1.574216e-08
*** Qmin=1.381278e-08 ***   *  6989 [ 0.901653594 0.052897426 0.001069970 0.003266531 30.298239994 -452.148440003 ] Q=1.381278e-08
*** Qmin=1.314617e-08 ***   *  8665 [ 0.970290367 0.048288453 0.000730252 0.003802651 44.438959993 -489.641000001 ] Q=1.314617e-08
*** Qmin=1.258688e-08 ***   * 15474 [ 0.890735506 0.052885586 0.000906167 0.003191138 32.488480006 -471.792989999 ] Q=1.258688e-08
*** Qmin=1.156787e-08 ***   * 18574 [ 0.818738759 0.045485866 0.001101272 0.003970084 38.979440000 -475.563660001 ] Q=1.156787e-08
*** Qmin=1.144685e-08 ***   * 74647 [ 0.798549851 0.047393617 0.001096809 0.003803800 41.707840001 -483.190570000 ] Q=1.144685e-08
Qopt=1.144685e-08  k1=7.985499e-01  k2=4.739362e-02  C01=1.096809e-03  C02=3.803800e-03  H1=4.170784e+01  H2=-4.831906e+02
