 Minimum found at:
*** Qmin=1.019589e-07 ***   *    55 [ 0.666734586 0.079673166 0.001360836 0.002657845 46.742285284 -370.147302336 ] Q=1.019589e-07
 Minimum found at:
*** Qmin=6.385000e-08 ***   *   119 [ 0.629321251 0.061640825 0.001473425 0.003552855 54.883745032 -415.929694862 ] Q=6.385000e-08
*** Qmin=5.655788e-08 ***   *  5004 [ 0.704778727 0.057727468 0.001140257 0.002241071 40.462439996 -492.326780001 ] Q=5.655788e-08
*** Qmin=2.947273e-08 ***   *  5011 [ 0.962901393 0.054775259 0.001217436 0.003592258 38.298120004 -475.751569998 ] Q=2.947273e-08
*** Qmin=2.154250e-08 ***   *  5026 [ 0.658868164 0.050521213 0.001050012 0.003045382 33.441159997 -484.527440001 ] Q=2.154250e-08
*** Qmin=2.093325e-08 ***   *  5032 [ 0.936820922 0.072422896 0.000861971 0.002264830 29.631959994 -425.888770002 ] Q=2.093325e-08
*** Qmin=1.846356e-08 ***   *  5033 [ 0.897487488 0.052572208 0.000869912 0.002888820 34.367719996 -482.275100001 ] Q=1.846356e-08
*** Qmin=1.727489e-08 ***   *  5166 [ 0.926443698 0.064761854 0.000924517 0.002722295 34.347880004 -456.569269999 ] Q=1.727489e-08
*** Qmin=1.647461e-08 ***   *  5694 [ 0.903387358 0.056238574 0.001127798 0.002788230 21.658320014 -440.344940003 ] Q=1.647461e-08
*** Qmin=1.620288e-08 ***   *  5773 [ 0.849844426 0.042930463 0.001149250 0.003782681 29.052320001 -492.684109999 ] Q=1.620288e-08
*** Qmin=1.386248e-08 ***   *  6369 [ 0.770114499 0.051076177 0.001133551 0.003498920 37.689359995 -460.750160003 ] Q=1.386248e-08
*** Qmin=1.350485e-08 ***   *  6404 [ 0.960101597 0.046100784 0.000978761 0.003987694 38.625759992 -467.453000002 ] Q=1.350485e-08
*** Qmin=1.302499e-08 ***   *  8374 [ 0.801046400 0.054859825 0.001111452 0.003055109 37.658800005 -475.173649999 ] Q=1.302499e-08
*** Qmin=1.239130e-08 ***   * 16213 [ 0.757933106 0.047906202 0.001349865 0.003620219 34.648880004 -469.211700002 ] Q=1.239130e-08
*** Qmin=1.217487e-08 ***   * 18337 [ 0.875000934 0.046259660 0.001069286 0.003985477 40.865399996 -477.608310000 ] Q=1.217487e-08
*** Qmin=1.175233e-08 ***   * 38528 [ 0.874374327 0.043382401 0.000923989 0.004088139 43.783159996 -495.033200001 ] Q=1.175233e-08
*** Qmin=1.172916e-08 ***   * 71122 [ 0.755948401 0.044364933 0.001169298 0.003975511 38.224399997 -479.678330002 ] Q=1.172916e-08
Qopt=1.172916e-08  k1=7.559484e-01  k2=4.436493e-02  C01=1.169298e-03  C02=3.975511e-03  H1=3.822440e+01  H2=-4.796783e+02
