*** Qmin=2.311542e-07 ***   *  5001 [ 0.512640686 0.048372659 0.000509176 0.001914150 37.401559997 -494.047640000 ] Q=2.311542e-07
*** Qmin=1.739345e-07 ***   *  5002 [ 0.398386542 0.082361861 0.000904989 0.002422913 24.545559993 -311.044800003 ] Q=1.739345e-07
*** Qmin=1.622125e-07 ***   *  5004 [ 0.525224923 0.083072043 0.001334267 0.003004784 22.818080002 -334.548170000 ] Q=1.622125e-07
*** Qmin=1.618545e-07 ***   *  5011 [ 0.518373674 0.086131943 0.001283064 0.001404613 39.872960005 -600.967999996 ] Q=1.618545e-07
*** Qmin=8.527778e-08 ***   *  5013 [ 0.599376663 0.046876276 0.001208377 0.002778977 53.205359998 -597.555090000 ] Q=8.527778e-08
*** Qmin=3.521203e-08 ***   *  5017 [ 0.528471219 0.048569886 0.001017909 0.003376675 27.265880001 -464.321310000 ] Q=3.521203e-08
*** Qmin=3.486164e-08 ***   *  5061 [ 0.742787041 0.043089883 0.000660304 0.003930223 32.504279999 -457.265010000 ] Q=3.486164e-08
*** Qmin=3.082034e-08 ***   *  5072 [ 0.912177361 0.068265815 0.000891660 0.002242801 43.146519996 -510.324430000 ] Q=3.082034e-08
*** Qmin=2.954816e-08 ***   *  5082 [ 0.833240089 0.056819083 0.001195142 0.002590489 34.407719998 -519.590499999 ] Q=2.954816e-08
*** Qmin=2.853866e-08 ***   *  5133 [ 0.872082071 0.065442212 0.000790182 0.002782853 58.356280001 -512.076249998 ] Q=2.853866e-08
*** Qmin=2.116105e-08 ***   *  5226 [ 0.869280266 0.066472240 0.000754271 0.002440676 43.573679998 -493.531640000 ] Q=2.116105e-08
*** Qmin=1.896066e-08 ***   *  5426 [ 0.714345815 0.042743190 0.000994291 0.003815032 32.690200000 -484.660310000 ] Q=1.896066e-08
*** Qmin=1.808476e-08 ***   *  5923 [ 0.933285435 0.062643019 0.000867082 0.002785054 34.378719991 -439.987610004 ] Q=1.808476e-08
*** Qmin=1.585359e-08 ***   *  7126 [ 0.779850652 0.055197374 0.001138689 0.002856909 27.893640009 -478.391339998 ] Q=1.585359e-08
*** Qmin=1.549617e-08 ***   *  7516 [ 0.890688556 0.055173290 0.000831822 0.002812087 31.199359997 -481.120980000 ] Q=1.549617e-08
*** Qmin=1.510115e-08 ***   *  8203 [ 0.619176420 0.055349610 0.001532556 0.002974578 29.464520004 -463.270820001 ] Q=1.510115e-08
*** Qmin=1.399427e-08 ***   *  9787 [ 0.604744854 0.050463498 0.001397566 0.003479622 43.981760005 -498.897179999 ] Q=1.399427e-08
*** Qmin=1.235637e-08 ***   *  9894 [ 0.808999974 0.042884162 0.001185493 0.003993357 33.328880008 -482.270799999 ] Q=1.235637e-08
*** Qmin=1.152132e-08 ***   * 10515 [ 0.765308016 0.046857086 0.001246965 0.003768403 37.973640002 -478.681160000 ] Q=1.152132e-08
Qopt=1.152132e-08  k1=7.653080e-01  k2=4.685709e-02  C01=1.246965e-03  C02=3.768403e-03  H1=3.797364e+01  H2=-4.786812e+02
