*** Qmin=2.136505e-07 ***   *  1308 [ 0.676499995 0.104400091 0.001281891 0.002204906 50.620097757 -320.091973034 ] Q=2.136505e-07
 Minimum found at:
*** Qmin=4.514696e-08 ***   *  1551 [ 0.593126799 0.053581367 0.001600553 0.004073051 57.559304890 -440.471559193 ] Q=4.514696e-08
 Minimum found at:
*** Qmin=3.425393e-08 ***   *  2250 [ 0.827337373 0.006361187 0.001280268 0.026467014 35.706733011 -569.363671582 ] Q=3.425393e-08
*** Qmin=3.005058e-08 ***   *  5015 [ 0.698156778 0.055239790 0.000886924 0.002995484 41.627479995 -455.453420002 ] Q=3.005058e-08
*** Qmin=2.762165e-08 ***   *  5152 [ 0.959884669 0.056213559 0.000794556 0.003714688 56.898440002 -497.842389999 ] Q=2.762165e-08
*** Qmin=2.512901e-08 ***   *  5166 [ 0.772973158 0.052414378 0.000903162 0.002913976 33.540440003 -514.731929998 ] Q=2.512901e-08
*** Qmin=1.888633e-08 ***   *  5173 [ 0.770036301 0.060518100 0.000991524 0.002766186 32.841640006 -482.891289998 ] Q=1.888633e-08
*** Qmin=1.669014e-08 ***   *  6293 [ 0.664288516 0.061067889 0.001251556 0.002609481 28.496519999 -465.493920000 ] Q=1.669014e-08
*** Qmin=1.550844e-08 ***   *  6370 [ 0.928295815 0.048462546 0.000792738 0.003649174 46.116839996 -513.987599999 ] Q=1.550844e-08
*** Qmin=1.531611e-08 ***   *  7025 [ 0.885850162 0.053893378 0.000979950 0.003001729 24.056560003 -458.852140000 ] Q=1.531611e-08
*** Qmin=1.479387e-08 ***   *  9029 [ 0.935443588 0.059137163 0.000958662 0.002829291 28.997440000 -443.774620001 ] Q=1.479387e-08
*** Qmin=1.342522e-08 ***   * 11328 [ 0.936231296 0.047393567 0.001006521 0.003827334 34.315440005 -459.814480000 ] Q=1.342522e-08
*** Qmin=1.309977e-08 ***   * 15871 [ 0.739767998 0.045887532 0.001086480 0.003720819 37.042440001 -483.775370000 ] Q=1.309977e-08
*** Qmin=1.250499e-08 ***   * 18708 [ 0.919109884 0.053214460 0.000892586 0.003196262 37.325640005 -482.117719998 ] Q=1.250499e-08
*** Qmin=1.248603e-08 ***   * 32713 [ 0.904603823 0.051184806 0.000936335 0.003406556 33.199320007 -469.974519999 ] Q=1.248603e-08
*** Qmin=1.232772e-08 ***   * 51754 [ 0.804196241 0.052569611 0.001099803 0.003271511 38.773120003 -484.656439999 ] Q=1.232772e-08
*** Qmin=1.232094e-08 ***   * 67647 [ 0.747186080 0.047241028 0.001153439 0.003972890 48.125439994 -489.925230002 ] Q=1.232094e-08
*** Qmin=1.159563e-08 ***   * 72725 [ 0.859874548 0.048147396 0.001042478 0.003613191 37.918720007 -484.781139998 ] Q=1.159563e-08
Qopt=1.159563e-08  k1=8.598745e-01  k2=4.814740e-02  C01=1.042478e-03  C02=3.613191e-03  H1=3.791872e+01  H2=-4.847811e+02
