*** Qmin=5.509429e-07 ***   *  5001 [ 0.457213948 0.072520385 0.001342781 0.002310312 47.996239985 -243.172310006 ] Q=5.509429e-07
*** Qmin=6.282342e-08 ***   *  5003 [ 0.918551539 0.042137596 0.000767028 0.003962611 25.184639992 -389.470780004 ] Q=6.282342e-08
*** Qmin=5.724565e-08 ***   *  5009 [ 0.405053157 0.053761680 0.001370940 0.003366014 53.311680004 -550.043959998 ] Q=5.724565e-08
*** Qmin=4.285222e-08 ***   *  5015 [ 0.914127486 0.064483118 0.000995669 0.002227835 27.155840007 -520.825459997 ] Q=4.285222e-08
*** Qmin=4.046584e-08 ***   *  5033 [ 0.851378571 0.057640738 0.000839994 0.003341387 40.079800006 -505.814589998 ] Q=4.046584e-08
*** Qmin=3.656213e-08 ***   *  5069 [ 0.692870431 0.069260402 0.000989378 0.002666181 46.726319996 -435.054220002 ] Q=3.656213e-08
*** Qmin=2.959601e-08 ***   *  5110 [ 0.614819102 0.075300849 0.000911512 0.001848010 23.004640002 -461.563289999 ] Q=2.959601e-08
*** Qmin=2.209148e-08 ***   *  5152 [ 0.824729898 0.065463125 0.000822213 0.002605008 36.936880004 -486.300759999 ] Q=2.209148e-08
*** Qmin=2.029904e-08 ***   *  5281 [ 0.634468473 0.061840258 0.001297163 0.002514422 20.812880006 -443.167459999 ] Q=2.029904e-08
*** Qmin=1.964811e-08 ***   *  5338 [ 0.812670380 0.051954420 0.001120038 0.003247492 29.156040008 -488.699299998 ] Q=1.964811e-08
*** Qmin=1.650495e-08 ***   *  6061 [ 0.951780900 0.047626179 0.001052617 0.003858239 44.953399994 -491.820240000 ] Q=1.650495e-08
*** Qmin=1.471107e-08 ***   *  7215 [ 0.657283279 0.057948533 0.001333503 0.003080539 42.643399993 -475.186980002 ] Q=1.471107e-08
*** Qmin=1.430435e-08 ***   * 11788 [ 0.972850670 0.042451046 0.000947677 0.003961114 29.359040008 -484.477129999 ] Q=1.430435e-08
*** Qmin=1.346938e-08 ***   * 13010 [ 0.829799472 0.055526334 0.001008070 0.003232306 41.285279992 -477.230340001 ] Q=1.346938e-08
*** Qmin=1.334412e-08 ***   * 14146 [ 0.927042876 0.050423725 0.000858727 0.003381243 39.041759999 -496.472839999 ] Q=1.334412e-08
*** Qmin=1.329561e-08 ***   * 15565 [ 0.822987605 0.049595616 0.001230617 0.003651360 38.713080005 -482.759279998 ] Q=1.329561e-08
*** Qmin=1.295638e-08 ***   * 18894 [ 0.716918787 0.047082708 0.001308266 0.003651495 40.626120005 -502.429629998 ] Q=1.295638e-08
*** Qmin=1.266711e-08 ***   * 20761 [ 0.884467741 0.042702206 0.001106946 0.003997288 31.697280009 -477.832340000 ] Q=1.266711e-08
*** Qmin=1.180922e-08 ***   * 31697 [ 0.782025549 0.049196918 0.001099826 0.003592116 42.318960002 -491.069459999 ] Q=1.180922e-08
Qopt=1.180922e-08  k1=7.820255e-01  k2=4.919692e-02  C01=1.099826e-03  C02=3.592116e-03  H1=4.231896e+01  H2=-4.910695e+02
