*** Qmin=3.670010e-07 ***   *   127 [ 0.589979794 0.156475232 0.001349466 0.001488408 58.528027466 -282.473036444 ] Q=3.670010e-07
 Minimum found at:
*** Qmin=6.014973e-08 ***   *  1015 [ 0.699695633 0.058128920 0.001276486 0.003825318 56.106728266 -421.914288892 ] Q=6.014973e-08
 Minimum found at:
*** Qmin=4.436785e-08 ***   *  1304 [ 0.975317749 0.085357774 0.000885021 0.001901431 21.387920264 -371.328252747 ] Q=4.436785e-08
*** Qmin=4.301776e-08 ***   *  1666 [ 0.825255555 0.001179710 0.001081660 0.146278469 55.801570144 -641.324399297 ] Q=4.301776e-08
 Minimum found at:
*** Qmin=4.159171e-08 ***   *  2415 [ 0.879511313 0.001355987 0.001209288 0.120162367 33.249319082 -581.953022650 ] Q=4.159171e-08
 Minimum found at:
 Minimum found at:
*** Qmin=3.372120e-08 ***   *  2618 [ 0.648858944 0.053972882 0.001442961 0.003817511 50.857916848 -441.407510791 ] Q=3.372120e-08
*** Qmin=3.361737e-08 ***   *  5000 [ 0.579313051 0.071150121 0.001849293 0.002451529 31.298159302 -405.430382010 ] Q=3.361737e-08
*** Qmin=3.281030e-08 ***   *  5029 [ 0.709605291 0.078926500 0.000957546 0.002188080 41.820079998 -433.451180001 ] Q=3.281030e-08
*** Qmin=3.111146e-08 ***   *  5049 [ 0.874198205 0.036565178 0.000775641 0.004172878 20.807599998 -456.899940001 ] Q=3.111146e-08
*** Qmin=2.535475e-08 ***   *  5052 [ 0.804210767 0.048799282 0.000817820 0.003801965 52.248800003 -536.977979999 ] Q=2.535475e-08
*** Qmin=1.995369e-08 ***   *  5104 [ 0.769027045 0.046042730 0.001020301 0.003432459 33.726480003 -511.019309998 ] Q=1.995369e-08
*** Qmin=1.493371e-08 ***   *  5572 [ 0.838137059 0.053187060 0.001069205 0.003187004 42.371199995 -499.854360000 ] Q=1.493371e-08
*** Qmin=1.291357e-08 ***   *  5738 [ 0.673027897 0.041680540 0.001299821 0.004182289 39.456999997 -486.315810002 ] Q=1.291357e-08
*** Qmin=1.286985e-08 ***   * 11530 [ 0.941646969 0.041348801 0.000867679 0.004171322 40.463599995 -506.735650000 ] Q=1.286985e-08
*** Qmin=1.274642e-08 ***   * 12327 [ 0.776177075 0.050958883 0.001180472 0.003464364 43.921399993 -492.575750001 ] Q=1.274642e-08
*** Qmin=1.261681e-08 ***   * 14408 [ 0.892136264 0.046996213 0.000837281 0.003751918 42.675479998 -485.349600001 ] Q=1.261681e-08
*** Qmin=1.222058e-08 ***   * 14433 [ 0.863934688 0.046303485 0.000998592 0.003806583 41.014559998 -499.413179998 ] Q=1.222058e-08
*** Qmin=1.176424e-08 ***   * 19558 [ 0.973667661 0.045398384 0.000877783 0.003866940 38.630319998 -488.020760000 ] Q=1.176424e-08
*** Qmin=1.165451e-08 ***   * 23323 [ 0.785783546 0.044190710 0.001182095 0.004096825 37.387759994 -478.835100002 ] Q=1.165451e-08
*** Qmin=1.151120e-08 ***   * 80524 [ 0.839358522 0.044975679 0.000956985 0.004083276 45.647039992 -496.506380001 ] Q=1.151120e-08
Qopt=1.151120e-08  k1=8.393585e-01  k2=4.497568e-02  C01=9.569850e-04  C02=4.083276e-03  H1=4.564704e+01  H2=-4.965064e+02
