*** Qmin=1.817040e-07 ***   *  5001 [ 0.879810799 0.037442041 0.000620801 0.003740836 50.652719992 -428.638620002 ] Q=1.817040e-07
*** Qmin=1.747234e-07 ***   *  5002 [ 0.537093034 0.057608859 0.001286768 0.001774803 47.712159997 -501.394190000 ] Q=1.747234e-07
*** Qmin=5.531614e-08 ***   *  5005 [ 0.832714793 0.077041533 0.001137606 0.001900205 35.195399999 -525.545569997 ] Q=5.531614e-08
*** Qmin=5.402350e-08 ***   *  5014 [ 0.818345591 0.074035323 0.000682016 0.002059165 44.644400003 -540.237379998 ] Q=5.402350e-08
*** Qmin=4.439147e-08 ***   *  5025 [ 0.433388509 0.082672284 0.001102845 0.001853390 42.478239996 -447.917670001 ] Q=4.439147e-08
*** Qmin=3.680418e-08 ***   *  5041 [ 0.702916722 0.068119990 0.000758029 0.002180516 35.120600003 -509.460989999 ] Q=3.680418e-08
*** Qmin=3.528012e-08 ***   *  5095 [ 0.847168965 0.071430197 0.001221583 0.002628795 40.908920004 -477.464259998 ] Q=3.528012e-08
*** Qmin=2.267055e-08 ***   *  5121 [ 0.727712856 0.080868858 0.001022933 0.001833742 31.485840003 -449.902979999 ] Q=2.267055e-08
*** Qmin=2.186404e-08 ***   *  5272 [ 0.808350376 0.046203013 0.001246217 0.004073689 31.742239985 -431.846420010 ] Q=2.186404e-08
*** Qmin=1.847546e-08 ***   *  5557 [ 0.877509795 0.044758103 0.001014116 0.003425224 26.166199999 -487.219240000 ] Q=1.847546e-08
*** Qmin=1.841192e-08 ***   *  5929 [ 0.875616263 0.066735883 0.001025228 0.002214961 30.251919996 -460.447010001 ] Q=1.841192e-08
*** Qmin=1.693664e-08 ***   *  5999 [ 0.937904475 0.059673064 0.001142270 0.002493327 21.081959997 -447.762870001 ] Q=1.693664e-08
*** Qmin=1.481290e-08 ***   *  6796 [ 0.929973865 0.049594954 0.000910694 0.003766592 37.383519987 -456.655700006 ] Q=1.481290e-08
*** Qmin=1.296540e-08 ***   *  7629 [ 0.668261336 0.050124623 0.001371089 0.003443013 41.588440008 -497.735319998 ] Q=1.296540e-08
*** Qmin=1.257222e-08 ***   *  9126 [ 0.882651812 0.052371969 0.001030498 0.003234090 31.512199996 -469.910880001 ] Q=1.257222e-08
*** Qmin=1.257130e-08 ***   * 15504 [ 0.890204535 0.053445724 0.000924961 0.003146825 32.728840000 -464.438270001 ] Q=1.257130e-08
*** Qmin=1.214830e-08 ***   * 22475 [ 0.747484730 0.045436435 0.001208023 0.003801237 36.691000008 -489.407939998 ] Q=1.214830e-08
*** Qmin=1.165656e-08 ***   * 29974 [ 0.808326961 0.047122332 0.001166925 0.003704440 35.846440003 -475.295340000 ] Q=1.165656e-08
*** Qmin=1.157251e-08 ***   * 76872 [ 0.842932664 0.046368372 0.000979392 0.003798415 41.933440004 -494.743379998 ] Q=1.157251e-08
Qopt=1.157251e-08  k1=8.429327e-01  k2=4.636837e-02  C01=9.793922e-04  C02=3.798415e-03  H1=4.193344e+01  H2=-4.947434e+02
