*** Qmin=3.986751e-07 ***   *  5001 [ 0.728401924 0.073658147 0.000780862 0.002788320 31.763679985 -234.470400007 ] Q=3.986751e-07
*** Qmin=1.777742e-07 ***   *  5002 [ 0.908451818 0.089813401 0.000940431 0.002834155 49.593919990 -336.091870006 ] Q=1.777742e-07
*** Qmin=1.469256e-07 ***   *  5003 [ 0.528490479 0.060706948 0.000671096 0.003688640 57.934440000 -497.649320000 ] Q=1.469256e-07
*** Qmin=1.165727e-07 ***   *  5005 [ 0.544341880 0.089608512 0.000601153 0.001273830 30.627720005 -548.501979997 ] Q=1.165727e-07
*** Qmin=4.928532e-08 ***   *  5006 [ 0.864129916 0.060905720 0.001090695 0.002807073 55.038319992 -468.340090001 ] Q=4.928532e-08
*** Qmin=3.756589e-08 ***   *  5029 [ 0.749537785 0.074800919 0.001138019 0.002534501 41.853640004 -477.595839999 ] Q=3.756589e-08
*** Qmin=3.591510e-08 ***   *  5194 [ 0.940503963 0.075815085 0.000625767 0.002362193 23.182640002 -406.810100000 ] Q=3.591510e-08
*** Qmin=3.554202e-08 ***   *  5196 [ 0.487632291 0.073190477 0.000995816 0.002081754 31.507280000 -447.120450000 ] Q=3.554202e-08
*** Qmin=2.897601e-08 ***   *  5210 [ 0.687165064 0.063917794 0.001205810 0.002102788 29.104839998 -488.421090000 ] Q=2.897601e-08
*** Qmin=2.378550e-08 ***   *  5211 [ 0.592219776 0.065335774 0.001189599 0.002592182 41.713079994 -455.387630002 ] Q=2.378550e-08
*** Qmin=2.365679e-08 ***   *  5266 [ 0.818584741 0.076261115 0.000847011 0.001916120 22.201520000 -459.865649999 ] Q=2.365679e-08
*** Qmin=2.107960e-08 ***   *  5368 [ 0.839901895 0.057602179 0.001086885 0.002983403 42.533279992 -458.405370002 ] Q=2.107960e-08
*** Qmin=1.930484e-08 ***   *  5915 [ 0.872735669 0.044030940 0.000962069 0.003989708 47.740840000 -534.922579997 ] Q=1.930484e-08
*** Qmin=1.898052e-08 ***   *  5997 [ 0.970185358 0.068775347 0.000937062 0.002369681 31.217719994 -437.191320002 ] Q=1.898052e-08
*** Qmin=1.503359e-08 ***   *  6115 [ 0.949066993 0.060702564 0.000890386 0.002544503 24.683600004 -461.464819999 ] Q=1.503359e-08
*** Qmin=1.403126e-08 ***   *  9549 [ 0.592351404 0.048229823 0.001373267 0.003805745 51.256720002 -503.855940000 ] Q=1.403126e-08
*** Qmin=1.272999e-08 ***   * 12949 [ 0.885882267 0.046728835 0.001073365 0.003585957 32.234799997 -482.653500000 ] Q=1.272999e-08
*** Qmin=1.230339e-08 ***   * 18018 [ 0.764170848 0.050545036 0.001211797 0.003546557 42.926119993 -489.201540001 ] Q=1.230339e-08
*** Qmin=1.209778e-08 ***   * 18804 [ 0.873140792 0.050727222 0.001056460 0.003343336 35.460880003 -477.988859998 ] Q=1.209778e-08
Qopt=1.209778e-08  k1=8.731408e-01  k2=5.072722e-02  C01=1.056460e-03  C02=3.343336e-03  H1=3.546088e+01  H2=-4.779889e+02
