*** Qmin=1.062216e-06 ***   *  5001 [ 0.580542267 0.042642113 0.001160634 0.001713869 55.279359991 -242.197070002 ] Q=1.062216e-06
*** Qmin=2.127828e-07 ***   *  5002 [ 0.821726149 0.071940308 0.001222127 0.003607394 27.055440006 -447.112279998 ] Q=2.127828e-07
*** Qmin=7.268059e-08 ***   *  5005 [ 0.605718319 0.059825064 0.000769853 0.003059995 44.489560002 -531.807659999 ] Q=7.268059e-08
*** Qmin=6.213074e-08 ***   *  5009 [ 0.700518422 0.094148546 0.001231825 0.001715410 54.168200002 -511.460489998 ] Q=6.213074e-08
*** Qmin=6.024492e-08 ***   *  5015 [ 0.861037298 0.083370124 0.001067693 0.002113549 50.086880003 -513.792379998 ] Q=6.024492e-08
*** Qmin=5.305705e-08 ***   *  5068 [ 0.821313946 0.056099493 0.001035010 0.002437947 41.717199995 -479.163190001 ] Q=5.305705e-08
*** Qmin=4.217443e-08 ***   *  5070 [ 0.878120285 0.065350219 0.000765090 0.002944612 27.354120001 -396.526220001 ] Q=4.217443e-08
*** Qmin=3.759726e-08 ***   *  5072 [ 0.954688139 0.073720447 0.000946823 0.001657790 23.132479997 -449.137580000 ] Q=3.759726e-08
*** Qmin=3.465561e-08 ***   *  5098 [ 0.590631816 0.080275977 0.000858701 0.001781748 25.229119999 -465.258709999 ] Q=3.465561e-08
*** Qmin=3.232661e-08 ***   *  5101 [ 0.435261419 0.048708664 0.001373809 0.003463639 43.085720003 -509.459699999 ] Q=3.232661e-08
*** Qmin=2.845066e-08 ***   *  5120 [ 0.860390745 0.046650139 0.000953020 0.003095293 27.566360000 -515.213959999 ] Q=2.845066e-08
*** Qmin=1.901941e-08 ***   *  5122 [ 0.816669818 0.049888490 0.000959621 0.003472923 39.329039993 -455.361830003 ] Q=1.901941e-08
*** Qmin=1.766263e-08 ***   *  5165 [ 0.866815941 0.063859035 0.001200137 0.002469115 25.040000006 -465.565299998 ] Q=1.766263e-08
*** Qmin=1.538069e-08 ***   *  5780 [ 0.955678281 0.062404105 0.000790223 0.002714817 37.516679997 -462.751380001 ] Q=1.538069e-08
*** Qmin=1.398165e-08 ***   *  8628 [ 0.912615049 0.058245001 0.000918253 0.002878351 31.056120000 -450.772010001 ] Q=1.398165e-08
*** Qmin=1.344802e-08 ***   * 13605 [ 0.890453609 0.053712068 0.001107404 0.003132456 34.938079995 -479.116750000 ] Q=1.344802e-08
*** Qmin=1.252193e-08 ***   * 14587 [ 0.962912696 0.047454463 0.000877638 0.003523203 31.718040005 -479.716599999 ] Q=1.252193e-08
*** Qmin=1.192567e-08 ***   * 43571 [ 0.876739099 0.048986313 0.000956178 0.003626686 41.367079998 -481.741900001 ] Q=1.192567e-08
*** Qmin=1.178716e-08 ***   * 58231 [ 0.866580729 0.043504516 0.000923524 0.004005639 41.522239995 -493.765990001 ] Q=1.178716e-08
*** Qmin=1.130925e-08 ***   * 66042 [ 0.753987073 0.044263675 0.001145861 0.004093485 44.833079995 -500.834760001 ] Q=1.130925e-08
Qopt=1.130925e-08  k1=7.539871e-01  k2=4.426367e-02  C01=1.145861e-03  C02=4.093485e-03  H1=4.483308e+01  H2=-5.008348e+02
