*** Qmin=5.372793e-07 ***   *    29 [ 0.704273472 0.106442177 0.001513837 0.002819510 48.920779214 -220.635597659 ] Q=5.372793e-07
*** Qmin=7.387372e-08 ***   *   527 [ 0.938974524 0.000683626 0.001219961 0.198849507 24.557384211 -627.557304515 ] Q=7.387372e-08
*** Qmin=7.292104e-08 ***   *  5001 [ 0.373086437 0.048221018 0.001263819 0.002982330 47.480159995 -483.900930001 ] Q=7.292104e-08
*** Qmin=5.858276e-08 ***   *  5005 [ 0.590243587 0.070836266 0.001049098 0.001946121 37.156919996 -430.755510001 ] Q=5.858276e-08
*** Qmin=4.253918e-08 ***   *  5018 [ 0.476670788 0.053330453 0.001104850 0.002914789 41.397200003 -528.796369998 ] Q=4.253918e-08
*** Qmin=3.490882e-08 ***   *  5064 [ 0.799194053 0.065465601 0.000854909 0.003221996 56.459560002 -481.576350000 ] Q=3.490882e-08
*** Qmin=3.474390e-08 ***   *  5088 [ 0.941903651 0.081897050 0.000654311 0.002055029 45.782519994 -488.536759999 ] Q=3.474390e-08
*** Qmin=3.220670e-08 ***   *  5192 [ 0.735619611 0.052069781 0.001379987 0.003654737 34.347639985 -414.454640012 ] Q=3.220670e-08
*** Qmin=2.693885e-08 ***   *  5237 [ 0.720486557 0.056742295 0.001337226 0.003023302 25.831519997 -411.885390007 ] Q=2.693885e-08
*** Qmin=2.366577e-08 ***   *  5337 [ 0.743051426 0.063322794 0.001022836 0.002236078 30.306119997 -464.570710001 ] Q=2.366577e-08
*** Qmin=2.078783e-08 ***   *  5615 [ 0.584240303 0.060759516 0.001332839 0.002574651 29.790639996 -447.564210001 ] Q=2.078783e-08
*** Qmin=1.867746e-08 ***   *  5733 [ 0.826451659 0.055351911 0.000890990 0.003296672 54.658239999 -511.982080000 ] Q=1.867746e-08
*** Qmin=1.787405e-08 ***   *  5977 [ 0.844052102 0.044123175 0.000883549 0.004041771 55.153999992 -516.430000001 ] Q=1.787405e-08
*** Qmin=1.722046e-08 ***   *  6569 [ 0.752960565 0.050667645 0.001213265 0.003227330 41.329519994 -480.670770001 ] Q=1.722046e-08
*** Qmin=1.550695e-08 ***   *  7428 [ 0.705499288 0.042646748 0.001392914 0.003854551 32.784560015 -498.426329996 ] Q=1.550695e-08
*** Qmin=1.456219e-08 ***   *  7602 [ 0.657796441 0.052570822 0.001313497 0.003532886 43.417360004 -473.885370000 ] Q=1.456219e-08
*** Qmin=1.440293e-08 ***   *  8458 [ 0.951470167 0.048099872 0.000811764 0.003456593 38.705359999 -503.153319999 ] Q=1.440293e-08
*** Qmin=1.376325e-08 ***   *  9152 [ 0.801464296 0.056220456 0.001109931 0.003076824 39.651360005 -486.099519998 ] Q=1.376325e-08
*** Qmin=1.349225e-08 ***   * 14826 [ 0.854791804 0.051357432 0.000911309 0.003381180 44.515999997 -497.854000000 ] Q=1.349225e-08
*** Qmin=1.156602e-08 ***   * 15137 [ 0.795864969 0.043973449 0.001187761 0.003942624 38.319040006 -491.511069999 ] Q=1.156602e-08
*** Qmin=1.143301e-08 ***   * 52079 [ 0.853635572 0.045848108 0.001037673 0.003868384 40.066679995 -491.798310000 ] Q=1.143301e-08
Qopt=1.143301e-08  k1=8.536356e-01  k2=4.584811e-02  C01=1.037673e-03  C02=3.868384e-03  H1=4.006668e+01  H2=-4.917983e+02
