 Minimum found at:
*** Qmin=3.171319e-07 ***   *   328 [ 0.635462712 0.131154198 0.001033589 0.001834132 45.269858122 -226.065252511 ] Q=3.171319e-07
 Minimum found at:
*** Qmin=2.064676e-08 ***   *   373 [ 0.853297040 0.064700181 0.000879821 0.002634799 27.386959553 -393.242783186 ] Q=2.064676e-08
 Minimum found at:
 Minimum found at:
 Minimum found at:
 Minimum found at:
 Minimum found at:
*** Qmin=1.612983e-08 ***   *  2658 [ 0.869149277 0.056492959 0.000825109 0.003120746 31.680025437 -408.581718391 ] Q=1.612983e-08
 Minimum found at:
 Minimum found at:
*** Qmin=1.396051e-08 ***   *  3678 [ 0.652734719 0.007203130 0.001243784 0.028513362 58.224879544 -509.908471237 ] Q=1.396051e-08
 Minimum found at:
*** Qmin=1.326373e-08 ***   *  8287 [ 0.753850727 0.050786680 0.000851318 0.003517860 39.422360004 -449.821709998 ] Q=1.326373e-08
*** Qmin=1.299859e-08 ***   *  9267 [ 0.726087823 0.046264570 0.001098187 0.003657794 31.396479999 -449.678090000 ] Q=1.299859e-08
*** Qmin=1.264183e-08 ***   * 12687 [ 0.812223412 0.048682135 0.000869300 0.003450243 30.438240006 -441.569579999 ] Q=1.264183e-08
*** Qmin=1.242536e-08 ***   * 16513 [ 0.687510900 0.048181656 0.001188447 0.003520479 36.726040007 -450.003599997 ] Q=1.242536e-08
*** Qmin=1.204515e-08 ***   * 20297 [ 0.955667525 0.043826365 0.000739854 0.003928230 35.173159995 -449.466100001 ] Q=1.204515e-08
*** Qmin=1.201600e-08 ***   * 24073 [ 0.838001525 0.046446279 0.000879152 0.003666444 34.330000007 -450.784049997 ] Q=1.201600e-08
*** Qmin=1.200284e-08 ***   * 43850 [ 0.689598631 0.048772616 0.001156475 0.003759103 41.096760004 -441.847789998 ] Q=1.200284e-08
*** Qmin=1.190362e-08 ***   * 50397 [ 0.900385575 0.043017351 0.000693981 0.004188653 41.158439993 -456.378780000 ] Q=1.190362e-08
*** Qmin=1.170959e-08 ***   * 66643 [ 0.735891218 0.043464081 0.000999056 0.004012424 36.089079998 -450.376410001 ] Q=1.170959e-08
Qopt=1.170959e-08  k1=7.358912e-01  k2=4.346408e-02  C01=9.990556e-04  C02=4.012424e-03  H1=3.608908e+01  H2=-4.503764e+02
