 Minimum found at:
*** Qmin=7.258565e-08 ***   *    44 [ 0.571633167 0.054672673 0.001304934 0.004408640 59.911326313 -358.901361796 ] Q=7.258565e-08
 Minimum found at:
*** Qmin=5.863244e-08 ***   *   504 [ 0.775561503 0.000769509 0.001111413 0.198300602 39.597311517 -600.689378699 ] Q=5.863244e-08
 Minimum found at:
*** Qmin=5.164807e-08 ***   *  1332 [ 0.958438165 0.091029033 0.000517949 0.001543446 36.577960036 -461.758079957 ] Q=5.164807e-08
 Minimum found at:
 Minimum found at:
*** Qmin=3.995117e-08 ***   *  3713 [ 0.617681141 0.046719637 0.001199468 0.004861371 56.987903190 -388.903992727 ] Q=3.995117e-08
*** Qmin=2.747173e-08 ***   *  3989 [ 0.745697121 0.002089271 0.001185478 0.085867519 43.365436661 -534.787154663 ] Q=2.747173e-08
 Minimum found at:
 Minimum found at:
*** Qmin=1.521994e-08 ***   *  5000 [ 0.661920393 0.030224796 0.001352354 0.005832481 37.268873333 -478.774825033 ] Q=1.521994e-08
*** Qmin=1.497614e-08 ***   *  5056 [ 0.786776827 0.052303980 0.001277301 0.003164573 24.922600004 -422.921340000 ] Q=1.497614e-08
*** Qmin=1.389174e-08 ***   *  6411 [ 0.713463269 0.047035067 0.000927892 0.004046299 51.639639995 -454.060650000 ] Q=1.389174e-08
*** Qmin=1.312206e-08 ***   *  9287 [ 0.858459196 0.045616380 0.000946000 0.003723000 28.451760007 -433.557820001 ] Q=1.312206e-08
*** Qmin=1.298446e-08 ***   * 10787 [ 0.661283996 0.053548005 0.001256480 0.003201692 37.289480004 -444.605379998 ] Q=1.298446e-08
*** Qmin=1.279584e-08 ***   * 12489 [ 0.755144092 0.049711071 0.000884007 0.003394406 36.452239996 -443.389770001 ] Q=1.279584e-08
*** Qmin=1.260082e-08 ***   * 21489 [ 0.725902331 0.042363788 0.001276792 0.004157853 32.609839996 -436.348090002 ] Q=1.260082e-08
*** Qmin=1.133972e-08 ***   * 26121 [ 0.868168579 0.044574092 0.000759917 0.004077178 40.225959994 -447.586570001 ] Q=1.133972e-08
Qopt=1.133972e-08  k1=8.681686e-01  k2=4.457409e-02  C01=7.599174e-04  C02=4.077178e-03  H1=4.022596e+01  H2=-4.475866e+02
