 Minimum found at:
*** Qmin=9.739301e-08 ***   *    68 [ 0.758585215 0.083759033 0.000907902 0.002419274 37.198690296 -316.870752533 ] Q=9.739301e-08
*** Qmin=5.100019e-08 ***   *    96 [ 0.828703392 0.086009588 0.000990110 0.001963548 21.224975288 -342.272740723 ] Q=5.100019e-08
 Minimum found at:
*** Qmin=1.665260e-08 ***   *  1019 [ 0.611888638 0.034687935 0.001257589 0.006252550 56.896735042 -430.348653722 ] Q=1.665260e-08
 Minimum found at:
 Minimum found at:
 Minimum found at:
 Minimum found at:
 Minimum found at:
 Minimum found at:
 Minimum found at:
*** Qmin=1.570020e-08 ***   *  5747 [ 0.831608632 0.044006845 0.000815529 0.004045616 41.687919993 -429.985810002 ] Q=1.570020e-08
*** Qmin=1.564820e-08 ***   *  5764 [ 0.665214241 0.046657919 0.001375935 0.003766444 27.039120004 -424.798290004 ] Q=1.564820e-08
*** Qmin=1.550077e-08 ***   *  7333 [ 0.546384507 0.055158435 0.001293281 0.003191986 38.245039997 -429.271150002 ] Q=1.550077e-08
*** Qmin=1.259751e-08 ***   *  8168 [ 0.741977240 0.049108603 0.001091322 0.003543434 31.937160001 -441.408759999 ] Q=1.259751e-08
*** Qmin=1.215376e-08 ***   * 10075 [ 0.623655280 0.046987374 0.001280487 0.003861698 43.742520004 -442.684999999 ] Q=1.215376e-08
*** Qmin=1.197201e-08 ***   * 10160 [ 0.697369089 0.046917415 0.000976616 0.003807356 41.148799998 -444.981200001 ] Q=1.197201e-08
*** Qmin=1.180360e-08 ***   * 21390 [ 0.815262121 0.045490545 0.000811311 0.003806375 36.698880000 -450.379850000 ] Q=1.180360e-08
Qopt=1.180360e-08  k1=8.152621e-01  k2=4.549054e-02  C01=8.113107e-04  C02=3.806375e-03  H1=3.669888e+01  H2=-4.503798e+02
