*** Qmin=6.324271e-08 ***   *     6 [ 0.772260029 0.094771666 0.000719646 0.001947802 46.541200016 -361.789099991 ] Q=6.324271e-08
 Minimum found at:
 Minimum found at:
 Minimum found at:
 Minimum found at:
*** Qmin=4.591462e-08 ***   *  1117 [ 0.676791294 0.000728050 0.001297666 0.227418977 46.158977856 -583.915652032 ] Q=4.591462e-08
 Minimum found at:
 Minimum found at:
*** Qmin=3.589434e-08 ***   *  2903 [ 0.547365289 0.050415241 0.001459861 0.004292457 52.564516108 -389.548380706 ] Q=3.589434e-08
 Minimum found at:
 Minimum found at:
*** Qmin=1.742052e-08 ***   *  4180 [ 0.815698335 0.022774047 0.000969269 0.007836426 39.032882690 -493.223253849 ] Q=1.742052e-08
 Minimum found at:
 Minimum found at:
*** Qmin=1.374702e-08 ***   *  4635 [ 0.953150409 0.045314930 0.000769120 0.003653779 28.060102223 -450.670082688 ] Q=1.374702e-08
*** Qmin=1.332909e-08 ***   * 15420 [ 0.858711298 0.055095817 0.000687946 0.003137269 33.031680003 -433.344969999 ] Q=1.332909e-08
*** Qmin=1.330354e-08 ***   * 16206 [ 0.781476021 0.046722551 0.001132462 0.003683372 33.847320005 -454.819599997 ] Q=1.330354e-08
*** Qmin=1.321321e-08 ***   * 16359 [ 0.755622099 0.047128073 0.000869509 0.003598641 32.203680002 -442.887960000 ] Q=1.321321e-08
*** Qmin=1.245708e-08 ***   * 17640 [ 0.600758870 0.050159202 0.001357560 0.003481040 37.444720006 -440.336769999 ] Q=1.245708e-08
*** Qmin=1.205500e-08 ***   * 30148 [ 0.725255914 0.044639963 0.001034992 0.004005236 39.783919998 -458.073409999 ] Q=1.205500e-08
*** Qmin=1.197870e-08 ***   * 74310 [ 0.911824545 0.048977099 0.000727571 0.003667465 35.675279995 -436.602650002 ] Q=1.197870e-08
Qopt=1.197870e-08  k1=9.118245e-01  k2=4.897710e-02  C01=7.275710e-04  C02=3.667465e-03  H1=3.567528e+01  H2=-4.366027e+02
