 Minimum found at:
*** Qmin=2.573731e-08 ***   *   315 [ 0.718718322 0.002411398 0.001171886 0.076628763 48.686883474 -539.510497373 ] Q=2.573731e-08
 Minimum found at:
*** Qmin=2.423537e-08 ***   *   592 [ 0.853902530 0.039565950 0.001058654 0.003925400 22.807516083 -476.917353976 ] Q=2.423537e-08
 Minimum found at:
*** Qmin=1.386900e-08 ***   *   644 [ 0.843571379 0.056211984 0.000935597 0.002957179 26.831066977 -421.138572999 ] Q=1.386900e-08
 Minimum found at:
 Minimum found at:
 Minimum found at:
 Minimum found at:
 Minimum found at:
*** Qmin=1.375899e-08 ***   *  5121 [ 0.718495924 0.043865343 0.000862647 0.004046176 46.622679996 -457.488610001 ] Q=1.375899e-08
*** Qmin=1.365871e-08 ***   *  7252 [ 0.931153893 0.045008228 0.000640581 0.004114453 46.182799992 -450.166140001 ] Q=1.365871e-08
*** Qmin=1.328413e-08 ***   *  7799 [ 0.771167404 0.046699556 0.001081060 0.003577619 28.283600009 -440.140689999 ] Q=1.328413e-08
*** Qmin=1.310915e-08 ***   * 10149 [ 0.812935747 0.053582645 0.000775227 0.003316076 39.944280000 -435.090770000 ] Q=1.310915e-08
*** Qmin=1.279015e-08 ***   * 11739 [ 0.659055991 0.046231729 0.001124719 0.003903939 39.087039996 -431.964240003 ] Q=1.279015e-08
*** Qmin=1.273748e-08 ***   * 19670 [ 0.719176863 0.042388402 0.001012364 0.004140058 42.606679995 -466.278240000 ] Q=1.273748e-08
*** Qmin=1.260531e-08 ***   * 32731 [ 0.559977491 0.045201892 0.001416288 0.004072998 45.463479998 -458.418269999 ] Q=1.260531e-08
*** Qmin=1.210488e-08 ***   * 34407 [ 0.888801956 0.046041768 0.000780985 0.003811398 38.018960003 -454.157829997 ] Q=1.210488e-08
*** Qmin=1.143477e-08 ***   * 51369 [ 0.707293022 0.043019317 0.001134535 0.004246522 37.113079996 -439.345620003 ] Q=1.143477e-08
Qopt=1.143477e-08  k1=7.072930e-01  k2=4.301932e-02  C01=1.134535e-03  C02=4.246522e-03  H1=3.711308e+01  H2=-4.393456e+02
