 Minimum found at:
*** Qmin=8.428741e-08 ***   *    39 [ 0.632572842 0.073410219 0.001182515 0.002903454 43.962660600 -333.107010486 ] Q=8.428741e-08
 Minimum found at:
*** Qmin=5.388062e-08 ***   *   531 [ 0.828882467 0.000654102 0.001127462 0.232664420 31.756761734 -578.237507501 ] Q=5.388062e-08
 Minimum found at:
 Minimum found at:
*** Qmin=5.066363e-08 ***   *  1362 [ 0.781710432 0.000697738 0.001196610 0.223020761 34.405433070 -576.425057933 ] Q=5.066363e-08
 Minimum found at:
*** Qmin=3.097356e-08 ***   *  1688 [ 0.884839546 0.020437935 0.000974971 0.007960038 29.166030511 -511.005786131 ] Q=3.097356e-08
 Minimum found at:
*** Qmin=1.790662e-08 ***   *  2870 [ 0.793427784 0.027355807 0.001040190 0.006335401 35.466641320 -487.598392774 ] Q=1.790662e-08
 Minimum found at:
 Minimum found at:
*** Qmin=1.724670e-08 ***   *  5505 [ 0.643046158 0.057661505 0.001094966 0.002975776 29.770800000 -412.474490003 ] Q=1.724670e-08
*** Qmin=1.487950e-08 ***   *  6146 [ 0.567747047 0.049875663 0.001306311 0.003503673 33.846320001 -430.430860002 ] Q=1.487950e-08
*** Qmin=1.383904e-08 ***   *  6183 [ 0.624893288 0.043057958 0.001479255 0.003998806 32.696200014 -456.546049996 ] Q=1.383904e-08
*** Qmin=1.250702e-08 ***   *  8754 [ 0.829290349 0.042901572 0.000974048 0.004114737 38.553639995 -459.730199999 ] Q=1.250702e-08
*** Qmin=1.166821e-08 ***   * 10793 [ 0.808355453 0.043364505 0.000853187 0.004116130 42.226119994 -456.014570001 ] Q=1.166821e-08
*** Qmin=1.164331e-08 ***   * 81245 [ 0.767437798 0.044606215 0.000938533 0.003914158 37.383800001 -453.272889999 ] Q=1.164331e-08
Qopt=1.164331e-08  k1=7.674378e-01  k2=4.460622e-02  C01=9.385333e-04  C02=3.914158e-03  H1=3.738380e+01  H2=-4.532729e+02
