 Minimum found at:
*** Qmin=6.143693e-08 ***   *    50 [ 0.765767235 0.092570279 0.001103900 0.001772168 20.204854310 -330.792237629 ] Q=6.143693e-08
 Minimum found at:
 Minimum found at:
*** Qmin=5.536000e-08 ***   *  1027 [ 0.899632714 0.000970679 0.001071562 0.154705984 26.685839029 -568.067808899 ] Q=5.536000e-08
 Minimum found at:
*** Qmin=5.047878e-08 ***   *  1072 [ 0.789457094 0.080089157 0.000957989 0.002206340 27.589443720 -347.512783351 ] Q=5.047878e-08
 Minimum found at:
*** Qmin=1.496119e-08 ***   *  1233 [ 0.696405538 0.041407287 0.001077601 0.004856316 47.334704671 -425.246027713 ] Q=1.496119e-08
 Minimum found at:
 Minimum found at:
 Minimum found at:
 Minimum found at:
*** Qmin=1.456135e-08 ***   *  5549 [ 0.804100834 0.042874025 0.000897346 0.003814098 29.535479999 -453.735140000 ] Q=1.456135e-08
*** Qmin=1.357605e-08 ***   *  6363 [ 0.924694284 0.055353560 0.000878106 0.003027520 30.413360000 -425.595080000 ] Q=1.357605e-08
*** Qmin=1.268217e-08 ***   *  8818 [ 0.652542886 0.050111398 0.001335268 0.003394249 32.068000003 -439.181360000 ] Q=1.268217e-08
*** Qmin=1.241928e-08 ***   * 25373 [ 0.723044315 0.051098132 0.001139294 0.003349166 34.412400000 -445.295529999 ] Q=1.241928e-08
*** Qmin=1.218042e-08 ***   * 26980 [ 0.751439343 0.046778009 0.000968529 0.003701525 38.313600004 -455.484379998 ] Q=1.218042e-08
*** Qmin=1.193879e-08 ***   * 29430 [ 0.782518522 0.049070064 0.000983428 0.003591852 36.998040002 -434.768700000 ] Q=1.193879e-08
*** Qmin=1.149252e-08 ***   * 81437 [ 0.831534204 0.047432141 0.000857041 0.003681445 36.624440004 -445.760789999 ] Q=1.149252e-08
Qopt=1.149252e-08  k1=8.315342e-01  k2=4.743214e-02  C01=8.570406e-04  C02=3.681445e-03  H1=3.662444e+01  H2=-4.457608e+02
