*** Qmin=2.341071e-07 ***   *    75 [ 0.679506673 0.114189983 0.000839029 0.002214901 58.661890730 -270.230310022 ] Q=2.341071e-07
 Minimum found at:
*** Qmin=1.414129e-08 ***   *   126 [ 0.930896694 0.052700770 0.000827725 0.003051129 24.351938680 -436.929435093 ] Q=1.414129e-08
 Minimum found at:
 Minimum found at:
 Minimum found at:
 Minimum found at:
*** Qmin=1.181529e-08 ***   *  1361 [ 0.634294461 0.034174426 0.001241113 0.005976835 51.176949841 -442.635530244 ] Q=1.181529e-08
 Minimum found at:
 Minimum found at:
 Minimum found at:
 Minimum found at:
 Minimum found at:
 Minimum found at:
 Minimum found at:
 Minimum found at:
 Minimum found at:
 Minimum found at:
 Minimum found at:
*** Qmin=1.174302e-08 ***   * 57693 [ 0.638262687 0.045979677 0.001265243 0.003972514 39.486239998 -445.428830001 ] Q=1.174302e-08
Qopt=1.174302e-08  k1=6.382627e-01  k2=4.597968e-02  C01=1.265243e-03  C02=3.972514e-03  H1=3.948624e+01  H2=-4.454288e+02
