*** Qmin=3.075323e-08 ***   *    80 [ 0.828146053 0.037297032 0.001001361 0.004095569 20.831152440 -486.856123570 ] Q=3.075323e-08
 Minimum found at:
 Minimum found at:
 Minimum found at:
*** Qmin=1.293846e-08 ***   *   543 [ 0.788106314 0.049405843 0.001053375 0.003380518 28.593282499 -438.943123836 ] Q=1.293846e-08
 Minimum found at:
 Minimum found at:
 Minimum found at:
 Minimum found at:
 Minimum found at:
 Minimum found at:
 Minimum found at:
 Minimum found at:
*** Qmin=1.274025e-08 ***   *  8766 [ 0.614037371 0.049740312 0.001299896 0.003692481 44.140199997 -447.654080000 ] Q=1.274025e-08
*** Qmin=1.248815e-08 ***   *  8835 [ 0.784186789 0.047130594 0.001053189 0.003901188 41.423759996 -442.506980000 ] Q=1.248815e-08
*** Qmin=1.223536e-08 ***   *  9843 [ 0.764313014 0.044982779 0.000904270 0.003878199 39.694399997 -458.775170000 ] Q=1.223536e-08
*** Qmin=1.210182e-08 ***   * 28027 [ 0.686500616 0.048675288 0.001118778 0.003678025 42.306519994 -449.178000001 ] Q=1.210182e-08
*** Qmin=1.190910e-08 ***   * 47427 [ 0.958900330 0.046434000 0.000661365 0.003813379 33.549640002 -435.665680000 ] Q=1.190910e-08
*** Qmin=1.170993e-08 ***   * 97500 [ 0.810665933 0.043121934 0.000905215 0.004148997 34.879839998 -436.038490002 ] Q=1.170993e-08
Qopt=1.170993e-08  k1=8.106659e-01  k2=4.312193e-02  C01=9.052150e-04  C02=4.148997e-03  H1=3.487984e+01  H2=-4.360385e+02
