 Minimum found at:
*** Qmin=1.047761e-07 ***   *   531 [ 0.849580422 0.092560591 0.000774234 0.002069351 31.227004806 -306.074986727 ] Q=1.047761e-07
*** Qmin=1.692086e-08 ***   *   610 [ 0.942082774 0.042913530 0.000986784 0.003773698 23.989225688 -453.060006578 ] Q=1.692086e-08
 Minimum found at:
 Minimum found at:
 Minimum found at:
 Minimum found at:
 Minimum found at:
 Minimum found at:
*** Qmin=1.211881e-08 ***   *  2231 [ 0.541627827 0.010346189 0.001606949 0.020159069 59.959036254 -500.917018447 ] Q=1.211881e-08
 Minimum found at:
 Minimum found at:
 Minimum found at:
 Minimum found at:
 Minimum found at:
*** Qmin=1.202186e-08 ***   * 10197 [ 0.706797277 0.043897863 0.000999066 0.004122622 39.936439997 -437.553810002 ] Q=1.202186e-08
*** Qmin=1.199268e-08 ***   * 51979 [ 0.869085273 0.048112626 0.000742455 0.003701329 39.115959997 -438.163550001 ] Q=1.199268e-08
*** Qmin=1.190654e-08 ***   * 72206 [ 0.794040239 0.043692933 0.000835956 0.003995980 39.637199998 -455.763020000 ] Q=1.190654e-08
*** Qmin=1.174972e-08 ***   * 85038 [ 0.767407268 0.048517706 0.001014047 0.003553429 35.181200005 -439.766159999 ] Q=1.174972e-08
Qopt=1.174972e-08  k1=7.674073e-01  k2=4.851771e-02  C01=1.014047e-03  C02=3.553429e-03  H1=3.518120e+01  H2=-4.397662e+02
