*** Qmin=3.323960e-08 ***   *   249 [ 0.622682038 0.001475721 0.001601278 0.118020148 44.725173516 -552.070209745 ] Q=3.323960e-08
 Minimum found at:
*** Qmin=1.711638e-08 ***   *   360 [ 0.995149901 0.045956063 0.000758114 0.003452391 24.002199109 -457.130352736 ] Q=1.711638e-08
 Minimum found at:
 Minimum found at:
 Minimum found at:
 Minimum found at:
 Minimum found at:
 Minimum found at:
 Minimum found at:
 Minimum found at:
*** Qmin=1.622236e-08 ***   *  3260 [ 0.677542803 0.014719011 0.001249463 0.012872293 47.227618261 -503.139349400 ] Q=1.622236e-08
 Minimum found at:
 Minimum found at:
 Minimum found at:
*** Qmin=1.554926e-08 ***   *  5026 [ 0.755970569 0.055177982 0.001051679 0.003123244 42.169599994 -449.121670000 ] Q=1.554926e-08
*** Qmin=1.423663e-08 ***   *  7074 [ 0.629764587 0.048680264 0.001129924 0.003937567 52.362800000 -446.718830000 ] Q=1.423663e-08
*** Qmin=1.289614e-08 ***   *  8585 [ 0.765065814 0.046467866 0.000952687 0.003936192 37.199319997 -425.968320004 ] Q=1.289614e-08
*** Qmin=1.157822e-08 ***   * 13536 [ 0.615754279 0.044155196 0.001327766 0.004086555 38.957919997 -446.171870001 ] Q=1.157822e-08
Qopt=1.157822e-08  k1=6.157543e-01  k2=4.415520e-02  C01=1.327766e-03  C02=4.086555e-03  H1=3.895792e+01  H2=-4.461719e+02
