 Minimum found at:
*** Qmin=3.759330e-08 ***   *    58 [ 0.518396343 0.045843843 0.001539610 0.004951294 58.620329407 -393.674999029 ] Q=3.759330e-08
 Minimum found at:
 Minimum found at:
*** Qmin=1.068955e-08 ***   *   818 [ 0.663379310 0.029247338 0.001237852 0.006523186 45.471601952 -467.643035071 ] Q=1.068955e-08
 Minimum found at:
 Minimum found at:
 Minimum found at:
 Minimum found at:
 Minimum found at:
 Minimum found at:
*** Qmin=1.062809e-08 ***   *  4078 [ 0.610193513 0.034069091 0.001356146 0.005774507 47.714971857 -449.966176842 ] Q=1.062809e-08
 Minimum found at:
 Minimum found at:
 Minimum found at:
 Minimum found at:
*** Qmin=1.016657e-08 ***   *  4298 [ 0.607291885 0.023384682 0.001309367 0.009075420 58.139208440 -464.852782772 ] Q=1.016657e-08
 Minimum found at:
 Minimum found at:
Qopt=1.016657e-08  k1=6.072919e-01  k2=2.338468e-02  C01=1.309367e-03  C02=9.075420e-03  H1=5.813921e+01  H2=-4.648528e+02
