 Minimum found at:
*** Qmin=1.406468e-07 ***   *   754 [ 0.676734594 0.098343129 0.001081183 0.002059338 35.255675349 -288.733785499 ] Q=1.406468e-07
 Minimum found at:
*** Qmin=3.345811e-08 ***   *  1028 [ 0.876960240 0.005493830 0.000985443 0.030907925 34.409581517 -531.211433244 ] Q=3.345811e-08
 Minimum found at:
*** Qmin=1.659906e-08 ***   *  1312 [ 0.666268590 0.044389994 0.001158637 0.004495457 45.995463199 -418.747498836 ] Q=1.659906e-08
 Minimum found at:
 Minimum found at:
 Minimum found at:
 Minimum found at:
 Minimum found at:
*** Qmin=1.361675e-08 ***   *  3655 [ 0.802500009 0.054751095 0.001001667 0.003084120 28.477818122 -421.944344039 ] Q=1.361675e-08
 Minimum found at:
 Minimum found at:
*** Qmin=1.332694e-08 ***   *  8568 [ 0.736623210 0.048403860 0.001108971 0.003462967 29.227080010 -432.372310000 ] Q=1.332694e-08
*** Qmin=1.258572e-08 ***   * 10328 [ 0.891319213 0.044169655 0.000670542 0.003920094 32.960080001 -440.113170000 ] Q=1.258572e-08
*** Qmin=1.243167e-08 ***   * 13333 [ 0.741682198 0.051501198 0.000897931 0.003368484 37.171760000 -440.791280000 ] Q=1.243167e-08
*** Qmin=1.237521e-08 ***   * 23113 [ 0.871787043 0.046064357 0.000750449 0.003777420 39.891239994 -455.280560000 ] Q=1.237521e-08
*** Qmin=1.200196e-08 ***   * 41088 [ 0.799703924 0.046487197 0.000871531 0.003806822 40.249719999 -455.121029998 ] Q=1.200196e-08
*** Qmin=1.171402e-08 ***   * 63486 [ 0.971755201 0.045228370 0.000667097 0.003971247 36.180760001 -438.771570000 ] Q=1.171402e-08
Qopt=1.171402e-08  k1=9.717552e-01  k2=4.522837e-02  C01=6.670975e-04  C02=3.971247e-03  H1=3.618076e+01  H2=-4.387716e+02
