 Minimum found at:
*** Qmin=2.635657e-08 ***   *   125 [ 0.907422284 0.031322788 0.000932195 0.005083233 25.981851229 -491.516862835 ] Q=2.635657e-08
 Minimum found at:
 Minimum found at:
*** Qmin=2.502755e-08 ***   *  1608 [ 0.551318890 0.043887008 0.002375119 0.003560385 20.718679784 -466.794078346 ] Q=2.502755e-08
 Minimum found at:
 Minimum found at:
*** Qmin=1.393377e-08 ***   *  1766 [ 0.773213799 0.055264081 0.001108382 0.002970559 26.013529440 -426.277054281 ] Q=1.393377e-08
 Minimum found at:
 Minimum found at:
*** Qmin=1.244882e-08 ***   *  3689 [ 0.754016672 0.038267637 0.001072838 0.004629855 35.122464176 -459.458273509 ] Q=1.244882e-08
 Minimum found at:
 Minimum found at:
 Minimum found at:
 Minimum found at:
*** Qmin=1.182954e-08 ***   *  4527 [ 0.786519960 0.035833395 0.000994165 0.004988785 37.301858566 -461.717179191 ] Q=1.182954e-08
 Minimum found at:
 Minimum found at:
*** Qmin=1.178034e-08 ***   *  6218 [ 0.638769288 0.044296438 0.001298926 0.004101206 37.687480002 -437.946400002 ] Q=1.178034e-08
*** Qmin=1.177379e-08 ***   * 22440 [ 0.854050892 0.046672814 0.000897619 0.003828533 34.038759995 -435.753400002 ] Q=1.177379e-08
*** Qmin=1.152802e-08 ***   * 72524 [ 0.794667901 0.044412380 0.000946712 0.004089378 35.847119996 -436.526970003 ] Q=1.152802e-08
Qopt=1.152802e-08  k1=7.946679e-01  k2=4.441238e-02  C01=9.467115e-04  C02=4.089378e-03  H1=3.584712e+01  H2=-4.365270e+02
