*** Qmin=8.603270e-08 ***   *    55 [ 0.877849655 0.035482378 0.000845522 0.003958186 49.923995303 -569.234828779 ] Q=8.603270e-08
 Minimum found at:
*** Qmin=5.637183e-08 ***   *   408 [ 0.940970103 0.001040057 0.001088001 0.144423009 22.310472662 -554.252817219 ] Q=5.637183e-08
 Minimum found at:
*** Qmin=3.272300e-08 ***   *   800 [ 0.621399232 0.001121949 0.001318425 0.165796125 59.379788409 -568.740601650 ] Q=3.272300e-08
 Minimum found at:
*** Qmin=3.112130e-08 ***   *  1669 [ 0.599452842 0.051350726 0.001311369 0.004066357 48.444023293 -392.039109429 ] Q=3.112130e-08
 Minimum found at:
 Minimum found at:
*** Qmin=1.539925e-08 ***   *  2634 [ 0.535693128 0.049633934 0.002137110 0.003548408 39.279067336 -440.852327334 ] Q=1.539925e-08
 Minimum found at:
*** Qmin=1.378283e-08 ***   *  3186 [ 0.635491394 0.038721789 0.001236585 0.005240010 49.315098583 -431.563977880 ] Q=1.378283e-08
 Minimum found at:
*** Qmin=1.368148e-08 ***   *  3340 [ 0.644943468 0.009464773 0.001278333 0.021429396 56.024393837 -505.566797321 ] Q=1.368148e-08
 Minimum found at:
 Minimum found at:
 Minimum found at:
*** Qmin=1.286207e-08 ***   *  9323 [ 0.852858061 0.053814643 0.000743506 0.003235666 38.272840001 -441.781139999 ] Q=1.286207e-08
*** Qmin=1.129013e-08 ***   * 12513 [ 0.862999535 0.043841854 0.000765577 0.004181118 41.149039993 -445.807660001 ] Q=1.129013e-08
Qopt=1.129013e-08  k1=8.629995e-01  k2=4.384185e-02  C01=7.655768e-04  C02=4.181118e-03  H1=4.114904e+01  H2=-4.458077e+02
