*** Qmin=6.139253e-08 ***   *   399 [ 0.758471012 0.000564162 0.001207287 0.270126451 41.139019603 -607.415124159 ] Q=6.139253e-08
 Minimum found at:
 Minimum found at:
 Minimum found at:
*** Qmin=3.352035e-08 ***   *  1265 [ 0.704295366 0.066536220 0.001118287 0.002770256 33.707447518 -374.182199110 ] Q=3.352035e-08
 Minimum found at:
*** Qmin=1.864197e-08 ***   *  2281 [ 0.684111779 0.042707635 0.001086494 0.004833440 49.378332977 -416.804693866 ] Q=1.864197e-08
 Minimum found at:
 Minimum found at:
*** Qmin=1.534611e-08 ***   *  2642 [ 0.853838020 0.034639409 0.000918985 0.004933464 32.796472299 -472.057415969 ] Q=1.534611e-08
 Minimum found at:
*** Qmin=1.392159e-08 ***   *  3834 [ 0.716220882 0.030540517 0.001176915 0.005835473 38.141819716 -475.893482150 ] Q=1.392159e-08
 Minimum found at:
 Minimum found at:
*** Qmin=1.317140e-08 ***   *  6305 [ 0.922475440 0.056416356 0.000737501 0.002889626 31.370080004 -434.664209998 ] Q=1.317140e-08
*** Qmin=1.192636e-08 ***   * 16151 [ 0.953828295 0.043518722 0.000692934 0.004072076 38.819319997 -452.092970000 ] Q=1.192636e-08
*** Qmin=1.173294e-08 ***   * 58524 [ 0.801378236 0.046813201 0.000850529 0.003928902 42.584959992 -445.343690001 ] Q=1.173294e-08
*** Qmin=1.166368e-08 ***   * 85368 [ 0.783709916 0.045055600 0.000949105 0.003965293 35.444440002 -435.123020001 ] Q=1.166368e-08
*** Qmin=1.151396e-08 ***   * 92827 [ 0.859974254 0.042152440 0.000852173 0.004164657 34.642280000 -449.822570000 ] Q=1.151396e-08
Qopt=1.151396e-08  k1=8.599743e-01  k2=4.215244e-02  C01=8.521733e-04  C02=4.164657e-03  H1=3.464228e+01  H2=-4.498226e+02
