 Minimum found at:
*** Qmin=1.001136e-07 ***   *    73 [ 0.802531087 0.085642480 0.000829167 0.002345171 35.989398361 -313.838406965 ] Q=1.001136e-07
 Minimum found at:
*** Qmin=7.620456e-08 ***   *   129 [ 0.646506599 0.070386220 0.001145189 0.003027532 44.584586872 -340.009796979 ] Q=7.620456e-08
 Minimum found at:
*** Qmin=2.472093e-08 ***   *   472 [ 0.812332932 0.002285270 0.000993436 0.080988354 45.756208259 -530.902102030 ] Q=2.472093e-08
*** Qmin=1.322377e-08 ***   *   842 [ 0.484299229 0.043887951 0.002164243 0.004042337 35.720034189 -443.054385617 ] Q=1.322377e-08
 Minimum found at:
 Minimum found at:
 Minimum found at:
 Minimum found at:
*** Qmin=1.141528e-08 ***   *  2144 [ 0.591038262 0.034723650 0.001394033 0.005790869 49.879681967 -444.634622478 ] Q=1.141528e-08
 Minimum found at:
 Minimum found at:
 Minimum found at:
 Minimum found at:
 Minimum found at:
 Minimum found at:
 Minimum found at:
 Minimum found at:
 Minimum found at:
Qopt=1.141528e-08  k1=5.910383e-01  k2=3.472365e-02  C01=1.394033e-03  C02=5.790869e-03  H1=4.987968e+01  H2=-4.446346e+02
