 Minimum found at:
*** Qmin=4.877850e-08 ***   *   339 [ 0.768053678 0.000910077 0.001079971 0.178123470 43.959018882 -587.022748503 ] Q=4.877850e-08
 Minimum found at:
 Minimum found at:
*** Qmin=4.183399e-08 ***   *  2012 [ 0.863518853 0.013585781 0.001120816 0.011564191 25.528075656 -526.786833307 ] Q=4.183399e-08
 Minimum found at:
 Minimum found at:
*** Qmin=3.437024e-08 ***   *  4011 [ 0.790489652 0.009693911 0.001197331 0.017055216 33.343777274 -529.844651872 ] Q=3.437024e-08
 Minimum found at:
*** Qmin=2.083831e-08 ***   *  4201 [ 0.794356197 0.020463053 0.001047141 0.008553736 37.271811863 -501.144704295 ] Q=2.083831e-08
 Minimum found at:
*** Qmin=1.927329e-08 ***   *  4537 [ 0.705579068 0.002033578 0.001153455 0.096933378 54.592929804 -527.551548276 ] Q=1.927329e-08
 Minimum found at:
*** Qmin=1.852490e-08 ***   *  5154 [ 0.556506194 0.064146108 0.001398100 0.002676207 37.350920002 -413.529280001 ] Q=1.852490e-08
*** Qmin=1.760083e-08 ***   *  5214 [ 0.794526981 0.044326899 0.001155531 0.003753226 21.923800011 -427.797540000 ] Q=1.760083e-08
*** Qmin=1.480016e-08 ***   *  5401 [ 0.752851038 0.054826456 0.000842305 0.003166709 30.610920005 -425.584329999 ] Q=1.480016e-08
*** Qmin=1.470894e-08 ***   *  5754 [ 0.878645006 0.052939821 0.000779041 0.003415776 43.086519992 -436.318850001 ] Q=1.470894e-08
*** Qmin=1.449330e-08 ***   *  7193 [ 0.711349430 0.046197723 0.000963696 0.003944627 48.508519997 -467.867089998 ] Q=1.449330e-08
*** Qmin=1.445617e-08 ***   * 10599 [ 0.911037707 0.061830193 0.000786741 0.002533937 25.815200001 -433.627909997 ] Q=1.445617e-08
*** Qmin=1.352822e-08 ***   * 10900 [ 0.690905416 0.055486046 0.000975835 0.003167342 38.396560004 -435.706959999 ] Q=1.352822e-08
*** Qmin=1.208258e-08 ***   * 16066 [ 0.930850477 0.042867273 0.000758553 0.004049529 36.692919995 -455.108560000 ] Q=1.208258e-08
*** Qmin=1.162604e-08 ***   * 69021 [ 0.927397652 0.043406622 0.000758953 0.004130572 34.232319995 -438.314480002 ] Q=1.162604e-08
Qopt=1.162604e-08  k1=9.273977e-01  k2=4.340662e-02  C01=7.589529e-04  C02=4.130572e-03  H1=3.423232e+01  H2=-4.383145e+02
