*** Qmin=1.680249e-07 ***   *     5 [ 0.956642566 0.103617955 0.000664677 0.001123936 33.311279973 -530.816079967 ] Q=1.680249e-07
 Minimum found at:
*** Qmin=2.451820e-08 ***   *   318 [ 0.693684023 0.005901079 0.001300739 0.030874212 43.408149395 -524.809480484 ] Q=2.451820e-08
 Minimum found at:
 Minimum found at:
 Minimum found at:
*** Qmin=1.889904e-08 ***   *   797 [ 0.631473170 0.047808413 0.001262683 0.004138652 44.543595170 -411.383829255 ] Q=1.889904e-08
 Minimum found at:
*** Qmin=1.885917e-08 ***   *   864 [ 0.806241120 0.059440890 0.001408332 0.002880004 28.893092775 -409.301941941 ] Q=1.885917e-08
 Minimum found at:
 Minimum found at:
 Minimum found at:
 Minimum found at:
 Minimum found at:
 Minimum found at:
*** Qmin=1.175904e-08 ***   *  4330 [ 0.750393084 0.045274981 0.001047386 0.003923143 34.007804434 -440.672808926 ] Q=1.175904e-08
 Minimum found at:
*** Qmin=1.175156e-08 ***   *  9720 [ 0.729552273 0.044544925 0.000992245 0.003997345 39.240639995 -439.771320002 ] Q=1.175156e-08
*** Qmin=1.171479e-08 ***   * 78911 [ 0.618438723 0.045982601 0.001403557 0.003982763 40.905640001 -441.716210002 ] Q=1.171479e-08
*** Qmin=1.135218e-08 ***   * 87635 [ 0.773346665 0.046196106 0.000936191 0.003946616 38.668959995 -439.659950002 ] Q=1.135218e-08
Qopt=1.135218e-08  k1=7.733467e-01  k2=4.619611e-02  C01=9.361905e-04  C02=3.946616e-03  H1=3.866896e+01  H2=-4.396600e+02
