*** Qmin=2.876870e-08 ***   *  1336 [ 0.760667464 0.011861749 0.001236524 0.014351317 33.690359111 -514.848101273 ] Q=2.876870e-08
 Minimum found at:
*** Qmin=2.745417e-08 ***   *  1782 [ 0.597676224 0.049724766 0.001324271 0.004168573 48.319689276 -397.852820872 ] Q=2.745417e-08
 Minimum found at:
 Minimum found at:
 Minimum found at:
 Minimum found at:
*** Qmin=1.970233e-08 ***   *  4310 [ 0.686530276 0.043948991 0.001082497 0.004686071 48.690345987 -413.491002042 ] Q=1.970233e-08
*** Qmin=1.874186e-08 ***   *  5186 [ 0.926673133 0.048478956 0.001016398 0.003453201 20.165760002 -414.715650003 ] Q=1.874186e-08
*** Qmin=1.817262e-08 ***   *  5330 [ 0.828138354 0.059289085 0.000875789 0.002942487 30.987919995 -401.955830003 ] Q=1.817262e-08
*** Qmin=1.473510e-08 ***   *  5436 [ 0.793414944 0.060393857 0.000875553 0.002733552 28.389760000 -434.640130000 ] Q=1.473510e-08
*** Qmin=1.463270e-08 ***   *  5844 [ 0.792378001 0.057025948 0.000867821 0.003198773 38.511080003 -424.587589999 ] Q=1.463270e-08
*** Qmin=1.316491e-08 ***   *  6627 [ 0.825241585 0.054222627 0.000790800 0.003040826 31.558040003 -442.525899999 ] Q=1.316491e-08
*** Qmin=1.247255e-08 ***   *  7945 [ 0.705057637 0.048963765 0.001098203 0.003520951 35.969799997 -451.346060000 ] Q=1.247255e-08
*** Qmin=1.244320e-08 ***   * 12559 [ 0.926178566 0.048727438 0.000663002 0.003554290 38.148759996 -449.236480001 ] Q=1.244320e-08
*** Qmin=1.198734e-08 ***   * 24104 [ 0.911500160 0.044819799 0.000784191 0.003833698 32.993280004 -449.474699999 ] Q=1.198734e-08
*** Qmin=1.169626e-08 ***   * 30461 [ 0.833223515 0.044833794 0.000918150 0.003861666 33.120800008 -440.832989999 ] Q=1.169626e-08
*** Qmin=1.168639e-08 ***   * 56467 [ 0.768527007 0.048818001 0.001017452 0.003670196 37.337519995 -438.780170001 ] Q=1.168639e-08
*** Qmin=1.158082e-08 ***   * 81138 [ 0.693494515 0.044690051 0.001116065 0.004032559 41.338240000 -455.167469999 ] Q=1.158082e-08
*** Qmin=1.153488e-08 ***   * 87865 [ 0.709139043 0.047081762 0.001135675 0.003791299 36.745880006 -439.248439999 ] Q=1.153488e-08
*** Qmin=1.152524e-08 ***   * 102875 [ 0.838993124 0.044747519 0.000821856 0.004067578 41.758799993 -444.162910001 ] Q=1.152524e-08
Qopt=1.152524e-08  k1=8.389931e-01  k2=4.474752e-02  C01=8.218558e-04  C02=4.067578e-03  H1=4.175880e+01  H2=-4.441629e+02
