*** Qmin=5.093431e-08 ***   *     4 [ 0.974871043 0.039303121 0.000329458 0.004470930 56.638119954 -438.256000009 ] Q=5.093431e-08
 Minimum found at:
*** Qmin=3.364116e-08 ***   *   661 [ 0.557190295 0.050336749 0.001437210 0.004245884 51.206460517 -391.286956202 ] Q=3.364116e-08
 Minimum found at:
*** Qmin=1.617049e-08 ***   *  1077 [ 0.604074212 0.007465537 0.001452254 0.026517883 53.661850859 -513.100365477 ] Q=1.617049e-08
 Minimum found at:
 Minimum found at:
 Minimum found at:
 Minimum found at:
 Minimum found at:
*** Qmin=1.527236e-08 ***   *  4566 [ 0.694166453 0.044571178 0.001239809 0.003706453 27.667572236 -452.648062961 ] Q=1.527236e-08
 Minimum found at:
*** Qmin=1.408778e-08 ***   *  4879 [ 0.652029199 0.004293458 0.001255214 0.048425965 59.182392436 -511.803352120 ] Q=1.408778e-08
 Minimum found at:
*** Qmin=1.370133e-08 ***   *  4975 [ 0.678249768 0.018094980 0.001218582 0.010611789 48.201637086 -493.691119472 ] Q=1.370133e-08
*** Qmin=1.193814e-08 ***   *  5977 [ 0.755293879 0.050606502 0.000992800 0.003438088 36.324600001 -443.627990000 ] Q=1.193814e-08
*** Qmin=1.186531e-08 ***   *  8830 [ 0.846150710 0.047150949 0.000829676 0.003850479 41.095799997 -446.187349999 ] Q=1.186531e-08
*** Qmin=1.178466e-08 ***   * 78887 [ 0.955484861 0.045451986 0.000642767 0.003918654 37.927039994 -447.735350001 ] Q=1.178466e-08
*** Qmin=1.173164e-08 ***   * 79582 [ 0.918031578 0.043755940 0.000661422 0.004037087 38.482800000 -451.174920000 ] Q=1.173164e-08
Qopt=1.173164e-08  k1=9.180316e-01  k2=4.375594e-02  C01=6.614218e-04  C02=4.037087e-03  H1=3.848280e+01  H2=-4.511749e+02
