 Minimum found at:
*** Qmin=1.927382e-08 ***   *    71 [ 0.865999439 0.066862482 0.000905654 0.002440626 23.514140974 -396.258774879 ] Q=1.927382e-08
 Minimum found at:
 Minimum found at:
 Minimum found at:
 Minimum found at:
*** Qmin=1.899488e-08 ***   *  2120 [ 0.803728225 0.020002537 0.001002409 0.008919258 39.390132130 -499.444093997 ] Q=1.899488e-08
 Minimum found at:
 Minimum found at:
 Minimum found at:
 Minimum found at:
 Minimum found at:
 Minimum found at:
*** Qmin=1.523217e-08 ***   *  5183 [ 0.936955561 0.058668647 0.000565835 0.002768527 35.226439996 -442.418830000 ] Q=1.523217e-08
*** Qmin=1.448812e-08 ***   *  5673 [ 0.923494886 0.047948256 0.000815656 0.003819786 42.746239993 -442.976110000 ] Q=1.448812e-08
*** Qmin=1.354775e-08 ***   *  6354 [ 0.841075454 0.051072991 0.000701045 0.003414058 41.802159997 -445.034090001 ] Q=1.354775e-08
*** Qmin=1.176037e-08 ***   * 12592 [ 0.805271553 0.048486580 0.000912957 0.003542868 33.466640007 -440.359129999 ] Q=1.176037e-08
*** Qmin=1.175701e-08 ***   * 18029 [ 0.800188652 0.044699904 0.000831733 0.003979019 35.983920001 -438.768130000 ] Q=1.175701e-08
*** Qmin=1.172407e-08 ***   * 44899 [ 0.731580162 0.047540751 0.001041108 0.003655775 38.011999995 -448.660710001 ] Q=1.172407e-08
Qopt=1.172407e-08  k1=7.315802e-01  k2=4.754075e-02  C01=1.041108e-03  C02=3.655775e-03  H1=3.801200e+01  H2=-4.486607e+02
