*** Qmin=7.261865e-08 ***   *   205 [ 0.844330994 0.000904936 0.000952081 0.162568808 43.744238424 -627.181864820 ] Q=7.261865e-08
 Minimum found at:
*** Qmin=4.096396e-08 ***   *   573 [ 0.742904379 0.000741619 0.001132022 0.227852450 45.563182774 -573.423355750 ] Q=4.096396e-08
 Minimum found at:
 Minimum found at:
*** Qmin=1.709715e-08 ***   *  1299 [ 0.734126301 0.005887156 0.001083092 0.033546407 52.936154874 -515.894384739 ] Q=1.709715e-08
 Minimum found at:
*** Qmin=1.317105e-08 ***   *  2389 [ 0.614773535 0.040744598 0.001328303 0.004836341 46.122116827 -431.511609803 ] Q=1.317105e-08
 Minimum found at:
 Minimum found at:
 Minimum found at:
 Minimum found at:
 Minimum found at:
 Minimum found at:
*** Qmin=1.283376e-08 ***   *  5044 [ 0.807364046 0.044777286 0.001022970 0.003993153 41.464279993 -444.712020001 ] Q=1.283376e-08
*** Qmin=1.265811e-08 ***   *  5447 [ 0.886282839 0.046239752 0.000784519 0.003825470 41.524560002 -451.764879997 ] Q=1.265811e-08
*** Qmin=1.242507e-08 ***   * 11448 [ 0.894218558 0.051590103 0.000706008 0.003436999 38.392599994 -439.133200001 ] Q=1.242507e-08
*** Qmin=1.234421e-08 ***   * 21981 [ 0.835450752 0.052553132 0.000844077 0.003373847 36.154439994 -432.371880002 ] Q=1.234421e-08
*** Qmin=1.175395e-08 ***   * 39321 [ 0.792686465 0.047044236 0.000965488 0.003640869 35.620520004 -446.308609998 ] Q=1.175395e-08
Qopt=1.175395e-08  k1=7.926865e-01  k2=4.704424e-02  C01=9.654880e-04  C02=3.640869e-03  H1=3.562052e+01  H2=-4.463086e+02
