*** Qmin=2.427829e-07 ***   *  2524 [ 0.738444646 0.117238872 0.000856574 0.001914931 39.391961954 -246.525299636 ] Q=2.427829e-07
 Minimum found at:
*** Qmin=1.291115e-07 ***   *  4350 [ 0.631550039 0.092497920 0.001195374 0.002230943 37.765203185 -297.704517503 ] Q=1.291115e-07
*** Qmin=8.127210e-08 ***   *  4519 [ 0.432145961 0.084248428 0.002005275 0.002325049 36.288527534 -329.262313731 ] Q=8.127210e-08
 Minimum found at:
*** Qmin=5.608889e-08 ***   *  5000 [ 0.754923348 0.001088923 0.000962680 0.154732451 56.675462384 -607.271099749 ] Q=5.608889e-08
*** Qmin=3.216202e-08 ***   *  5006 [ 0.461506329 0.057337430 0.001089531 0.003334336 40.529480002 -413.239460000 ] Q=3.216202e-08
*** Qmin=3.157948e-08 ***   *  5030 [ 0.810078703 0.050313110 0.001177828 0.003209995 28.953599995 -394.658300002 ] Q=3.157948e-08
*** Qmin=3.116708e-08 ***   *  5080 [ 0.492970082 0.058168210 0.000913412 0.002883778 31.446080003 -448.419049999 ] Q=3.116708e-08
*** Qmin=1.536072e-08 ***   *  5106 [ 0.767173593 0.054237161 0.001112234 0.003175206 26.507680006 -431.604759999 ] Q=1.536072e-08
*** Qmin=1.466553e-08 ***   *  5304 [ 0.963333155 0.062261364 0.000647960 0.002625556 31.162760004 -437.036519998 ] Q=1.466553e-08
*** Qmin=1.458664e-08 ***   *  5537 [ 0.600915475 0.054727124 0.001191734 0.003154147 39.295279997 -449.675940000 ] Q=1.458664e-08
*** Qmin=1.431635e-08 ***   *  8124 [ 0.588815503 0.053698474 0.001258749 0.003135047 36.492320003 -448.276719999 ] Q=1.431635e-08
*** Qmin=1.371883e-08 ***   *  8505 [ 0.749502837 0.052212936 0.000900734 0.003340266 32.358760006 -439.415279999 ] Q=1.371883e-08
*** Qmin=1.317036e-08 ***   * 14339 [ 0.746071074 0.048158387 0.001109010 0.003811635 38.007239993 -425.552080003 ] Q=1.317036e-08
*** Qmin=1.305043e-08 ***   * 22843 [ 0.855698430 0.053906781 0.000818942 0.003191862 30.026880006 -432.419179999 ] Q=1.305043e-08
*** Qmin=1.222428e-08 ***   * 23807 [ 0.710834862 0.044704262 0.001014129 0.003929454 41.107439996 -459.643770000 ] Q=1.222428e-08
*** Qmin=1.222170e-08 ***   * 32837 [ 0.833075981 0.044917318 0.000858727 0.003991420 42.239200000 -456.651829999 ] Q=1.222170e-08
*** Qmin=1.142256e-08 ***   * 41836 [ 0.912668143 0.045740884 0.000743381 0.003893240 35.985599998 -440.503180001 ] Q=1.142256e-08
Qopt=1.142256e-08  k1=9.126681e-01  k2=4.574088e-02  C01=7.433814e-04  C02=3.893240e-03  H1=3.598560e+01  H2=-4.405032e+02
