*** Qmin=1.907130e-07 ***   *     5 [ 0.676989968 0.096946203 0.000693888 0.001309148 49.094319989 -556.634139970 ] Q=1.907130e-07
*** Qmin=1.999338e-08 ***   *  1474 [ 0.854282971 0.033197137 0.000980175 0.005037805 29.107233822 -480.162927515 ] Q=1.999338e-08
 Minimum found at:
 Minimum found at:
 Minimum found at:
 Minimum found at:
*** Qmin=1.518312e-08 ***   *  3185 [ 0.660573939 0.018071309 0.001295656 0.010423112 46.155723906 -496.665322857 ] Q=1.518312e-08
 Minimum found at:
 Minimum found at:
 Minimum found at:
 Minimum found at:
 Minimum found at:
*** Qmin=1.512610e-08 ***   *  5493 [ 0.895931352 0.064474804 0.000931606 0.002432361 24.766039999 -428.332890000 ] Q=1.512610e-08
*** Qmin=1.473165e-08 ***   *  7369 [ 0.937948850 0.062666987 0.000709330 0.002672022 29.765919998 -430.102770000 ] Q=1.473165e-08
*** Qmin=1.378926e-08 ***   *  7538 [ 0.768697452 0.049387724 0.000803328 0.003600461 35.944040000 -426.987420001 ] Q=1.378926e-08
*** Qmin=1.318838e-08 ***   * 10148 [ 0.666793368 0.052562308 0.001226942 0.003199901 36.125839996 -449.006860000 ] Q=1.318838e-08
*** Qmin=1.277682e-08 ***   * 12813 [ 0.851681985 0.041447058 0.000759145 0.004184766 41.257919995 -460.415190001 ] Q=1.277682e-08
*** Qmin=1.269619e-08 ***   * 13983 [ 0.890445565 0.051333828 0.000717283 0.003466449 38.833879997 -433.899240001 ] Q=1.269619e-08
*** Qmin=1.228760e-08 ***   * 16312 [ 0.702606330 0.048180436 0.001073278 0.003676189 42.663999994 -451.285430001 ] Q=1.228760e-08
*** Qmin=1.196709e-08 ***   * 21189 [ 0.669946493 0.046624901 0.001219187 0.003765116 38.875600005 -440.842019999 ] Q=1.196709e-08
*** Qmin=1.181543e-08 ***   * 89652 [ 0.659062108 0.046359204 0.001188888 0.004043032 43.490319992 -440.629170002 ] Q=1.181543e-08
Qopt=1.181543e-08  k1=6.590621e-01  k2=4.635920e-02  C01=1.188888e-03  C02=4.043032e-03  H1=4.349032e+01  H2=-4.406292e+02
