 Minimum found at:
*** Qmin=2.891306e-08 ***   *   234 [ 0.765763752 0.069885667 0.001040515 0.002476236 27.765396512 -376.761718890 ] Q=2.891306e-08
 Minimum found at:
 Minimum found at:
*** Qmin=1.465740e-08 ***   *  1458 [ 0.882112493 0.054306666 0.000924838 0.002929446 23.291555456 -435.039958751 ] Q=1.465740e-08
 Minimum found at:
 Minimum found at:
 Minimum found at:
 Minimum found at:
 Minimum found at:
 Minimum found at:
 Minimum found at:
*** Qmin=1.458449e-08 ***   * 10794 [ 0.908433388 0.046576649 0.000981536 0.003664943 28.026479996 -423.621810002 ] Q=1.458449e-08
*** Qmin=1.383812e-08 ***   * 13602 [ 0.834348955 0.049592838 0.000921777 0.003796977 38.554440003 -425.598520000 ] Q=1.383812e-08
*** Qmin=1.349198e-08 ***   * 14860 [ 0.957430307 0.048488955 0.000723871 0.003506194 37.670799994 -452.095980000 ] Q=1.349198e-08
*** Qmin=1.272013e-08 ***   * 16024 [ 0.663124341 0.045896919 0.001104566 0.003980519 46.593759998 -460.439699999 ] Q=1.272013e-08
*** Qmin=1.187325e-08 ***   * 19822 [ 0.736182045 0.048277878 0.001017281 0.003767865 41.518319993 -439.295310002 ] Q=1.187325e-08
*** Qmin=1.185951e-08 ***   * 55894 [ 0.775477582 0.044569153 0.000920813 0.003920483 34.202479999 -440.344940001 ] Q=1.185951e-08
*** Qmin=1.169938e-08 ***   * 66314 [ 0.755499294 0.048114504 0.001005632 0.003620770 35.032240004 -437.805360000 ] Q=1.169938e-08
*** Qmin=1.166771e-08 ***   * 95330 [ 0.865522571 0.045167097 0.000827297 0.003900036 33.155159998 -438.357480002 ] Q=1.166771e-08
Qopt=1.166771e-08  k1=8.655226e-01  k2=4.516710e-02  C01=8.272972e-04  C02=3.900036e-03  H1=3.315516e+01  H2=-4.383575e+02
