 Minimum found at:
*** Qmin=2.017598e-08 ***   *   249 [ 0.633276823 0.002709421 0.001391409 0.071531607 52.298734101 -527.024626897 ] Q=2.017598e-08
 Minimum found at:
 Minimum found at:
*** Qmin=1.741319e-08 ***   *  1416 [ 0.812738556 0.063232029 0.000999047 0.002615324 25.218398967 -403.198980834 ] Q=1.741319e-08
 Minimum found at:
*** Qmin=1.408808e-08 ***   *  1543 [ 0.798627072 0.044283684 0.000886662 0.004363239 42.490101456 -424.182447054 ] Q=1.408808e-08
 Minimum found at:
 Minimum found at:
 Minimum found at:
 Minimum found at:
 Minimum found at:
 Minimum found at:
 Minimum found at:
*** Qmin=1.406426e-08 ***   *  6210 [ 0.937943567 0.042585289 0.000720766 0.003857957 28.715199998 -445.574170001 ] Q=1.406426e-08
*** Qmin=1.262659e-08 ***   *  7307 [ 0.915286617 0.049405147 0.000680119 0.003664077 40.611520000 -438.649450000 ] Q=1.262659e-08
*** Qmin=1.212687e-08 ***   *  8655 [ 0.681458175 0.049458258 0.001129436 0.003700289 39.899480005 -437.667329999 ] Q=1.212687e-08
*** Qmin=1.160774e-08 ***   * 36275 [ 0.843188802 0.046524979 0.000934029 0.003796897 35.643079994 -443.953070001 ] Q=1.160774e-08
*** Qmin=1.151756e-08 ***   * 78875 [ 0.921043345 0.042692713 0.000690786 0.004232079 39.762639993 -444.537870002 ] Q=1.151756e-08
Qopt=1.151756e-08  k1=9.210433e-01  k2=4.269271e-02  C01=6.907865e-04  C02=4.232079e-03  H1=3.976264e+01  H2=-4.445379e+02
