 Minimum found at:
*** Qmin=1.784049e-07 ***   *   520 [ 0.650942525 0.102732209 0.001094918 0.002101673 39.660815262 -274.071201108 ] Q=1.784049e-07
*** Qmin=8.472923e-08 ***   *   749 [ 0.600333380 0.000614115 0.002195117 0.215794843 29.399539860 -630.890760668 ] Q=8.472923e-08
*** Qmin=8.125676e-08 ***   *  1209 [ 0.603254541 0.071553353 0.001225457 0.003015988 45.593770674 -337.138457133 ] Q=8.125676e-08
 Minimum found at:
*** Qmin=3.525821e-08 ***   *  1630 [ 0.557013867 0.000937630 0.001549764 0.195902113 59.336316532 -573.982970666 ] Q=3.525821e-08
*** Qmin=3.447017e-08 ***   *  5038 [ 0.496628115 0.074602636 0.001139783 0.002319267 50.468720003 -459.732779998 ] Q=3.447017e-08
*** Qmin=2.105837e-08 ***   *  5052 [ 0.948558595 0.041444315 0.000866366 0.003995163 29.315599995 -418.691860003 ] Q=2.105837e-08
*** Qmin=1.564742e-08 ***   *  5136 [ 0.607688634 0.056167900 0.001059752 0.003120228 43.111320003 -447.487239999 ] Q=1.564742e-08
*** Qmin=1.445185e-08 ***   *  5544 [ 0.969668700 0.059776401 0.000630884 0.002718923 33.461480003 -438.185479998 ] Q=1.445185e-08
*** Qmin=1.391780e-08 ***   *  5772 [ 0.934291059 0.048674759 0.000686006 0.003846425 41.194920003 -446.401489998 ] Q=1.391780e-08
*** Qmin=1.333414e-08 ***   * 13042 [ 0.644890094 0.046811036 0.001081864 0.004073748 49.662799996 -441.296530002 ] Q=1.333414e-08
*** Qmin=1.303875e-08 ***   * 17239 [ 0.734624869 0.052376043 0.001083526 0.003302093 34.536480005 -426.501520000 ] Q=1.303875e-08
*** Qmin=1.286253e-08 ***   * 20231 [ 0.668905153 0.048535249 0.001064432 0.003815833 46.752159993 -452.114470001 ] Q=1.286253e-08
*** Qmin=1.266350e-08 ***   * 23653 [ 0.755547363 0.044273136 0.000905457 0.003954424 33.085880004 -441.087980000 ] Q=1.266350e-08
*** Qmin=1.255151e-08 ***   * 35039 [ 0.811909994 0.047575425 0.001097034 0.003760997 35.246079994 -434.723550001 ] Q=1.255151e-08
*** Qmin=1.203033e-08 ***   * 38919 [ 0.794169892 0.049447852 0.000928185 0.003623264 35.565599995 -439.352930001 ] Q=1.203033e-08
*** Qmin=1.177297e-08 ***   * 39405 [ 0.843996994 0.046693668 0.000801713 0.003837951 38.318799995 -449.791180000 ] Q=1.177297e-08
*** Qmin=1.154881e-08 ***   * 69789 [ 0.641868386 0.044865902 0.001187087 0.004059273 40.810560000 -442.578790001 ] Q=1.154881e-08
Qopt=1.154881e-08  k1=6.418684e-01  k2=4.486590e-02  C01=1.187087e-03  C02=4.059273e-03  H1=4.081056e+01  H2=-4.425788e+02
