*** Qmin=1.959904e-07 ***   *   195 [ 0.643505182 0.094549696 0.001061623 0.002565733 48.521878543 -275.015833504 ] Q=1.959904e-07
 Minimum found at:
*** Qmin=1.022865e-07 ***   *   511 [ 0.565591641 0.069024003 0.001327844 0.003397705 53.603033121 -330.231228179 ] Q=1.022865e-07
 Minimum found at:
*** Qmin=3.454886e-08 ***   *   912 [ 0.751151109 0.001018571 0.001076306 0.173571550 49.126104320 -563.296341490 ] Q=3.454886e-08
 Minimum found at:
 Minimum found at:
 Minimum found at:
 Minimum found at:
*** Qmin=2.387989e-08 ***   *  1884 [ 0.826600369 0.015511544 0.000996503 0.011276575 37.631567566 -511.332253743 ] Q=2.387989e-08
 Minimum found at:
 Minimum found at:
*** Qmin=1.778702e-08 ***   *  2504 [ 0.529195405 0.033822502 0.001532430 0.006536590 59.963562460 -430.705587789 ] Q=1.778702e-08
 Minimum found at:
*** Qmin=1.555966e-08 ***   *  2543 [ 0.946472136 0.060824528 0.000766133 0.002707914 25.055082557 -410.100042881 ] Q=1.555966e-08
 Minimum found at:
 Minimum found at:
 Minimum found at:
 Minimum found at:
*** Qmin=1.480213e-08 ***   *  5372 [ 0.914289583 0.057744486 0.001024627 0.002832792 24.935439997 -421.528140001 ] Q=1.480213e-08
*** Qmin=1.311274e-08 ***   *  5707 [ 0.883245733 0.047492610 0.000873193 0.003820543 35.669439993 -425.227860003 ] Q=1.311274e-08
*** Qmin=1.231670e-08 ***   * 17857 [ 0.838370221 0.043759305 0.000704586 0.003992120 38.374520000 -448.479680000 ] Q=1.231670e-08
*** Qmin=1.160665e-08 ***   * 94541 [ 0.716158912 0.043522517 0.001101526 0.004055928 38.639319995 -442.861300002 ] Q=1.160665e-08
*** Qmin=1.140107e-08 ***   * 96047 [ 0.879263480 0.046677903 0.000780356 0.003778782 35.855559999 -442.712520000 ] Q=1.140107e-08
Qopt=1.140107e-08  k1=8.792635e-01  k2=4.667790e-02  C01=7.803565e-04  C02=3.778782e-03  H1=3.585556e+01  H2=-4.427125e+02
