 Minimum found at:
*** Qmin=1.373556e-07 ***   *    47 [ 0.834663531 0.092149720 0.000747269 0.002286703 38.074711600 -293.391360190 ] Q=1.373556e-07
 Minimum found at:
*** Qmin=1.180820e-07 ***   *    87 [ 0.573387062 0.076738628 0.001311298 0.002990373 49.681084466 -316.175319450 ] Q=1.180820e-07
 Minimum found at:
*** Qmin=3.274702e-08 ***   *   493 [ 0.891118050 0.001543171 0.000888934 0.112909513 41.047218692 -545.658944375 ] Q=3.274702e-08
 Minimum found at:
 Minimum found at:
*** Qmin=2.467558e-08 ***   *  1626 [ 0.542087597 0.043305291 0.001490965 0.004976478 54.423539992 -409.390763846 ] Q=2.467558e-08
 Minimum found at:
 Minimum found at:
 Minimum found at:
*** Qmin=1.414445e-08 ***   *  2320 [ 0.842555086 0.047606233 0.000973143 0.003435514 26.752720177 -447.204264916 ] Q=1.414445e-08
 Minimum found at:
 Minimum found at:
 Minimum found at:
 Minimum found at:
 Minimum found at:
*** Qmin=1.325149e-08 ***   *  5941 [ 0.926192295 0.050898038 0.000691086 0.003277006 27.870639999 -430.187910001 ] Q=1.325149e-08
*** Qmin=1.244808e-08 ***   * 10377 [ 0.940201751 0.053793322 0.000670684 0.003143847 32.458239998 -437.011150001 ] Q=1.244808e-08
*** Qmin=1.162846e-08 ***   * 13346 [ 0.631150099 0.044306686 0.001320573 0.004121694 39.049079998 -438.967220002 ] Q=1.162846e-08
Qopt=1.162846e-08  k1=6.311501e-01  k2=4.430669e-02  C01=1.320573e-03  C02=4.121694e-03  H1=3.904908e+01  H2=-4.389672e+02
