 Minimum found at:
*** Qmin=1.694614e-07 ***   *   887 [ 0.591424378 0.082867887 0.001208224 0.003003540 54.501189336 -293.322112855 ] Q=1.694614e-07
*** Qmin=5.151637e-08 ***   *   943 [ 0.595150653 0.042133828 0.002156396 0.003560864 39.232243029 -525.843525590 ] Q=5.151637e-08
 Minimum found at:
 Minimum found at:
*** Qmin=1.603654e-08 ***   *  2058 [ 0.718074114 0.058459354 0.001182317 0.002924739 29.099185183 -409.900065576 ] Q=1.603654e-08
 Minimum found at:
 Minimum found at:
 Minimum found at:
 Minimum found at:
 Minimum found at:
 Minimum found at:
 Minimum found at:
*** Qmin=1.573888e-08 ***   *  5000 [ 0.571509610 0.043763166 0.001583913 0.004136572 42.402320001 -471.923279996 ] Q=1.573888e-08
*** Qmin=1.546155e-08 ***   *  5602 [ 0.718748502 0.060102979 0.001275694 0.002688236 29.964679996 -419.962080001 ] Q=1.546155e-08
*** Qmin=1.504121e-08 ***   *  8201 [ 0.933103230 0.046405458 0.000848917 0.003816883 39.024279999 -460.129669998 ] Q=1.504121e-08
*** Qmin=1.432472e-08 ***   *  8400 [ 0.773241407 0.058420241 0.000964338 0.002814496 26.928559999 -432.225680001 ] Q=1.432472e-08
*** Qmin=1.378694e-08 ***   *  9283 [ 0.730770932 0.045835582 0.000954351 0.003730633 42.352079995 -462.974550000 ] Q=1.378694e-08
*** Qmin=1.333395e-08 ***   * 16525 [ 0.938947787 0.055576349 0.000707685 0.002911444 30.785480005 -442.083429998 ] Q=1.333395e-08
*** Qmin=1.297288e-08 ***   * 19821 [ 0.945636372 0.053817577 0.000670410 0.003121411 28.768439998 -428.123910001 ] Q=1.297288e-08
*** Qmin=1.253675e-08 ***   * 21273 [ 0.803277466 0.043127604 0.000929149 0.004073501 36.593359997 -460.461199998 ] Q=1.253675e-08
*** Qmin=1.252772e-08 ***   * 51488 [ 0.760109350 0.051487574 0.001039434 0.003270179 34.288960005 -446.611329998 ] Q=1.252772e-08
*** Qmin=1.198374e-08 ***   * 81585 [ 0.648868111 0.045837047 0.001095986 0.003898787 41.270839998 -448.901510001 ] Q=1.198374e-08
Qopt=1.198374e-08  k1=6.488681e-01  k2=4.583705e-02  C01=1.095986e-03  C02=3.898787e-03  H1=4.127084e+01  H2=-4.489015e+02
