*** Qmin=5.977578e-08 ***   *   465 [ 0.868090435 0.000845930 0.001346808 0.174219471 22.700107630 -564.362737392 ] Q=5.977578e-08
 Minimum found at:
 Minimum found at:
*** Qmin=2.322216e-08 ***   *  2201 [ 0.836798886 0.044251120 0.001113712 0.003457919 20.949167291 -468.389514937 ] Q=2.322216e-08
 Minimum found at:
 Minimum found at:
 Minimum found at:
 Minimum found at:
*** Qmin=2.314021e-08 ***   *  5082 [ 0.656510329 0.055604435 0.001109256 0.002887052 46.217279995 -452.656270001 ] Q=2.314021e-08
*** Qmin=1.480995e-08 ***   *  5102 [ 0.704663252 0.046918030 0.001085985 0.003601535 28.373199999 -428.713870002 ] Q=1.480995e-08
*** Qmin=1.336599e-08 ***   *  7959 [ 0.753701350 0.045054412 0.000878064 0.003821097 32.183600004 -445.878179999 ] Q=1.336599e-08
*** Qmin=1.310575e-08 ***   * 10081 [ 0.706995258 0.044281997 0.001286661 0.003956100 30.370559999 -435.063250002 ] Q=1.310575e-08
*** Qmin=1.302103e-08 ***   * 16140 [ 0.684471467 0.048750409 0.001140444 0.003491253 36.572679996 -436.658980002 ] Q=1.302103e-08
*** Qmin=1.255526e-08 ***   * 23175 [ 0.759402874 0.043364734 0.001056074 0.003950199 33.813680006 -456.127659998 ] Q=1.255526e-08
*** Qmin=1.250620e-08 ***   * 24625 [ 0.884820256 0.048173415 0.000696117 0.003780496 42.197039993 -441.623330002 ] Q=1.250620e-08
*** Qmin=1.236516e-08 ***   * 51678 [ 0.770282851 0.045567691 0.001175620 0.003792635 34.438720004 -449.029649998 ] Q=1.236516e-08
*** Qmin=1.199095e-08 ***   * 52392 [ 0.879457412 0.043843988 0.000792660 0.003927416 32.090960002 -443.855890000 ] Q=1.199095e-08
*** Qmin=1.167759e-08 ***   * 54657 [ 0.852300440 0.046397615 0.000837897 0.003929799 40.472599999 -444.401559999 ] Q=1.167759e-08
*** Qmin=1.157076e-08 ***   * 74230 [ 0.702709002 0.047182930 0.001169820 0.003756312 38.754679995 -445.663180001 ] Q=1.157076e-08
Qopt=1.157076e-08  k1=7.027090e-01  k2=4.718293e-02  C01=1.169820e-03  C02=3.756312e-03  H1=3.875468e+01  H2=-4.456632e+02
