*** Qmin=1.581015e-06 ***   *  5001 [ 0.346274713 0.097829702 0.000565037 0.002962559 53.413560002 -627.422889998 ] Q=1.581015e-06
*** Qmin=2.149113e-07 ***   *  5002 [ 0.856276015 0.056553652 0.001197534 0.003011316 52.332040002 -600.228829997 ] Q=2.149113e-07
*** Qmin=1.561633e-07 ***   *  5003 [ 0.586225896 0.041994458 0.000833107 0.002805367 59.844639996 -514.051240000 ] Q=1.561633e-07
*** Qmin=7.164970e-08 ***   *  5006 [ 0.963687339 0.058755918 0.001282055 0.002939083 20.225799994 -333.701070005 ] Q=7.164970e-08
*** Qmin=5.087181e-08 ***   *  5014 [ 0.684301918 0.057402345 0.001290453 0.003425591 31.198199996 -353.399800010 ] Q=5.087181e-08
*** Qmin=4.468251e-08 ***   *  5017 [ 0.709850867 0.084967952 0.000793858 0.001949302 20.972039996 -353.601470004 ] Q=4.468251e-08
*** Qmin=3.656786e-08 ***   *  5018 [ 0.784288295 0.083613823 0.000750657 0.001693528 32.325519999 -457.275759994 ] Q=3.656786e-08
*** Qmin=2.735018e-08 ***   *  5021 [ 0.596826142 0.057880960 0.001353985 0.002498885 25.891479997 -415.195530001 ] Q=2.735018e-08
*** Qmin=2.230628e-08 ***   *  5062 [ 0.924221954 0.051417827 0.000765498 0.003376411 33.123159994 -400.277540003 ] Q=2.230628e-08
*** Qmin=2.139345e-08 ***   *  5128 [ 0.894045007 0.046050479 0.000661905 0.003556715 43.976519995 -481.969370000 ] Q=2.139345e-08
*** Qmin=1.816255e-08 ***   *  5148 [ 0.668982241 0.054302879 0.000755439 0.003285673 44.024400000 -439.248870000 ] Q=1.816255e-08
*** Qmin=1.809158e-08 ***   *  5153 [ 0.843933719 0.065298905 0.001148962 0.002271925 26.100080000 -436.609099997 ] Q=1.809158e-08
*** Qmin=1.566130e-08 ***   *  5850 [ 0.733686257 0.061545233 0.001172869 0.002568933 22.879560006 -427.942449999 ] Q=1.566130e-08
*** Qmin=1.541571e-08 ***   *  6550 [ 0.562458657 0.057639809 0.001321932 0.003059441 43.593319998 -444.553779999 ] Q=1.541571e-08
*** Qmin=1.517842e-08 ***   *  6824 [ 0.633941174 0.062487773 0.001353543 0.002672451 29.831680004 -420.931729999 ] Q=1.517842e-08
*** Qmin=1.512202e-08 ***   *  6922 [ 0.840487229 0.050985008 0.001052914 0.003542287 33.133519993 -416.514340003 ] Q=1.512202e-08
*** Qmin=1.436723e-08 ***   *  8258 [ 0.744452593 0.058713417 0.001068356 0.002866963 27.704320003 -424.221660002 ] Q=1.436723e-08
*** Qmin=1.305552e-08 ***   *  9513 [ 0.754968615 0.055546521 0.000993050 0.002974763 31.185480006 -438.493789998 ] Q=1.305552e-08
*** Qmin=1.154570e-08 ***   * 11417 [ 0.670549647 0.043717539 0.001264944 0.004033822 38.457919995 -452.105440001 ] Q=1.154570e-08
*** Qmin=1.140668e-08 ***   * 71215 [ 0.785842423 0.046795708 0.000968675 0.003862941 37.617879994 -441.136570001 ] Q=1.140668e-08
Qopt=1.140668e-08  k1=7.858424e-01  k2=4.679571e-02  C01=9.686755e-04  C02=3.862941e-03  H1=3.761788e+01  H2=-4.411366e+02
