 Minimum found at:
*** Qmin=5.224421e-08 ***   *   169 [ 0.729747043 0.063373731 0.000965045 0.003270502 43.611280551 -360.795421512 ] Q=5.224421e-08
*** Qmin=2.157501e-08 ***   *   195 [ 0.555086980 0.040834216 0.001879649 0.004016924 41.017121801 -487.323285299 ] Q=2.157501e-08
 Minimum found at:
*** Qmin=1.629942e-08 ***   *   519 [ 0.744546309 0.041949701 0.000963663 0.004829996 47.456118247 -421.519129037 ] Q=1.629942e-08
 Minimum found at:
 Minimum found at:
 Minimum found at:
 Minimum found at:
 Minimum found at:
 Minimum found at:
 Minimum found at:
*** Qmin=1.563087e-08 ***   *  4855 [ 0.626706869 0.038590359 0.001243105 0.005382796 51.524267493 -427.410305601 ] Q=1.563087e-08
 Minimum found at:
*** Qmin=1.439989e-08 ***   *  8329 [ 0.945397211 0.051584939 0.000669907 0.003142356 25.862880007 -443.540699998 ] Q=1.439989e-08
*** Qmin=1.279661e-08 ***   * 10636 [ 0.829741276 0.049686641 0.000933542 0.003434021 29.434639999 -439.721870001 ] Q=1.279661e-08
*** Qmin=1.166694e-08 ***   * 11211 [ 0.767806893 0.046383242 0.000966186 0.003722179 34.745080003 -445.040539998 ] Q=1.166694e-08
*** Qmin=1.160343e-08 ***   * 31404 [ 0.834653518 0.045400343 0.000828478 0.003893234 37.011640005 -451.298759998 ] Q=1.160343e-08
*** Qmin=1.140104e-08 ***   * 57449 [ 0.754088103 0.044307095 0.000972326 0.004062205 37.445720000 -438.387150001 ] Q=1.140104e-08
Qopt=1.140104e-08  k1=7.540881e-01  k2=4.430709e-02  C01=9.723256e-04  C02=4.062205e-03  H1=3.744572e+01  H2=-4.383872e+02
