 Minimum found at:
*** Qmin=2.104140e-07 ***   *    49 [ 0.707191356 0.108295391 0.000939550 0.002055660 40.648527312 -260.824912720 ] Q=2.104140e-07
 Minimum found at:
*** Qmin=1.671840e-07 ***   *   319 [ 0.724475189 0.118326526 0.001033801 0.001545541 25.647835627 -265.829360148 ] Q=1.671840e-07
 Minimum found at:
*** Qmin=2.840780e-08 ***   *   661 [ 0.652429532 0.001311234 0.001365406 0.139022455 48.846207870 -547.387251461 ] Q=2.840780e-08
 Minimum found at:
 Minimum found at:
 Minimum found at:
*** Qmin=1.765032e-08 ***   *  2671 [ 0.703908285 0.009348996 0.001180211 0.020514128 49.383201564 -512.677818217 ] Q=1.765032e-08
 Minimum found at:
*** Qmin=1.691470e-08 ***   *  5414 [ 0.848135673 0.055233868 0.000914600 0.003142546 26.791760006 -406.242070001 ] Q=1.691470e-08
*** Qmin=1.638399e-08 ***   *  5995 [ 0.636333188 0.064667307 0.001163562 0.002657466 37.943040003 -427.677139999 ] Q=1.638399e-08
*** Qmin=1.582633e-08 ***   *  6145 [ 0.768871786 0.054676833 0.000968745 0.002882168 23.562680008 -439.071709999 ] Q=1.582633e-08
*** Qmin=1.411777e-08 ***   *  6904 [ 0.517267527 0.048555288 0.001478167 0.003554050 38.670800005 -449.564569999 ] Q=1.411777e-08
*** Qmin=1.371501e-08 ***   *  8543 [ 0.893694196 0.059102887 0.000666485 0.002794019 30.338239997 -427.359800001 ] Q=1.371501e-08
*** Qmin=1.353602e-08 ***   * 10283 [ 0.862237418 0.042338215 0.000766699 0.004132545 36.377639995 -433.240480002 ] Q=1.353602e-08
*** Qmin=1.321630e-08 ***   * 10912 [ 0.836509295 0.045977134 0.000755145 0.003655574 35.058120000 -457.272750000 ] Q=1.321630e-08
*** Qmin=1.199451e-08 ***   * 19107 [ 0.942135699 0.046427735 0.000752254 0.003768088 32.776680002 -433.838180000 ] Q=1.199451e-08
*** Qmin=1.177277e-08 ***   * 23691 [ 0.969377550 0.043132023 0.000690445 0.004159789 35.135359996 -437.193900002 ] Q=1.177277e-08
*** Qmin=1.169271e-08 ***   * 37625 [ 0.702685246 0.046857681 0.001057138 0.003910176 41.937399996 -439.365830001 ] Q=1.169271e-08
*** Qmin=1.150128e-08 ***   * 56064 [ 0.842916896 0.047062232 0.000838351 0.003809749 35.927240006 -437.804929999 ] Q=1.150128e-08
Qopt=1.150128e-08  k1=8.429169e-01  k2=4.706223e-02  C01=8.383515e-04  C02=3.809749e-03  H1=3.592724e+01  H2=-4.378049e+02
