*** Qmin=1.252421e-07 ***   *    36 [ 0.410324173 0.030501535 0.001935357 0.005176306 56.002370395 -623.032558206 ] Q=1.252421e-07
 Minimum found at:
*** Qmin=2.615025e-08 ***   *   147 [ 0.745715047 0.010664524 0.001195069 0.016485655 38.744972268 -519.967446732 ] Q=2.615025e-08
 Minimum found at:
*** Qmin=1.698797e-08 ***   *   192 [ 0.801527175 0.064616038 0.001120070 0.002414491 20.116103052 -410.994438266 ] Q=1.698797e-08
*** Qmin=1.519520e-08 ***   *  1161 [ 0.635514627 0.012459771 0.001332765 0.015642689 52.541158879 -507.176820471 ] Q=1.519520e-08
 Minimum found at:
 Minimum found at:
 Minimum found at:
 Minimum found at:
 Minimum found at:
 Minimum found at:
*** Qmin=1.339102e-08 ***   *  5293 [ 0.624900810 0.049624915 0.001181621 0.003812817 47.723799992 -440.399120002 ] Q=1.339102e-08
*** Qmin=1.323051e-08 ***   * 12616 [ 0.733311090 0.047250521 0.001077911 0.003923640 36.940359994 -424.212630004 ] Q=1.323051e-08
*** Qmin=1.288736e-08 ***   * 13626 [ 0.625058828 0.044639817 0.001355156 0.003906022 33.181920005 -446.687010000 ] Q=1.288736e-08
*** Qmin=1.262589e-08 ***   * 17824 [ 0.733132381 0.047986495 0.001171351 0.003664659 32.311720000 -429.348550002 ] Q=1.262589e-08
*** Qmin=1.211822e-08 ***   * 20726 [ 0.871377782 0.049369100 0.000826195 0.003424258 30.944640004 -438.944429999 ] Q=1.211822e-08
*** Qmin=1.190803e-08 ***   * 62601 [ 0.901004556 0.049879248 0.000790086 0.003454675 33.779360004 -436.094389999 ] Q=1.190803e-08
*** Qmin=1.143909e-08 ***   * 64971 [ 0.666259097 0.045468274 0.001188768 0.004038361 40.348199994 -440.332040002 ] Q=1.143909e-08
Qopt=1.143909e-08  k1=6.662591e-01  k2=4.546827e-02  C01=1.188768e-03  C02=4.038361e-03  H1=4.034820e+01  H2=-4.403320e+02
