*** Qmin=6.539784e-08 ***   *     4 [ 0.791224433 0.096926697 0.000793255 0.001511090 40.275760024 -465.338689987 ] Q=6.539784e-08
 Minimum found at:
*** Qmin=4.816588e-08 ***   *   386 [ 0.682565177 0.000855460 0.001243240 0.193644860 48.433142304 -590.295803255 ] Q=4.816588e-08
 Minimum found at:
 Minimum found at:
*** Qmin=4.359749e-08 ***   *  5050 [ 0.374715652 0.058082265 0.001067382 0.002898155 42.287280003 -474.852009998 ] Q=4.359749e-08
*** Qmin=3.135242e-08 ***   *  5051 [ 0.635726874 0.070912276 0.000809142 0.002773786 52.511240001 -420.536560000 ] Q=3.135242e-08
*** Qmin=3.067292e-08 ***   *  5130 [ 0.451190823 0.062731692 0.001104745 0.003100632 56.001800001 -431.999070000 ] Q=3.067292e-08
*** Qmin=2.663782e-08 ***   *  5149 [ 0.601783742 0.056038959 0.001160877 0.002714164 26.630159997 -408.834970002 ] Q=2.663782e-08
*** Qmin=2.623109e-08 ***   *  5237 [ 0.777563063 0.081016239 0.000858485 0.001971825 37.278559997 -430.529760000 ] Q=2.623109e-08
*** Qmin=2.266327e-08 ***   *  5335 [ 0.696622333 0.044840440 0.001187421 0.003760332 20.384720014 -412.797850002 ] Q=2.266327e-08
*** Qmin=2.210131e-08 ***   *  5367 [ 0.638378052 0.060502301 0.001289304 0.002904607 31.754080005 -447.430049998 ] Q=2.210131e-08
*** Qmin=1.900945e-08 ***   *  5579 [ 0.949506575 0.060365165 0.000867566 0.002951830 37.273919992 -418.445040001 ] Q=1.900945e-08
*** Qmin=1.619520e-08 ***   *  6123 [ 0.775205168 0.052276937 0.000731994 0.003546787 47.718639998 -433.873010001 ] Q=1.619520e-08
*** Qmin=1.281511e-08 ***   *  6728 [ 0.928879950 0.052689784 0.000732743 0.003202464 34.197000004 -433.489019999 ] Q=1.281511e-08
*** Qmin=1.271084e-08 ***   * 14920 [ 0.833418347 0.047757004 0.000884585 0.003543997 33.732600007 -454.128159997 ] Q=1.271084e-08
*** Qmin=1.207987e-08 ***   * 35835 [ 0.634449764 0.047794851 0.001199109 0.003693031 39.306360006 -448.029899998 ] Q=1.207987e-08
*** Qmin=1.189214e-08 ***   * 42171 [ 0.728627910 0.049241936 0.001014937 0.003585573 39.395959999 -447.475630000 ] Q=1.189214e-08
*** Qmin=1.173431e-08 ***   * 46670 [ 0.791515562 0.045395212 0.000852016 0.003954914 39.567159996 -438.368230002 ] Q=1.173431e-08
*** Qmin=1.152138e-08 ***   * 74937 [ 0.699377716 0.044987635 0.001208405 0.004037214 37.114279995 -439.637160002 ] Q=1.152138e-08
Qopt=1.152138e-08  k1=6.993777e-01  k2=4.498764e-02  C01=1.208405e-03  C02=4.037214e-03  H1=3.711428e+01  H2=-4.396372e+02
