*** Qmin=3.289457e-07 ***   *     4 [ 0.628099855 0.104245318 0.000697671 0.001345574 27.997680019 -575.744199988 ] Q=3.289457e-07
 Minimum found at:
*** Qmin=1.595495e-07 ***   *   600 [ 0.580218173 0.079098726 0.001241615 0.003170045 56.173073858 -299.923894517 ] Q=1.595495e-07
 Minimum found at:
*** Qmin=2.855546e-08 ***   *  1077 [ 0.706367576 0.058116835 0.001069870 0.003331932 39.683837670 -387.197006705 ] Q=2.855546e-08
 Minimum found at:
*** Qmin=2.262015e-08 ***   *  1389 [ 0.687653603 0.002361543 0.001215367 0.080787614 52.511316048 -535.895627470 ] Q=2.262015e-08
 Minimum found at:
 Minimum found at:
 Minimum found at:
 Minimum found at:
*** Qmin=1.954209e-08 ***   *  2728 [ 0.570594471 0.038051800 0.001390624 0.005691609 56.035393007 -421.785082961 ] Q=1.954209e-08
 Minimum found at:
*** Qmin=1.675129e-08 ***   *  3546 [ 0.611341225 0.035063982 0.001259375 0.006174917 56.677816221 -429.804996373 ] Q=1.675129e-08
 Minimum found at:
 Minimum found at:
 Minimum found at:
 Minimum found at:
 Minimum found at:
 Minimum found at:
*** Qmin=1.363124e-08 ***   *  4938 [ 0.849248395 0.054304878 0.000988967 0.002998043 26.255194319 -435.861316309 ] Q=1.363124e-08
*** Qmin=1.258594e-08 ***   *  6767 [ 0.757196362 0.047253046 0.000911456 0.003789334 34.256120005 -432.859930000 ] Q=1.258594e-08
*** Qmin=1.253799e-08 ***   * 12281 [ 0.955402466 0.045359164 0.000632619 0.004001121 40.537639993 -438.292120002 ] Q=1.253799e-08
*** Qmin=1.234838e-08 ***   * 35312 [ 0.813602743 0.049631183 0.000958637 0.003588370 35.522480001 -429.168380002 ] Q=1.234838e-08
*** Qmin=1.183592e-08 ***   * 36563 [ 0.669223072 0.047870122 0.001160720 0.003786455 42.591080001 -447.047779999 ] Q=1.183592e-08
*** Qmin=1.130672e-08 ***   * 88314 [ 0.822536743 0.044603229 0.000888518 0.004014892 35.738319997 -443.717430001 ] Q=1.130672e-08
Qopt=1.130672e-08  k1=8.225367e-01  k2=4.460323e-02  C01=8.885176e-04  C02=4.014892e-03  H1=3.573832e+01  H2=-4.437174e+02
