 Minimum found at:
*** Qmin=1.469021e-07 ***   *    49 [ 0.673439568 0.104966044 0.001118360 0.001852365 31.433037140 -281.701104355 ] Q=1.469021e-07
 Minimum found at:
*** Qmin=4.749623e-08 ***   *   123 [ 0.899466944 0.083812318 0.000804120 0.002004950 23.007455775 -347.060039648 ] Q=4.749623e-08
 Minimum found at:
 Minimum found at:
 Minimum found at:
 Minimum found at:
*** Qmin=1.500510e-08 ***   *  1227 [ 0.665950383 0.008277347 0.001243561 0.024135667 53.961912630 -508.939738562 ] Q=1.500510e-08
 Minimum found at:
 Minimum found at:
 Minimum found at:
*** Qmin=1.229878e-08 ***   *  3876 [ 0.563112700 0.031471687 0.001451695 0.006694881 55.541558713 -445.130189283 ] Q=1.229878e-08
 Minimum found at:
 Minimum found at:
 Minimum found at:
 Minimum found at:
*** Qmin=1.188728e-08 ***   * 22120 [ 0.731639362 0.048864988 0.001104203 0.003608090 35.058880002 -434.570470000 ] Q=1.188728e-08
*** Qmin=1.118388e-08 ***   * 77660 [ 0.829425867 0.043423810 0.000896506 0.004140521 36.517679995 -440.336340002 ] Q=1.118388e-08
Qopt=1.118388e-08  k1=8.294259e-01  k2=4.342381e-02  C01=8.965062e-04  C02=4.140521e-03  H1=3.651768e+01  H2=-4.403363e+02
