 Minimum found at:
*** Qmin=2.049716e-07 ***   *  1766 [ 0.771455234 0.135457473 0.000949820 0.001288666 21.484749492 -244.537603981 ] Q=2.049716e-07
*** Qmin=1.359292e-07 ***   *  5002 [ 0.553450522 0.083839535 0.001017542 0.002337639 36.361119991 -296.733110007 ] Q=1.359292e-07
*** Qmin=9.878838e-08 ***   *  5003 [ 0.783923398 0.069381216 0.001266857 0.002588742 21.079119993 -307.331750007 ] Q=9.878838e-08
*** Qmin=8.251327e-08 ***   *  5007 [ 0.359518355 0.047878642 0.000883156 0.003117820 58.610159998 -539.761799999 ] Q=8.251327e-08
*** Qmin=7.235372e-08 ***   *  5017 [ 0.883329144 0.067254956 0.000566484 0.002289090 52.357319995 -402.348850001 ] Q=7.235372e-08
*** Qmin=6.273468e-08 ***   *  5038 [ 0.723915368 0.051643772 0.001294718 0.002442947 33.259839996 -447.275250001 ] Q=6.273468e-08
*** Qmin=5.253247e-08 ***   *  5044 [ 0.734582638 0.074405402 0.000839222 0.002939111 45.437240002 -373.206030001 ] Q=5.253247e-08
*** Qmin=4.803065e-08 ***   *  5050 [ 0.832167468 0.047350602 0.000839480 0.003520922 59.278399993 -456.721490001 ] Q=4.803065e-08
*** Qmin=3.998868e-08 ***   *  5062 [ 0.947768790 0.057617568 0.000866283 0.002551066 41.637079995 -447.762010001 ] Q=3.998868e-08
*** Qmin=2.966954e-08 ***   *  5074 [ 0.716924101 0.047838205 0.000762680 0.003252609 37.760839996 -431.505000001 ] Q=2.966954e-08
*** Qmin=2.205878e-08 ***   *  5077 [ 0.548206081 0.068014026 0.001318184 0.002546293 47.295519999 -444.027029999 ] Q=2.205878e-08
*** Qmin=1.438776e-08 ***   *  5082 [ 0.904362021 0.047177451 0.000830093 0.003489949 25.042360010 -440.182399998 ] Q=1.438776e-08
*** Qmin=1.329447e-08 ***   *  7547 [ 0.768471171 0.051572062 0.000977158 0.003488488 42.872319998 -445.808949999 ] Q=1.329447e-08
*** Qmin=1.274417e-08 ***   * 11260 [ 0.899734112 0.052887468 0.000681889 0.003166064 31.173120003 -439.661239999 ] Q=1.274417e-08
*** Qmin=1.231595e-08 ***   * 18189 [ 0.679672541 0.049264663 0.001217802 0.003596938 35.259079999 -431.656790001 ] Q=1.231595e-08
*** Qmin=1.226686e-08 ***   * 39024 [ 0.679990590 0.046052313 0.001057033 0.004109067 48.063759994 -449.025350001 ] Q=1.226686e-08
*** Qmin=1.213213e-08 ***   * 39408 [ 0.781241915 0.041806031 0.001165367 0.004177159 34.218319995 -446.332260001 ] Q=1.213213e-08
*** Qmin=1.178834e-08 ***   * 74852 [ 0.666945909 0.046175685 0.001232659 0.003796212 39.749000003 -449.106619998 ] Q=1.178834e-08
Qopt=1.178834e-08  k1=6.669459e-01  k2=4.617568e-02  C01=1.232659e-03  C02=3.796212e-03  H1=3.974900e+01  H2=-4.491066e+02
