 Minimum found at:
*** Qmin=4.490563e-08 ***   *   127 [ 0.723279801 0.056813608 0.000970832 0.003737759 47.151709320 -372.566518785 ] Q=4.490563e-08
*** Qmin=2.650031e-08 ***   *   408 [ 0.754981034 0.031035416 0.001278639 0.005203213 26.250944153 -490.695182583 ] Q=2.650031e-08
 Minimum found at:
 Minimum found at:
 Minimum found at:
 Minimum found at:
 Minimum found at:
 Minimum found at:
 Minimum found at:
*** Qmin=1.481458e-08 ***   *  3283 [ 0.799012714 0.017167973 0.000947521 0.011093250 46.822392698 -496.029739303 ] Q=1.481458e-08
 Minimum found at:
 Minimum found at:
 Minimum found at:
 Minimum found at:
*** Qmin=1.334234e-08 ***   *  6206 [ 0.919201502 0.046121343 0.000661528 0.003853438 39.268159995 -432.986350002 ] Q=1.334234e-08
*** Qmin=1.308046e-08 ***   * 12809 [ 0.722063822 0.043768877 0.000858745 0.004120785 46.769559998 -454.704360001 ] Q=1.308046e-08
*** Qmin=1.190343e-08 ***   * 15733 [ 0.949157982 0.048503496 0.000719976 0.003543500 33.232080006 -437.721509999 ] Q=1.190343e-08
*** Qmin=1.163528e-08 ***   * 43831 [ 0.751704570 0.047469087 0.001043664 0.003649459 36.348720006 -442.768419999 ] Q=1.163528e-08
Qopt=1.163528e-08  k1=7.517046e-01  k2=4.746909e-02  C01=1.043664e-03  C02=3.649459e-03  H1=3.634872e+01  H2=-4.427684e+02
