 Minimum found at:
*** Qmin=2.367290e-08 ***   *   319 [ 1.001317535 0.033260749 0.000764079 0.004822409 26.437449355 -485.874055686 ] Q=2.367290e-08
 Minimum found at:
 Minimum found at:
 Minimum found at:
 Minimum found at:
*** Qmin=1.628888e-08 ***   *  1467 [ 0.782839485 0.060482262 0.001185205 0.002562521 20.154863511 -423.500111065 ] Q=1.628888e-08
 Minimum found at:
 Minimum found at:
 Minimum found at:
 Minimum found at:
 Minimum found at:
*** Qmin=1.474189e-08 ***   *  5701 [ 0.853513732 0.055465643 0.000887908 0.003044978 27.789600006 -439.830229998 ] Q=1.474189e-08
*** Qmin=1.471526e-08 ***   *  6154 [ 0.876533363 0.059894126 0.000947858 0.002719929 30.810759995 -424.520510001 ] Q=1.471526e-08
*** Qmin=1.460930e-08 ***   *  6285 [ 0.870148654 0.049618808 0.000642382 0.003613992 45.005079998 -442.201250001 ] Q=1.460930e-08
*** Qmin=1.451053e-08 ***   *  6870 [ 0.846893657 0.060005294 0.000702129 0.002722722 32.163319999 -440.227120000 ] Q=1.451053e-08
*** Qmin=1.383121e-08 ***   *  7140 [ 0.886393467 0.053369715 0.000729162 0.003357879 41.580159998 -437.697000000 ] Q=1.383121e-08
*** Qmin=1.265952e-08 ***   *  8761 [ 0.784530221 0.044573012 0.000941672 0.004027188 33.917480003 -428.857060001 ] Q=1.265952e-08
*** Qmin=1.233472e-08 ***   *  9220 [ 0.883397924 0.047227922 0.000796926 0.003811399 37.919559993 -431.652490002 ] Q=1.233472e-08
*** Qmin=1.197975e-08 ***   * 18717 [ 0.944927734 0.050134466 0.000727314 0.003434764 32.565560005 -436.304659999 ] Q=1.197975e-08
*** Qmin=1.137989e-08 ***   * 38925 [ 0.874472060 0.045745992 0.000791707 0.003933155 38.733039993 -443.015240001 ] Q=1.137989e-08
Qopt=1.137989e-08  k1=8.744721e-01  k2=4.574599e-02  C01=7.917071e-04  C02=3.933155e-03  H1=3.873304e+01  H2=-4.430152e+02
