 Minimum found at:
*** Qmin=2.343091e-07 ***   *   368 [ 0.491458700 0.097805893 0.001505716 0.002664292 58.088785978 -268.651371319 ] Q=2.343091e-07
 Minimum found at:
*** Qmin=8.137778e-08 ***   *   742 [ 0.664812713 0.000456304 0.001246556 0.322090793 48.830826194 -644.628374508 ] Q=8.137778e-08
 Minimum found at:
*** Qmin=7.183404e-08 ***   *  2552 [ 0.585730084 0.001250967 0.001505147 0.125464096 55.218400320 -630.630699327 ] Q=7.183404e-08
*** Qmin=6.749403e-08 ***   *  2837 [ 0.533856411 0.000859280 0.001702608 0.182503841 51.908448044 -623.636954321 ] Q=6.749403e-08
*** Qmin=4.112721e-08 ***   *  2841 [ 0.722059747 0.104535871 0.001334391 0.001494559 21.562880027 -387.445909989 ] Q=4.112721e-08
 Minimum found at:
 Minimum found at:
 Minimum found at:
 Minimum found at:
*** Qmin=1.988326e-08 ***   *  3110 [ 0.594049728 0.046569463 0.001362757 0.004335073 46.996786523 -411.606520269 ] Q=1.988326e-08
 Minimum found at:
*** Qmin=1.724203e-08 ***   *  3166 [ 0.647176432 0.036988930 0.001166149 0.005776460 54.303254208 -425.868170985 ] Q=1.724203e-08
 Minimum found at:
 Minimum found at:
*** Qmin=1.673717e-08 ***   *  5539 [ 0.929401107 0.060968458 0.001170549 0.002589818 20.961919997 -423.363810001 ] Q=1.673717e-08
*** Qmin=1.592217e-08 ***   *  5884 [ 0.811247592 0.052884212 0.000843663 0.003443965 30.518360005 -417.034210000 ] Q=1.592217e-08
*** Qmin=1.328923e-08 ***   *  6087 [ 0.708304041 0.045170114 0.001137178 0.003717145 30.523760010 -447.224939998 ] Q=1.328923e-08
*** Qmin=1.317840e-08 ***   * 11423 [ 0.947732589 0.046604903 0.000659433 0.003765323 40.893119996 -455.375160000 ] Q=1.317840e-08
*** Qmin=1.150400e-08 ***   * 20212 [ 0.650453824 0.045144944 0.001240170 0.003948541 38.544079999 -448.016140000 ] Q=1.150400e-08
*** Qmin=1.141732e-08 ***   * 102863 [ 0.862534922 0.046175007 0.000840290 0.003780230 35.602920005 -443.281839998 ] Q=1.141732e-08
Qopt=1.141732e-08  k1=8.625349e-01  k2=4.617501e-02  C01=8.402901e-04  C02=3.780230e-03  H1=3.560292e+01  H2=-4.432818e+02
