 Minimum found at:
*** Qmin=1.733050e-08 ***   *    25 [ 0.889294491 0.045616431 0.000929979 0.003481954 24.303415913 -458.035985165 ] Q=1.733050e-08
 Minimum found at:
 Minimum found at:
 Minimum found at:
*** Qmin=1.536254e-08 ***   *  1334 [ 0.840913239 0.038162964 0.000956017 0.004399930 30.754593661 -466.991150365 ] Q=1.536254e-08
 Minimum found at:
 Minimum found at:
 Minimum found at:
*** Qmin=1.419021e-08 ***   *  2447 [ 0.810072662 0.055573156 0.001045987 0.002908068 24.591291514 -428.680141535 ] Q=1.419021e-08
 Minimum found at:
 Minimum found at:
*** Qmin=1.418726e-08 ***   *  4469 [ 0.665757265 0.015703038 0.001252738 0.012320787 49.478376116 -498.068734258 ] Q=1.418726e-08
 Minimum found at:
*** Qmin=1.284530e-08 ***   *  7728 [ 0.935476885 0.054074623 0.000649514 0.003104695 33.799479998 -442.409370000 ] Q=1.284530e-08
*** Qmin=1.261440e-08 ***   * 13047 [ 0.836717310 0.042689585 0.000808529 0.004093891 33.147920000 -435.664390001 ] Q=1.261440e-08
*** Qmin=1.242874e-08 ***   * 14836 [ 0.804233661 0.043811544 0.000965577 0.003880246 31.412840008 -447.682459999 ] Q=1.242874e-08
*** Qmin=1.164814e-08 ***   * 33288 [ 0.842966415 0.047728141 0.000814593 0.003803794 37.724559994 -438.153660001 ] Q=1.164814e-08
*** Qmin=1.147403e-08 ***   * 35442 [ 0.770470831 0.046046776 0.001057437 0.003869728 36.105319995 -438.655040002 ] Q=1.147403e-08
Qopt=1.147403e-08  k1=7.704708e-01  k2=4.604678e-02  C01=1.057437e-03  C02=3.869728e-03  H1=3.610532e+01  H2=-4.386550e+02
