 Minimum found at:
*** Qmin=4.025915e-08 ***   *   156 [ 0.850724869 0.005858710 0.001109113 0.027723397 29.806442594 -536.386385294 ] Q=4.025915e-08
 Minimum found at:
 Minimum found at:
 Minimum found at:
 Minimum found at:
*** Qmin=1.800869e-08 ***   *  2006 [ 0.682171935 0.050141355 0.001114689 0.003853649 40.973552413 -410.339464745 ] Q=1.800869e-08
 Minimum found at:
 Minimum found at:
 Minimum found at:
 Minimum found at:
 Minimum found at:
 Minimum found at:
*** Qmin=1.729812e-08 ***   *  5480 [ 0.665960466 0.046416841 0.000894843 0.003757134 31.359160004 -443.099089999 ] Q=1.729812e-08
*** Qmin=1.380171e-08 ***   *  5663 [ 0.916541797 0.042120245 0.000709916 0.003973802 29.162200000 -442.741760001 ] Q=1.380171e-08
*** Qmin=1.377442e-08 ***   * 11193 [ 0.854405524 0.058350973 0.000721242 0.002843916 34.784519996 -435.008640001 ] Q=1.377442e-08
*** Qmin=1.282269e-08 ***   * 12136 [ 0.755370471 0.047277699 0.000821486 0.003888736 40.659120003 -447.866929999 ] Q=1.282269e-08
*** Qmin=1.239462e-08 ***   * 13269 [ 0.904969604 0.052668940 0.000744958 0.003226998 34.826240004 -437.307849999 ] Q=1.239462e-08
*** Qmin=1.214120e-08 ***   * 31106 [ 0.855604165 0.046638754 0.000775220 0.003882424 38.578159995 -432.523670002 ] Q=1.214120e-08
*** Qmin=1.210096e-08 ***   * 66391 [ 0.959747248 0.047535078 0.000723173 0.003688790 36.619560002 -444.235579999 ] Q=1.210096e-08
*** Qmin=1.183181e-08 ***   * 74785 [ 0.795212741 0.044950968 0.000933793 0.004031058 39.121999997 -453.385119999 ] Q=1.183181e-08
Qopt=1.183181e-08  k1=7.952127e-01  k2=4.495097e-02  C01=9.337935e-04  C02=4.031058e-03  H1=3.912200e+01  H2=-4.533851e+02
