*** Qmin=4.965949e-08 ***   *   577 [ 0.485845236 0.073412621 0.002106313 0.002539946 34.423294977 -356.404287292 ] Q=4.965949e-08
 Minimum found at:
*** Qmin=4.361397e-08 ***   *   898 [ 0.729197099 0.000993142 0.001165106 0.167846971 45.284403111 -578.215634240 ] Q=4.361397e-08
*** Qmin=3.364206e-08 ***   *  2398 [ 0.533625520 0.077152020 0.001804292 0.002136979 23.371492339 -368.712364283 ] Q=3.364206e-08
 Minimum found at:
 Minimum found at:
 Minimum found at:
*** Qmin=3.138998e-08 ***   *  4209 [ 1.003002612 0.023015495 0.000792753 0.006966997 27.188080976 -507.480149083 ] Q=3.138998e-08
 Minimum found at:
*** Qmin=2.413274e-08 ***   *  5084 [ 0.669799037 0.086113727 0.001042338 0.001646858 21.864999999 -418.678960000 ] Q=2.413274e-08
*** Qmin=2.372358e-08 ***   *  5118 [ 0.654964074 0.046605788 0.001412496 0.003792266 25.477880012 -397.911250008 ] Q=2.372358e-08
*** Qmin=2.331265e-08 ***   *  5125 [ 0.573395454 0.047716974 0.001043593 0.003403694 23.787040004 -434.680550000 ] Q=2.331265e-08
*** Qmin=2.263830e-08 ***   *  5525 [ 0.822167423 0.061088716 0.000712480 0.002552280 40.819559996 -461.316470000 ] Q=2.263830e-08
*** Qmin=1.330237e-08 ***   *  5717 [ 0.680889134 0.053985103 0.001087101 0.003275726 37.630880000 -428.353530002 ] Q=1.330237e-08
*** Qmin=1.304337e-08 ***   *  8228 [ 0.840220761 0.043636223 0.001091698 0.004069192 37.476119993 -448.468500000 ] Q=1.304337e-08
*** Qmin=1.273921e-08 ***   * 13875 [ 0.850313893 0.045268829 0.000736101 0.003992200 44.826039996 -449.364190001 ] Q=1.273921e-08
*** Qmin=1.217147e-08 ***   * 22294 [ 0.834365972 0.049490507 0.000855977 0.003473134 35.993560002 -449.558549998 ] Q=1.217147e-08
*** Qmin=1.202376e-08 ***   * 30506 [ 0.658200475 0.044673279 0.001346465 0.003928458 34.182480005 -442.202539999 ] Q=1.202376e-08
*** Qmin=1.133040e-08 ***   * 82657 [ 0.780973586 0.044544047 0.001015548 0.003958150 36.428999995 -442.273490002 ] Q=1.133040e-08
Qopt=1.133040e-08  k1=7.809736e-01  k2=4.454405e-02  C01=1.015548e-03  C02=3.958150e-03  H1=3.642900e+01  H2=-4.422735e+02
