 Minimum found at:
*** Qmin=6.227476e-08 ***   *   501 [ 0.877635341 0.000701190 0.000913177 0.213250864 38.238540335 -605.933821662 ] Q=6.227476e-08
 Minimum found at:
*** Qmin=5.189782e-08 ***   *   915 [ 0.940724684 0.000740534 0.000964200 0.206835729 28.367373374 -565.129855580 ] Q=5.189782e-08
 Minimum found at:
 Minimum found at:
 Minimum found at:
*** Qmin=2.965633e-08 ***   *  2268 [ 0.784989085 0.001836357 0.001035817 0.097818042 46.426840872 -547.028529036 ] Q=2.965633e-08
 Minimum found at:
 Minimum found at:
 Minimum found at:
 Minimum found at:
 Minimum found at:
*** Qmin=2.085215e-08 ***   *  4251 [ 0.614602568 0.001920625 0.001432856 0.101147128 54.167924291 -532.412354202 ] Q=2.085215e-08
 Minimum found at:
 Minimum found at:
 Minimum found at:
*** Qmin=1.424762e-08 ***   *  5050 [ 0.773041963 0.052135891 0.000830199 0.003227517 30.399359998 -426.429710002 ] Q=1.424762e-08
*** Qmin=1.423285e-08 ***   *  7439 [ 0.796978222 0.060545471 0.000874325 0.002638924 30.448840004 -430.055469999 ] Q=1.423285e-08
*** Qmin=1.347987e-08 ***   *  7727 [ 0.884701232 0.053825956 0.000715156 0.003216941 39.204520001 -437.016739999 ] Q=1.347987e-08
*** Qmin=1.344129e-08 ***   *  8215 [ 0.765604048 0.047713173 0.000801869 0.003907250 48.057640000 -451.979880000 ] Q=1.344129e-08
*** Qmin=1.312251e-08 ***   * 14788 [ 0.716970463 0.048444207 0.000940228 0.003623974 40.447720004 -457.572459998 ] Q=1.312251e-08
*** Qmin=1.295674e-08 ***   * 25638 [ 0.632124674 0.049705354 0.001232869 0.003565756 34.913239998 -432.603650002 ] Q=1.295674e-08
*** Qmin=1.225412e-08 ***   * 28680 [ 0.870349368 0.045236589 0.000748840 0.003796357 37.600639996 -455.469760000 ] Q=1.225412e-08
*** Qmin=1.147451e-08 ***   * 29951 [ 0.775020040 0.044008199 0.000912815 0.003979884 36.724760001 -449.721090000 ] Q=1.147451e-08
Qopt=1.147451e-08  k1=7.750200e-01  k2=4.400820e-02  C01=9.128150e-04  C02=3.979884e-03  H1=3.672476e+01  H2=-4.497211e+02
