 Minimum found at:
*** Qmin=2.455489e-08 ***   *    59 [ 0.631505776 0.040947593 0.001187941 0.005349224 55.485939061 -410.705539745 ] Q=2.455489e-08
 Minimum found at:
*** Qmin=1.852480e-08 ***   *  1095 [ 0.613665793 0.034530657 0.001239447 0.006396268 58.625781631 -427.351186445 ] Q=1.852480e-08
 Minimum found at:
 Minimum found at:
*** Qmin=1.614562e-08 ***   *  1375 [ 0.846613207 0.048602995 0.000808680 0.003917421 39.943881631 -414.919460859 ] Q=1.614562e-08
*** Qmin=1.515423e-08 ***   *  2616 [ 0.584448987 0.055540347 0.001719107 0.003059377 27.709999469 -422.351602338 ] Q=1.515423e-08
 Minimum found at:
 Minimum found at:
 Minimum found at:
 Minimum found at:
 Minimum found at:
 Minimum found at:
*** Qmin=1.515125e-08 ***   *  5449 [ 0.955397786 0.045789370 0.000885553 0.003650480 34.115079994 -438.421120001 ] Q=1.515125e-08
*** Qmin=1.340391e-08 ***   *  6082 [ 0.883766882 0.045502299 0.000850848 0.004012615 33.951319997 -422.843080003 ] Q=1.340391e-08
*** Qmin=1.173098e-08 ***   *  8725 [ 0.865574004 0.046762763 0.000874977 0.003856035 37.878879996 -439.981160000 ] Q=1.173098e-08
*** Qmin=1.171069e-08 ***   * 17177 [ 0.671953355 0.046466080 0.001195959 0.003806632 36.238640007 -440.296349999 ] Q=1.171069e-08
*** Qmin=1.149975e-08 ***   * 45083 [ 0.821737773 0.044757324 0.000803309 0.004051770 42.327079994 -449.995430001 ] Q=1.149975e-08
Qopt=1.149975e-08  k1=8.217378e-01  k2=4.475732e-02  C01=8.033089e-04  C02=4.051770e-03  H1=4.232708e+01  H2=-4.499954e+02
