 Minimum found at:
*** Qmin=5.076865e-08 ***   *   378 [ 0.918838672 0.001166415 0.001056559 0.132429857 25.888071450 -553.063705027 ] Q=5.076865e-08
 Minimum found at:
*** Qmin=1.728885e-08 ***   *  1307 [ 0.661770311 0.062036689 0.001306905 0.002702337 26.782451659 -406.644327553 ] Q=1.728885e-08
 Minimum found at:
 Minimum found at:
*** Qmin=1.408601e-08 ***   *  1687 [ 0.776456570 0.050065319 0.000970845 0.003653681 36.454592110 -419.236692980 ] Q=1.408601e-08
 Minimum found at:
 Minimum found at:
 Minimum found at:
 Minimum found at:
 Minimum found at:
 Minimum found at:
 Minimum found at:
 Minimum found at:
*** Qmin=1.282578e-08 ***   *  8340 [ 0.812860669 0.046274584 0.001010646 0.003799996 32.451639996 -427.408820003 ] Q=1.282578e-08
*** Qmin=1.215946e-08 ***   * 28308 [ 0.568230095 0.046432547 0.001427891 0.003870949 40.773480001 -448.929890000 ] Q=1.215946e-08
*** Qmin=1.194057e-08 ***   * 29144 [ 0.796517108 0.045912858 0.000943757 0.003890208 36.099559995 -432.127210002 ] Q=1.194057e-08
*** Qmin=1.147569e-08 ***   * 75351 [ 0.876323477 0.042351216 0.000753338 0.004234957 39.376639994 -443.372140002 ] Q=1.147569e-08
Qopt=1.147569e-08  k1=8.763235e-01  k2=4.235122e-02  C01=7.533382e-04  C02=4.234957e-03  H1=3.937664e+01  H2=-4.433721e+02
