 Minimum found at:
*** Qmin=1.816300e-07 ***   *   222 [ 0.531648663 0.085925032 0.001393192 0.002924489 55.860036562 -288.918154907 ] Q=1.816300e-07
 Minimum found at:
*** Qmin=7.691534e-08 ***   *   564 [ 0.880336716 0.000585410 0.000990148 0.233540136 31.630929984 -624.223251865 ] Q=7.691534e-08
 Minimum found at:
*** Qmin=2.191778e-08 ***   *  1192 [ 0.607392800 0.049841769 0.001327523 0.003999835 44.906601808 -404.972431821 ] Q=2.191778e-08
 Minimum found at:
*** Qmin=1.980453e-08 ***   *  1238 [ 0.854535924 0.067571976 0.000931251 0.002409268 23.178782303 -394.703060298 ] Q=1.980453e-08
 Minimum found at:
 Minimum found at:
 Minimum found at:
*** Qmin=1.915332e-08 ***   *  2980 [ 0.952997779 0.062709754 0.000716066 0.002732567 27.988168877 -397.278313221 ] Q=1.915332e-08
*** Qmin=1.681085e-08 ***   *  3132 [ 0.754452719 0.036679539 0.001078965 0.004577008 30.772598214 -471.436669590 ] Q=1.681085e-08
 Minimum found at:
 Minimum found at:
 Minimum found at:
*** Qmin=1.625274e-08 ***   *  5335 [ 0.667550991 0.054096072 0.000823195 0.003220038 38.502160001 -438.240090000 ] Q=1.625274e-08
*** Qmin=1.473322e-08 ***   *  5876 [ 0.786943529 0.047767881 0.000708902 0.003748375 43.092680001 -461.270889999 ] Q=1.473322e-08
*** Qmin=1.412713e-08 ***   *  5939 [ 0.960410282 0.045299751 0.000657606 0.003794381 27.180080006 -439.484939999 ] Q=1.412713e-08
*** Qmin=1.258203e-08 ***   *  9489 [ 0.813654368 0.051057699 0.000876659 0.003535128 38.815560003 -430.971369999 ] Q=1.258203e-08
*** Qmin=1.220077e-08 ***   * 11435 [ 0.731805097 0.049880776 0.001092476 0.003424674 33.714199996 -435.497550001 ] Q=1.220077e-08
*** Qmin=1.197302e-08 ***   * 18967 [ 0.964770338 0.047526939 0.000689422 0.003692153 33.763799997 -443.523070001 ] Q=1.197302e-08
*** Qmin=1.132368e-08 ***   * 84605 [ 0.868899148 0.043633820 0.000801665 0.004099355 36.105639996 -447.375440001 ] Q=1.132368e-08
Qopt=1.132368e-08  k1=8.688991e-01  k2=4.363382e-02  C01=8.016650e-04  C02=4.099355e-03  H1=3.610564e+01  H2=-4.473754e+02
