*** Qmin=6.518489e-08 ***   *   478 [ 0.812370736 0.070555054 0.000768001 0.002925942 40.795568998 -345.769232452 ] Q=6.518489e-08
 Minimum found at:
 Minimum found at:
 Minimum found at:
*** Qmin=4.874460e-08 ***   *  1576 [ 0.676104704 0.000803593 0.001300947 0.203185007 45.738579233 -588.760262923 ] Q=4.874460e-08
 Minimum found at:
*** Qmin=2.299793e-08 ***   *  1771 [ 0.815776768 0.027992559 0.001059872 0.005918887 30.568032621 -492.852022866 ] Q=2.299793e-08
 Minimum found at:
*** Qmin=2.048665e-08 ***   *  2784 [ 0.671438410 0.052908372 0.001176182 0.003618118 40.098928790 -403.338567713 ] Q=2.048665e-08
 Minimum found at:
 Minimum found at:
 Minimum found at:
*** Qmin=1.777405e-08 ***   *  5103 [ 0.570543306 0.063822983 0.001249546 0.002504956 29.487440003 -418.816560001 ] Q=1.777405e-08
*** Qmin=1.705711e-08 ***   *  5377 [ 0.873215954 0.069685700 0.000726998 0.002150093 21.120160003 -418.708200000 ] Q=1.705711e-08
*** Qmin=1.687736e-08 ***   *  5643 [ 0.651574314 0.049909985 0.001276486 0.003129182 32.801559997 -445.962030001 ] Q=1.687736e-08
*** Qmin=1.479565e-08 ***   *  5804 [ 0.906718010 0.052774746 0.000962121 0.003152259 26.410240005 -418.506960001 ] Q=1.479565e-08
*** Qmin=1.411912e-08 ***   *  7682 [ 0.716392985 0.055620247 0.001024647 0.003229426 39.016639998 -424.643060001 ] Q=1.411912e-08
*** Qmin=1.392486e-08 ***   *  7914 [ 0.974867839 0.056131624 0.000839173 0.002968986 29.345879995 -436.291760000 ] Q=1.392486e-08
*** Qmin=1.348409e-08 ***   *  8773 [ 0.902935307 0.053846044 0.000686498 0.003089994 33.782239998 -449.092860000 ] Q=1.348409e-08
*** Qmin=1.314189e-08 ***   * 13295 [ 0.814040103 0.048693751 0.000956772 0.003737791 42.734879992 -442.940850001 ] Q=1.314189e-08
*** Qmin=1.314118e-08 ***   * 13333 [ 0.847097301 0.055269556 0.000864848 0.003197545 33.898359993 -429.296520002 ] Q=1.314118e-08
*** Qmin=1.311812e-08 ***   * 16420 [ 0.887616750 0.045599900 0.000681974 0.003974332 44.931239998 -449.061040000 ] Q=1.311812e-08
*** Qmin=1.250253e-08 ***   * 17403 [ 0.855546615 0.049991320 0.000882329 0.003476608 36.315119994 -448.736820000 ] Q=1.250253e-08
*** Qmin=1.218160e-08 ***   * 18852 [ 0.928880310 0.047698794 0.000651293 0.003761454 37.724399993 -446.504260000 ] Q=1.218160e-08
*** Qmin=1.197400e-08 ***   * 31347 [ 0.786173811 0.049581742 0.000932985 0.003564555 34.425360006 -438.833059999 ] Q=1.197400e-08
Qopt=1.197400e-08  k1=7.861738e-01  k2=4.958174e-02  C01=9.329849e-04  C02=3.564555e-03  H1=3.442536e+01  H2=-4.388331e+02
