*** Qmin=5.746170e-08 ***   *   524 [ 0.870920460 0.000507767 0.001015097 0.294020299 34.801255345 -592.113171560 ] Q=5.746170e-08
 Minimum found at:
*** Qmin=4.235271e-08 ***   *   834 [ 0.649411027 0.000844781 0.001257843 0.207831701 55.715426947 -585.273212375 ] Q=4.235271e-08
 Minimum found at:
*** Qmin=3.527933e-08 ***   *  2865 [ 0.654669973 0.065212064 0.001229673 0.002891296 36.082544494 -373.957363448 ] Q=3.527933e-08
 Minimum found at:
*** Qmin=2.110289e-08 ***   *  4081 [ 0.796283535 0.068926589 0.001013162 0.002397859 23.153241169 -391.937307048 ] Q=2.110289e-08
 Minimum found at:
 Minimum found at:
 Minimum found at:
*** Qmin=2.107412e-08 ***   *  5000 [ 0.464691873 0.040704401 0.001852251 0.005261586 55.481900765 -418.846423014 ] Q=2.107412e-08
*** Qmin=2.039969e-08 ***   *  5275 [ 0.965255819 0.048526470 0.000851959 0.003183901 26.446559996 -423.436910002 ] Q=2.039969e-08
*** Qmin=1.987591e-08 ***   *  5457 [ 0.670547683 0.056220335 0.001267331 0.002846067 36.956160004 -468.594219996 ] Q=1.987591e-08
*** Qmin=1.713801e-08 ***   *  5897 [ 0.555189536 0.047504633 0.001290536 0.004230106 58.451399991 -438.650310003 ] Q=1.713801e-08
*** Qmin=1.555287e-08 ***   *  5971 [ 0.597158356 0.057742380 0.001232703 0.003167500 42.459879994 -428.405990002 ] Q=1.555287e-08
*** Qmin=1.552084e-08 ***   *  6751 [ 0.897936220 0.064535266 0.000655477 0.002493929 26.147560000 -416.326000001 ] Q=1.552084e-08
*** Qmin=1.407062e-08 ***   *  6783 [ 0.670111818 0.053151898 0.001156822 0.003412020 37.976600004 -422.447910000 ] Q=1.407062e-08
*** Qmin=1.383460e-08 ***   *  7736 [ 0.796095271 0.042407162 0.000973329 0.004027543 35.245519995 -436.279290002 ] Q=1.383460e-08
*** Qmin=1.255848e-08 ***   *  7885 [ 0.780216069 0.047401815 0.001040281 0.003527021 31.601720010 -439.446669999 ] Q=1.255848e-08
*** Qmin=1.241568e-08 ***   * 11445 [ 0.887785415 0.047269491 0.000851604 0.003705899 30.621559998 -437.404600001 ] Q=1.241568e-08
*** Qmin=1.190029e-08 ***   * 16724 [ 0.835354886 0.043676325 0.001024672 0.004125493 36.661439994 -440.660560001 ] Q=1.190029e-08
*** Qmin=1.172615e-08 ***   * 34107 [ 0.870068539 0.047779659 0.000816336 0.003633497 33.154359996 -436.560940002 ] Q=1.172615e-08
Qopt=1.172615e-08  k1=8.700685e-01  k2=4.777966e-02  C01=8.163358e-04  C02=3.633497e-03  H1=3.315436e+01  H2=-4.365609e+02
