 Minimum found at:
*** Qmin=8.442009e-08 ***   *   768 [ 0.619090901 0.062638631 0.001168776 0.003738027 54.570643636 -343.942982742 ] Q=8.442009e-08
*** Qmin=7.547655e-08 ***   *  1745 [ 0.568115427 0.073686229 0.001416577 0.002802140 41.867775498 -338.116504526 ] Q=7.547655e-08
*** Qmin=6.113542e-08 ***   *  2699 [ 0.547597217 0.070376245 0.001492653 0.002884538 40.717130122 -349.675684902 ] Q=6.113542e-08
 Minimum found at:
 Minimum found at:
 Minimum found at:
 Minimum found at:
*** Qmin=3.022595e-08 ***   *  4450 [ 0.956673971 0.063254411 0.000654663 0.002936549 34.126064228 -379.708116350 ] Q=3.022595e-08
 Minimum found at:
 Minimum found at:
 Minimum found at:
*** Qmin=1.867818e-08 ***   *  5032 [ 0.899894404 0.052707267 0.001053301 0.003225847 21.284800000 -407.750080004 ] Q=1.867818e-08
*** Qmin=1.601461e-08 ***   *  5233 [ 0.748846472 0.055991844 0.000960966 0.003125311 30.003199998 -411.491080003 ] Q=1.601461e-08
*** Qmin=1.442759e-08 ***   *  6337 [ 0.829267650 0.055306511 0.000783258 0.002944054 30.549680000 -448.649529999 ] Q=1.442759e-08
*** Qmin=1.388716e-08 ***   *  6989 [ 0.923325966 0.053083376 0.000701542 0.003405623 40.714039992 -435.205580001 ] Q=1.388716e-08
*** Qmin=1.381209e-08 ***   * 11826 [ 0.669227937 0.046234721 0.000983763 0.004072880 49.425839995 -440.817940002 ] Q=1.381209e-08
*** Qmin=1.236009e-08 ***   * 11978 [ 0.864118419 0.049653845 0.000862797 0.003348852 31.241559997 -442.986000001 ] Q=1.236009e-08
*** Qmin=1.159942e-08 ***   * 14140 [ 0.765987460 0.044391383 0.001127834 0.004074669 37.970959994 -443.895880001 ] Q=1.159942e-08
Qopt=1.159942e-08  k1=7.659875e-01  k2=4.439138e-02  C01=1.127834e-03  C02=4.074669e-03  H1=3.797096e+01  H2=-4.438959e+02
