 Minimum found at:
*** Qmin=4.838627e-08 ***   *   312 [ 0.949047689 0.001149414 0.000837229 0.137454693 35.819386496 -574.079704908 ] Q=4.838627e-08
*** Qmin=4.167104e-08 ***   *   339 [ 0.630995441 0.077359958 0.001350707 0.001811408 28.333039466 -474.827055946 ] Q=4.167104e-08
 Minimum found at:
 Minimum found at:
 Minimum found at:
*** Qmin=2.333324e-08 ***   *  1275 [ 0.974942371 0.068637979 0.000701180 0.002444517 25.167671576 -385.447311620 ] Q=2.333324e-08
 Minimum found at:
 Minimum found at:
 Minimum found at:
*** Qmin=1.877145e-08 ***   *  2713 [ 0.547979054 0.034661040 0.001459399 0.006385050 59.414760609 -427.455623177 ] Q=1.877145e-08
 Minimum found at:
 Minimum found at:
*** Qmin=1.245072e-08 ***   *  3421 [ 0.781287775 0.050218907 0.001030138 0.003418491 30.907238607 -431.371650785 ] Q=1.245072e-08
 Minimum found at:
*** Qmin=1.229879e-08 ***   *  3768 [ 0.651124978 0.039347654 0.001221535 0.004999232 46.063492482 -435.199991204 ] Q=1.229879e-08
 Minimum found at:
 Minimum found at:
*** Qmin=1.180827e-08 ***   *  6091 [ 0.820113141 0.046412936 0.000822394 0.003897899 40.505599993 -451.427760000 ] Q=1.180827e-08
*** Qmin=1.157747e-08 ***   * 62492 [ 0.789168526 0.047455561 0.000885066 0.003834468 40.539520002 -440.452010000 ] Q=1.157747e-08
*** Qmin=1.152512e-08 ***   * 75001 [ 0.695325150 0.043427964 0.001141258 0.004084845 38.969319999 -455.169620000 ] Q=1.152512e-08
Qopt=1.152512e-08  k1=6.953252e-01  k2=4.342796e-02  C01=1.141258e-03  C02=4.084845e-03  H1=3.896932e+01  H2=-4.551696e+02
