 Minimum found at:
*** Qmin=4.671456e-08 ***   *   821 [ 0.715115394 0.078093494 0.001134408 0.002262955 28.066048874 -352.417983026 ] Q=4.671456e-08
 Minimum found at:
 Minimum found at:
*** Qmin=1.519169e-08 ***   *  1208 [ 0.632672369 0.039654361 0.001237143 0.005163365 49.805091719 -427.014081366 ] Q=1.519169e-08
 Minimum found at:
*** Qmin=1.446910e-08 ***   *  1542 [ 0.722990716 0.010019896 0.001086590 0.019940597 53.520617777 -505.147784942 ] Q=1.446910e-08
 Minimum found at:
 Minimum found at:
 Minimum found at:
 Minimum found at:
*** Qmin=1.321441e-08 ***   *  3084 [ 0.624525560 0.037849503 0.001272460 0.005354746 49.485546180 -434.134034437 ] Q=1.321441e-08
 Minimum found at:
 Minimum found at:
 Minimum found at:
*** Qmin=1.216915e-08 ***   *  6385 [ 0.600057988 0.044094390 0.001305451 0.004160177 43.470439994 -440.188850002 ] Q=1.216915e-08
*** Qmin=1.180530e-08 ***   * 10804 [ 0.877364103 0.046388072 0.000796779 0.003743417 35.965640003 -450.897569998 ] Q=1.180530e-08
*** Qmin=1.176412e-08 ***   * 36712 [ 0.866256426 0.048700536 0.000801671 0.003597840 37.681280004 -443.595309998 ] Q=1.176412e-08
*** Qmin=1.157667e-08 ***   * 52089 [ 0.852713018 0.048300213 0.000836932 0.003630050 34.708440006 -437.613149999 ] Q=1.157667e-08
Qopt=1.157667e-08  k1=8.527130e-01  k2=4.830021e-02  C01=8.369322e-04  C02=3.630050e-03  H1=3.470844e+01  H2=-4.376131e+02
