 Minimum found at:
*** Qmin=8.824418e-08 ***   *   274 [ 0.506153212 0.061037330 0.001534891 0.003953541 59.384138909 -346.062660781 ] Q=8.824418e-08
*** Qmin=4.221227e-08 ***   *   355 [ 0.708036770 0.061605788 0.001080617 0.003230449 39.271373327 -367.721736533 ] Q=4.221227e-08
*** Qmin=3.148412e-08 ***   *   520 [ 0.881721094 0.010106211 0.001039272 0.016630694 33.259755697 -522.152653484 ] Q=3.148412e-08
 Minimum found at:
*** Qmin=1.716916e-08 ***   *   629 [ 0.849472080 0.025245411 0.000911027 0.006990905 37.416076651 -489.145139006 ] Q=1.716916e-08
 Minimum found at:
 Minimum found at:
 Minimum found at:
 Minimum found at:
 Minimum found at:
 Minimum found at:
*** Qmin=1.231087e-08 ***   *  3734 [ 0.880705772 0.032806346 0.000738320 0.006141034 50.867362216 -452.436060200 ] Q=1.231087e-08
 Minimum found at:
*** Qmin=1.205919e-08 ***   * 45980 [ 0.829542169 0.046613780 0.000878395 0.003912958 35.050799995 -433.018600003 ] Q=1.205919e-08
*** Qmin=1.204848e-08 ***   * 64551 [ 0.931917951 0.050164104 0.000682961 0.003527729 35.663519995 -438.569040001 ] Q=1.204848e-08
*** Qmin=1.203681e-08 ***   * 70449 [ 0.823426054 0.048652692 0.000832019 0.003616656 39.387999997 -450.028109998 ] Q=1.203681e-08
*** Qmin=1.199439e-08 ***   * 72138 [ 0.682737875 0.043654520 0.001164534 0.003986152 39.465119995 -448.309830001 ] Q=1.199439e-08
*** Qmin=1.177993e-08 ***   * 85911 [ 0.879015696 0.046705899 0.000813598 0.003706858 36.110759995 -441.308570001 ] Q=1.177993e-08
Qopt=1.177993e-08  k1=8.790157e-01  k2=4.670590e-02  C01=8.135980e-04  C02=3.706858e-03  H1=3.611076e+01  H2=-4.413086e+02
