 Minimum found at:
*** Qmin=3.235433e-07 ***   *    74 [ 0.678951095 0.139921712 0.000936291 0.001632998 40.767526436 -219.476258596 ] Q=3.235433e-07
 Minimum found at:
*** Qmin=1.610942e-07 ***   *   831 [ 0.703594882 0.090813352 0.000957816 0.002501909 44.552914982 -287.372497196 ] Q=1.610942e-07
*** Qmin=8.148531e-08 ***   *   837 [ 0.938098325 0.081353122 0.000750811 0.002449018 34.844359945 -326.902770026 ] Q=8.148531e-08
 Minimum found at:
*** Qmin=4.549862e-08 ***   *  1136 [ 0.732877746 0.000856300 0.001214747 0.190048611 41.159472033 -576.749957298 ] Q=4.549862e-08
 Minimum found at:
 Minimum found at:
*** Qmin=2.587442e-08 ***   *  1924 [ 0.582199597 0.038541043 0.001320061 0.005854744 59.526075653 -412.644400806 ] Q=2.587442e-08
 Minimum found at:
 Minimum found at:
 Minimum found at:
 Minimum found at:
 Minimum found at:
 Minimum found at:
 Minimum found at:
*** Qmin=2.533323e-08 ***   *  5033 [ 0.674284972 0.050366885 0.001108009 0.003556206 58.739759993 -464.423650001 ] Q=2.533323e-08
*** Qmin=2.443899e-08 ***   *  5060 [ 0.493215608 0.070097760 0.001383433 0.002176341 21.515560003 -400.503290003 ] Q=2.443899e-08
*** Qmin=2.284823e-08 ***   *  5156 [ 0.648266736 0.054161354 0.000812264 0.002831727 27.265080000 -454.468720000 ] Q=2.284823e-08
*** Qmin=1.507891e-08 ***   *  5406 [ 0.676488385 0.048250588 0.000903371 0.003748301 50.139679996 -454.956340001 ] Q=1.507891e-08
*** Qmin=1.160667e-08 ***   *  8822 [ 0.830702152 0.047751387 0.000863156 0.003698730 38.156919997 -446.877499999 ] Q=1.160667e-08
Qopt=1.160667e-08  k1=8.307022e-01  k2=4.775139e-02  C01=8.631563e-04  C02=3.698730e-03  H1=3.815692e+01  H2=-4.468775e+02
