*** Qmin=1.654185e-07 ***   *    26 [ 0.788771491 0.042488661 0.000999584 0.003030728 53.889599601 -619.627405482 ] Q=1.654185e-07
 Minimum found at:
*** Qmin=4.140401e-08 ***   *   562 [ 0.806452385 0.001748450 0.001238569 0.092899998 31.825150617 -545.888384636 ] Q=4.140401e-08
 Minimum found at:
*** Qmin=1.613353e-08 ***   *   724 [ 0.880697829 0.057903013 0.000971589 0.002666538 20.161404896 -431.385849950 ] Q=1.613353e-08
 Minimum found at:
 Minimum found at:
 Minimum found at:
 Minimum found at:
 Minimum found at:
 Minimum found at:
 Minimum found at:
*** Qmin=1.135337e-08 ***   *  2607 [ 0.796815273 0.034113850 0.000956325 0.005340826 39.375050005 -462.486481631 ] Q=1.135337e-08
 Minimum found at:
 Minimum found at:
 Minimum found at:
 Minimum found at:
 Minimum found at:
*** Qmin=1.119955e-08 ***   * 97665 [ 0.778520576 0.044762877 0.000934557 0.003993113 39.265159998 -450.240100000 ] Q=1.119955e-08
Qopt=1.119955e-08  k1=7.785206e-01  k2=4.476288e-02  C01=9.345569e-04  C02=3.993113e-03  H1=3.926516e+01  H2=-4.502401e+02
