*** Qmin=3.284706e-08 ***   *  1089 [ 0.757016626 0.035810863 0.001477453 0.004218654 20.203761444 -489.918134923 ] Q=3.284706e-08
 Minimum found at:
 Minimum found at:
 Minimum found at:
 Minimum found at:
*** Qmin=2.636057e-08 ***   *  4557 [ 0.928178752 0.014112444 0.000834642 0.012243101 36.119713512 -515.214734590 ] Q=2.636057e-08
*** Qmin=2.604226e-08 ***   *  5061 [ 0.391337140 0.061443382 0.001377362 0.002872217 48.362359998 -436.753580001 ] Q=2.604226e-08
*** Qmin=2.512251e-08 ***   *  5094 [ 0.497147570 0.061994900 0.001155591 0.002940315 50.785839995 -422.608300002 ] Q=2.512251e-08
*** Qmin=2.275633e-08 ***   *  5193 [ 0.800741485 0.055189176 0.000864675 0.003746165 45.111320003 -423.929689999 ] Q=2.275633e-08
*** Qmin=2.150791e-08 ***   *  5208 [ 0.569575923 0.055267334 0.001146872 0.002882496 35.827080005 -468.702149997 ] Q=2.150791e-08
*** Qmin=2.051662e-08 ***   *  5349 [ 0.924235627 0.057498536 0.000567781 0.003247344 49.846159997 -440.363430000 ] Q=2.051662e-08
*** Qmin=1.966907e-08 ***   *  5373 [ 0.936830713 0.040307350 0.000664059 0.003933414 34.350399996 -449.746890001 ] Q=1.966907e-08
*** Qmin=1.918683e-08 ***   *  5495 [ 0.971421814 0.061010399 0.000640999 0.002875880 24.772840005 -402.596100000 ] Q=1.918683e-08
*** Qmin=1.525801e-08 ***   *  6030 [ 0.940138043 0.047133787 0.000671520 0.003836441 36.197239996 -417.802190003 ] Q=1.525801e-08
*** Qmin=1.462833e-08 ***   *  6742 [ 0.661467015 0.053992421 0.000961303 0.003391460 44.107280001 -435.925400000 ] Q=1.462833e-08
*** Qmin=1.366932e-08 ***   *  7260 [ 0.587463587 0.043977740 0.001298563 0.004060956 45.778999996 -468.681080000 ] Q=1.366932e-08
*** Qmin=1.291644e-08 ***   *  8770 [ 0.860373292 0.049010935 0.000704542 0.003608925 41.434239996 -441.045410001 ] Q=1.291644e-08
*** Qmin=1.257877e-08 ***   * 11639 [ 0.936806792 0.051066810 0.000632510 0.003334566 34.734959998 -436.010110001 ] Q=1.257877e-08
*** Qmin=1.165880e-08 ***   * 16473 [ 0.826411980 0.044244939 0.000861945 0.003892880 35.111519997 -449.175420001 ] Q=1.165880e-08
*** Qmin=1.153355e-08 ***   * 99326 [ 0.920178293 0.044220215 0.000747358 0.003997634 33.955199996 -440.378050002 ] Q=1.153355e-08
Qopt=1.153355e-08  k1=9.201783e-01  k2=4.422022e-02  C01=7.473577e-04  C02=3.997634e-03  H1=3.395520e+01  H2=-4.403781e+02
