 Minimum found at:
*** Qmin=2.863173e-08 ***   *   402 [ 0.619964487 0.001228295 0.001376115 0.151952993 55.733845763 -556.505669188 ] Q=2.863173e-08
 Minimum found at:
*** Qmin=2.766216e-08 ***   *   822 [ 1.027070074 0.038688051 0.000772741 0.003949410 22.832419599 -486.895403431 ] Q=2.766216e-08
*** Qmin=2.655930e-08 ***   *  1092 [ 0.642735833 0.002160751 0.001503786 0.083934962 45.926849938 -535.742754928 ] Q=2.655930e-08
 Minimum found at:
 Minimum found at:
*** Qmin=1.463515e-08 ***   *  1245 [ 0.732246212 0.023303826 0.001115150 0.007885331 42.445985177 -488.235713384 ] Q=1.463515e-08
 Minimum found at:
 Minimum found at:
 Minimum found at:
 Minimum found at:
 Minimum found at:
 Minimum found at:
 Minimum found at:
*** Qmin=1.430767e-08 ***   *  5830 [ 0.834728892 0.049921422 0.000749084 0.003738555 46.000999998 -435.651920001 ] Q=1.430767e-08
*** Qmin=1.388344e-08 ***   *  5904 [ 0.640186414 0.042461421 0.001356527 0.003940106 31.420079999 -449.816550001 ] Q=1.388344e-08
*** Qmin=1.340555e-08 ***   *  6232 [ 0.677426591 0.054628120 0.001203210 0.003201215 39.112359994 -444.023160001 ] Q=1.340555e-08
*** Qmin=1.286944e-08 ***   *  9907 [ 0.668310001 0.046209081 0.001252400 0.003693467 34.223320008 -454.112249997 ] Q=1.286944e-08
*** Qmin=1.262649e-08 ***   * 13885 [ 0.632176614 0.050040474 0.001287893 0.003506406 35.424080006 -432.784679999 ] Q=1.262649e-08
*** Qmin=1.195414e-08 ***   * 17400 [ 0.625627018 0.044529125 0.001290400 0.003933179 38.713839996 -446.051470001 ] Q=1.195414e-08
*** Qmin=1.168809e-08 ***   * 82613 [ 0.865130050 0.045770336 0.000834418 0.004011824 39.403159995 -438.384140001 ] Q=1.168809e-08
Qopt=1.168809e-08  k1=8.651300e-01  k2=4.577034e-02  C01=8.344185e-04  C02=4.011824e-03  H1=3.940316e+01  H2=-4.383841e+02
