 Minimum found at:
*** Qmin=4.729219e-08 ***   *   334 [ 0.823114490 0.001184546 0.001146213 0.133095401 31.900395486 -562.448763288 ] Q=4.729219e-08
 Minimum found at:
 Minimum found at:
*** Qmin=3.338974e-08 ***   *  5000 [ 0.702559258 0.027092696 0.001497881 0.005782718 25.060353615 -503.813598620 ] Q=3.338974e-08
*** Qmin=2.687879e-08 ***   *  5016 [ 0.480381961 0.055804613 0.001367453 0.002919649 42.131359996 -423.247710002 ] Q=2.687879e-08
*** Qmin=1.995591e-08 ***   *  5039 [ 0.726345998 0.051942059 0.000670699 0.003593527 37.744320001 -423.534950000 ] Q=1.995591e-08
*** Qmin=1.875623e-08 ***   *  5054 [ 0.626763265 0.038717780 0.001183023 0.004173392 39.020959997 -473.366790000 ] Q=1.875623e-08
*** Qmin=1.758757e-08 ***   *  5250 [ 0.685282230 0.050789979 0.000798518 0.003439105 47.675759997 -449.169400001 ] Q=1.758757e-08
*** Qmin=1.661437e-08 ***   *  5262 [ 0.823225868 0.054328298 0.000810553 0.003436913 40.355080000 -414.763810001 ] Q=1.661437e-08
*** Qmin=1.489985e-08 ***   *  5421 [ 0.921713611 0.043508295 0.000774522 0.003777189 31.405079998 -464.768939999 ] Q=1.489985e-08
*** Qmin=1.454736e-08 ***   *  6299 [ 0.769385285 0.051218568 0.001015861 0.003403136 43.148639993 -446.330540001 ] Q=1.454736e-08
*** Qmin=1.416738e-08 ***   *  6305 [ 0.814908194 0.051007968 0.000933738 0.003171230 34.825039996 -449.527590001 ] Q=1.416738e-08
*** Qmin=1.286243e-08 ***   *  8070 [ 0.830405243 0.045086719 0.000877650 0.004161459 39.660279992 -427.503850003 ] Q=1.286243e-08
*** Qmin=1.231440e-08 ***   * 21480 [ 0.801400589 0.049077133 0.000915853 0.003467017 34.354319997 -450.109810000 ] Q=1.231440e-08
*** Qmin=1.231287e-08 ***   * 21489 [ 0.838166469 0.050319207 0.000798951 0.003626115 38.554519993 -435.083460002 ] Q=1.231287e-08
*** Qmin=1.203629e-08 ***   * 26326 [ 0.729456346 0.048166524 0.000930688 0.003792218 42.512680001 -440.925870000 ] Q=1.203629e-08
*** Qmin=1.157564e-08 ***   * 33031 [ 0.752965343 0.044263745 0.001154644 0.004051969 35.956799996 -442.731010000 ] Q=1.157564e-08
*** Qmin=1.139741e-08 ***   * 43510 [ 0.784175913 0.045837295 0.000884371 0.003837661 37.265400000 -445.351860000 ] Q=1.139741e-08
Qopt=1.139741e-08  k1=7.841759e-01  k2=4.583729e-02  C01=8.843706e-04  C02=3.837661e-03  H1=3.726540e+01  H2=-4.453519e+02
