 Minimum found at:
*** Qmin=2.423385e-07 ***   *   443 [ 0.694973928 0.116397113 0.000951105 0.001933751 40.649254771 -247.931981865 ] Q=2.423385e-07
 Minimum found at:
 Minimum found at:
*** Qmin=8.900822e-08 ***   *   926 [ 0.893914850 0.000452228 0.001184839 0.277831534 20.806554109 -626.313643806 ] Q=8.900822e-08
 Minimum found at:
 Minimum found at:
*** Qmin=3.978944e-08 ***   *  2801 [ 0.823572292 0.062373115 0.000815279 0.003167302 39.573823117 -371.076422946 ] Q=3.978944e-08
 Minimum found at:
*** Qmin=3.726651e-08 ***   *  5026 [ 0.361609231 0.088529431 0.001143477 0.001686025 23.254399994 -394.512960003 ] Q=3.726651e-08
*** Qmin=3.719642e-08 ***   *  5051 [ 0.551059052 0.069853591 0.000679100 0.001965575 27.423879998 -450.818880000 ] Q=3.719642e-08
*** Qmin=2.319709e-08 ***   *  5090 [ 0.809921446 0.056000685 0.001022159 0.003442449 32.681000005 -428.999819999 ] Q=2.319709e-08
*** Qmin=2.097087e-08 ***   *  5100 [ 0.860817964 0.048519524 0.000884297 0.003834678 52.143479993 -453.967770000 ] Q=2.097087e-08
*** Qmin=2.017071e-08 ***   *  5155 [ 0.840560002 0.048660918 0.000659555 0.003459220 33.284519997 -415.226490002 ] Q=2.017071e-08
*** Qmin=1.829845e-08 ***   *  5503 [ 0.865112089 0.047836750 0.000733394 0.003598576 47.492319993 -468.202490000 ] Q=1.829845e-08
*** Qmin=1.412973e-08 ***   *  5602 [ 0.635164789 0.049194659 0.001003576 0.003674454 42.988880003 -452.705289999 ] Q=1.412973e-08
*** Qmin=1.399598e-08 ***   *  6207 [ 0.819826921 0.049179498 0.000741817 0.003402475 34.715759997 -435.162580001 ] Q=1.399598e-08
*** Qmin=1.305188e-08 ***   *  6242 [ 0.606190100 0.045442212 0.001186006 0.004025042 47.174439994 -445.041830002 ] Q=1.305188e-08
*** Qmin=1.159239e-08 ***   *  9916 [ 0.690111311 0.047888821 0.001103158 0.003748839 39.335560000 -441.520990001 ] Q=1.159239e-08
Qopt=1.159239e-08  k1=6.901113e-01  k2=4.788882e-02  C01=1.103158e-03  C02=3.748839e-03  H1=3.933556e+01  H2=-4.415210e+02
