 Minimum found at:
*** Qmin=2.060812e-07 ***   *   279 [ 0.584174415 0.103986198 0.001247424 0.002203740 44.560109118 -266.621899179 ] Q=2.060812e-07
 Minimum found at:
*** Qmin=5.078445e-08 ***   *   669 [ 0.835080256 0.000667239 0.001086491 0.232488220 33.463483441 -575.141579887 ] Q=5.078445e-08
*** Qmin=2.958791e-08 ***   *  1506 [ 0.913821428 0.014087080 0.000884533 0.011974526 33.962903439 -519.353934330 ] Q=2.958791e-08
 Minimum found at:
 Minimum found at:
*** Qmin=2.131984e-08 ***   *  2528 [ 0.672116742 0.002782175 0.001293296 0.068662547 50.153166759 -527.638897600 ] Q=2.131984e-08
 Minimum found at:
 Minimum found at:
*** Qmin=1.314509e-08 ***   *  3199 [ 0.611196683 0.015187481 0.001399021 0.013008247 52.231223798 -496.655247227 ] Q=1.314509e-08
 Minimum found at:
 Minimum found at:
*** Qmin=1.274891e-08 ***   *  5167 [ 0.854775394 0.050252562 0.000784997 0.003358081 32.622479996 -431.647760002 ] Q=1.274891e-08
*** Qmin=1.259606e-08 ***   * 12014 [ 0.868543107 0.053004160 0.000797122 0.003273494 32.390040005 -427.270789999 ] Q=1.259606e-08
*** Qmin=1.227887e-08 ***   * 15197 [ 0.778721478 0.045748446 0.001058787 0.003817044 32.661120008 -432.627300000 ] Q=1.227887e-08
*** Qmin=1.212316e-08 ***   * 45869 [ 0.726861021 0.045882177 0.001099425 0.003817281 40.623639994 -454.855720001 ] Q=1.212316e-08
*** Qmin=1.207373e-08 ***   * 49177 [ 0.685317656 0.044190985 0.001308628 0.003945544 35.653559995 -440.596920002 ] Q=1.207373e-08
*** Qmin=1.184903e-08 ***   * 63503 [ 0.793674431 0.047725613 0.000990701 0.003721630 39.228279994 -445.790890001 ] Q=1.184903e-08
*** Qmin=1.144464e-08 ***   * 79315 [ 0.777971217 0.046279544 0.000997750 0.003854431 37.678879994 -438.544960002 ] Q=1.144464e-08
Qopt=1.144464e-08  k1=7.779712e-01  k2=4.627954e-02  C01=9.977502e-04  C02=3.854431e-03  H1=3.767888e+01  H2=-4.385450e+02
