 Minimum found at:
*** Qmin=8.041749e-08 ***   *    43 [ 0.627351468 0.062672560 0.001153356 0.003685704 53.308871529 -345.697386950 ] Q=8.041749e-08
 Minimum found at:
*** Qmin=7.527746e-08 ***   *  2129 [ 0.595038116 0.000559755 0.001368762 0.281393176 57.158131367 -638.068135035 ] Q=7.527746e-08
 Minimum found at:
*** Qmin=5.031680e-08 ***   *  2640 [ 0.599609623 0.000642431 0.001362450 0.269898717 59.405159705 -601.458205150 ] Q=5.031680e-08
*** Qmin=2.165503e-08 ***   *  3135 [ 0.714943109 0.041775895 0.001297494 0.003819548 24.614529093 -471.417441610 ] Q=2.165503e-08
*** Qmin=2.091162e-08 ***   *  3369 [ 0.856578544 0.037949778 0.000964112 0.004277613 25.886904862 -474.875652771 ] Q=2.091162e-08
 Minimum found at:
 Minimum found at:
 Minimum found at:
 Minimum found at:
*** Qmin=1.911456e-08 ***   *  5091 [ 0.850317846 0.059437546 0.000679779 0.003153619 42.406079989 -414.169550004 ] Q=1.911456e-08
*** Qmin=1.630141e-08 ***   *  5139 [ 0.936358389 0.044971065 0.000747714 0.003919466 42.907039995 -470.147809998 ] Q=1.630141e-08
*** Qmin=1.525220e-08 ***   *  5590 [ 0.914459923 0.043695227 0.000839868 0.003856900 24.461920007 -434.648300001 ] Q=1.525220e-08
*** Qmin=1.476763e-08 ***   *  6391 [ 0.795632120 0.045693297 0.000835909 0.003606609 27.880920001 -442.758100001 ] Q=1.476763e-08
*** Qmin=1.214803e-08 ***   *  6875 [ 0.815734704 0.045683828 0.000848074 0.003917963 34.515400003 -431.976280001 ] Q=1.214803e-08
*** Qmin=1.192490e-08 ***   * 10670 [ 0.890140108 0.049996793 0.000713724 0.003482999 34.879920003 -440.784399999 ] Q=1.192490e-08
*** Qmin=1.158539e-08 ***   * 24608 [ 0.699640703 0.045188408 0.001060492 0.003931869 39.131999997 -452.051690001 ] Q=1.158539e-08
Qopt=1.158539e-08  k1=6.996407e-01  k2=4.518841e-02  C01=1.060492e-03  C02=3.931869e-03  H1=3.913200e+01  H2=-4.520517e+02
