*** Qmin=4.807162e-08 ***   *    27 [ 0.554651133 0.036281952 0.002338725 0.004394150 43.661043398 -529.241397313 ] Q=4.807162e-08
 Minimum found at:
*** Qmin=1.602837e-08 ***   *   161 [ 0.689742952 0.011717720 0.001197793 0.016497748 50.031313812 -507.227922750 ] Q=1.602837e-08
 Minimum found at:
 Minimum found at:
 Minimum found at:
*** Qmin=1.391757e-08 ***   *  1257 [ 0.847846971 0.045418025 0.000810731 0.004188467 40.594582545 -423.627859851 ] Q=1.391757e-08
 Minimum found at:
 Minimum found at:
 Minimum found at:
 Minimum found at:
 Minimum found at:
 Minimum found at:
*** Qmin=1.265772e-08 ***   *  6720 [ 0.811315340 0.053007187 0.000905450 0.003253245 31.336599998 -435.024980000 ] Q=1.265772e-08
*** Qmin=1.265471e-08 ***   *  8875 [ 0.668480078 0.044468911 0.001295390 0.004045535 33.384320004 -433.913860003 ] Q=1.265471e-08
*** Qmin=1.255957e-08 ***   * 34153 [ 0.784731448 0.042256041 0.001031951 0.004176718 31.258840000 -437.675070002 ] Q=1.255957e-08
*** Qmin=1.202274e-08 ***   * 34222 [ 0.697234940 0.049061219 0.001166009 0.003514285 34.221760003 -441.976789999 ] Q=1.202274e-08
*** Qmin=1.177533e-08 ***   * 81052 [ 0.792893581 0.048834742 0.000897441 0.003580867 34.748560006 -442.000869998 ] Q=1.177533e-08
*** Qmin=1.173260e-08 ***   * 99347 [ 0.724664337 0.045547938 0.000926599 0.004001398 42.241279995 -450.914769998 ] Q=1.173260e-08
Qopt=1.173260e-08  k1=7.246643e-01  k2=4.554794e-02  C01=9.265989e-04  C02=4.001398e-03  H1=4.224128e+01  H2=-4.509148e+02
