*** Qmin=6.517026e-08 ***   *   274 [ 0.840168535 0.000793146 0.000996210 0.188009781 40.758888491 -613.281261817 ] Q=6.517026e-08
*** Qmin=6.390822e-08 ***   *   612 [ 0.773592162 0.000557892 0.001290622 0.260561507 34.724091857 -603.735840793 ] Q=6.390822e-08
 Minimum found at:
*** Qmin=3.748295e-08 ***   *   904 [ 0.693265058 0.060774584 0.001079370 0.003269443 41.172035347 -375.497037798 ] Q=3.748295e-08
 Minimum found at:
 Minimum found at:
 Minimum found at:
*** Qmin=2.366465e-08 ***   *  1889 [ 0.610008102 0.001780467 0.001439477 0.107141611 54.309074394 -541.387396476 ] Q=2.366465e-08
 Minimum found at:
 Minimum found at:
 Minimum found at:
 Minimum found at:
 Minimum found at:
*** Qmin=1.719499e-08 ***   *  5029 [ 0.695421019 0.047741645 0.001019828 0.004077359 45.574799994 -417.275870004 ] Q=1.719499e-08
*** Qmin=1.699186e-08 ***   *  5127 [ 0.840777108 0.056261387 0.000780545 0.003271399 36.276360003 -409.775380001 ] Q=1.699186e-08
*** Qmin=1.572145e-08 ***   *  5411 [ 0.922997502 0.066159820 0.000625208 0.002434558 32.151320003 -430.534919999 ] Q=1.572145e-08
*** Qmin=1.232909e-08 ***   *  6326 [ 0.756133383 0.049327567 0.001033242 0.003637110 34.861520006 -429.557959999 ] Q=1.232909e-08
*** Qmin=1.225637e-08 ***   *  9218 [ 0.626482661 0.043781582 0.001155056 0.004039268 40.490599997 -450.491650001 ] Q=1.225637e-08
*** Qmin=1.178971e-08 ***   * 39677 [ 0.947146341 0.048110469 0.000698716 0.003661397 35.526240004 -441.970769999 ] Q=1.178971e-08
Qopt=1.178971e-08  k1=9.471463e-01  k2=4.811047e-02  C01=6.987164e-04  C02=3.661397e-03  H1=3.552624e+01  H2=-4.419708e+02
