[1] "2-NO2C6H4N2+_TfO-_80_Nitrogen_8-22-16"
[2] "0.0033424"                            
[3] "22.0"                                 
[4] "-386.0"                               
[5] "0.0055"                               
[6] "0.00055"                              
[7] "0.001243"                             
[8] "0.0001243"                            
[9] "Deconvolution-Kinetic-Concurent.R0"   
[1] "Nelder-Mead Opt 30000"
[1] "Result: "
[1]  3.269166e-01  8.809153e-02  5.770689e-01  9.305476e-04 -9.660952e+01
[6] -3.758752e+02
[1] " N: 1"
[1] "Quality: 11720 0.000000"
[1] 2.296036e-08
[1] "SANN Opt 50000"
[1] "Result: "
[1] -1.448034e+00 -9.250602e-04  1.186809e+00 -8.084995e-02  2.417630e+01
[6] -5.031248e+02
[1] " N: 1"
[1] "Quality: 11720 0.000000"
[1] 9.013511e-08
null device 
          1 
