[1] "2-NO2C6H4N2+_TfO-_85_Nitrogen_7-1-16"
[2] "0.0033424"                           
[3] "22.0"                                
[4] "-396.0"                              
[5] "0.0076"                              
[6] "0.00076"                             
[7] "0.001461"                            
[8] "0.0001461"                           
[9] "Deconvolution-Kinetic-Concurent.R0"  
[1] "Nelder-Mead Opt 30000"
[1] "Result: "
[1]    0.01415006    0.01415858  119.15375468    0.01122810  104.14378789
[6] -460.21414281
[1] " N: 1"
[1] "Quality: 11971 0.000000"
[1] 8.525482e-08
[1] "SANN Opt 50000"
[1] "Result: "
[1]   -1.83835909    0.01715626    0.41154546    0.01101252   25.43657816
[6] -248.67780271
[1] " N: 1"
[1] "Quality: 11971 0.000000"
[1] 3.107424e-07
null device 
          1 
