[1] "2-NO2C6H4N2+_TfO-_75_Nitrogen_12-20-16"
[2] "0.0033424"                             
[3] "22.0"                                  
[4] "-414.0"                                
[5] "0.0026"                                
[6] "0.00026"                               
[7] "0.001128"                              
[8] "0.0001128"                             
[9] "Deconvolution-Kinetic-Concurent.R0"    
[1] "Nelder-Mead Opt 30000"
[1] "Result: "
[1]  5.127006e-01  4.791654e-02  1.353114e-03  3.115688e-03  4.987779e+01
[6] -4.927423e+02
[1] " N: 1"
[1] "Quality: 11939 0.000000"
[1] 7.635668e-10
[1] "SANN Opt 50000"
[1] "Result: "
[1]  1.028407e+00 -7.625291e-06  1.483153e+00 -2.461589e+01  1.569448e+01
[6] -4.421744e+02
[1] " N: 1"
[1] "Quality: 11939 0.000000"
[1] 1.914448e-08
null device 
          1 
