[1] "4-CH3OC6H4N2+_TfO-_85_Nitrogen_1-12-16"
[2] "0.0035185"                             
[3] "29.1"                                  
[4] "-106.0"                                
[5] "0.1280"                                
[6] "0.01280"                               
[7] "0.000238"                              
[8] "0.0000238"                             
[9] "Deconvolution-Kinetic-Concurent.R0"    
[1] "Nelder-Mead Opt 30000"
[1] "Result: "
[1]  1.655319e-01  4.406386e-01  3.662907e-02  5.621479e-04  2.730354e+01
[6] -1.380430e+02
[1] " N: 1"
[1] "Quality: 11835 0.000000"
[1] 2.385668e-07
[1] "SANN Opt 50000"
[1] "Result: "
[1]  -0.10639703  -0.02464896   0.01311973  21.74793160  27.89812691
[6] -75.41332622
[1] " N: 1"
[1] "Quality: 11835 0.000000"
[1] 4.839955e-07
null device 
          1 
