[1] "4-CH3OC6H4N2+_TfO-_75_Nitrogen_12-25-15"
[2] "0.0035185"                              
[3] "29.1"                                   
[4] "-183.1"                                 
[5] "0.0210"                                 
[6] "0.00210"                                
[7] "0.000109"                               
[8] "0.0000109"                              
[9] "Deconvolution-Kinetic-Concurent.R0"     
[1] "Nelder-Mead Opt 30000"
[1] "Result: "
[1] -1.088921e+01  3.021226e-02  4.065868e-02  4.249908e-03  1.530300e+02
[6] -4.324846e+02
[1] " N: 1"
[1] "Quality: 7475 0.000000"
[1] 1.522676e-08
[1] "SANN Opt 50000"
[1] "Result: "
[1]  4.971907e-01  4.534393e-02  1.421179e+00  1.951778e-03  2.290158e+01
[6] -1.605493e+02
[1] " N: 1"
[1] "Quality: 7475 0.000000"
[1] 3.560655e-07
null device 
          1 
