[1] "4-CH3OC6H4N2+_TfO-_80_Nitrogen_2-15-16"
[2] "0.0035185"                             
[3] "29.1"                                  
[4] "-183.2"                                
[5] "0.0440"                                
[6] "0.00440"                               
[7] "0.000113"                              
[8] "0.0000113"                             
[9] "Deconvolution-Kinetic-Concurent.R0"    
[1] "Nelder-Mead Opt 30000"
[1] "Result: "
[1]  1.790024e-02  3.773240e-01  9.204262e+00  1.660092e-04  9.185859e+01
[6] -2.079860e+02
[1] " N: 1"
[1] "Quality: 11898 0.000000"
[1] 7.714696e-08
[1] "SANN Opt 50000"
[1] "Result: "
[1]  -0.09726800  -6.66042784   0.01740068  -0.24122855  18.82376001
[6] -96.19830008
[1] " N: 1"
[1] "Quality: 11898 0.000001"
[1] 8.011498e-07
null device 
          1 
